[0.020s] Invoking command in '/home/rohan/eysip_2024/dead_reckoning_ws/build/custom_msgs': CMAKE_PREFIX_PATH=${CMAKE_PREFIX_PATH}:/home/rohan/eysip_2024/dead_reckoning_ws/install/navigation:/home/rohan/eysip_2024/dead_reckoning_ws/install/imu_pose_estimation:/opt/ros/jazzy DEBUGINFOD_URLS=https://debuginfod.ubuntu.com /usr/bin/cmake --build /home/rohan/eysip_2024/dead_reckoning_ws/build/custom_msgs -- -j12 -l12
[0.347s] [  2%] Built target custom_msgs__rosidl_generator_type_description
[0.347s] [  2%] Built target ament_cmake_python_copy_custom_msgs
[0.347s] [  5%] Built target custom_msgs__cpp
[0.347s] [ 20%] Built target custom_msgs__rosidl_generator_c
[0.347s] [ 29%] Built target custom_msgs__rosidl_typesupport_introspection_c
[0.347s] [ 38%] Built target custom_msgs__rosidl_typesupport_c
[0.347s] [ 47%] Built target custom_msgs__rosidl_typesupport_cpp
[0.348s] [ 55%] Built target custom_msgs__rosidl_typesupport_fastrtps_cpp
[0.348s] [ 64%] Built target custom_msgs__rosidl_typesupport_fastrtps_c
[0.348s] [ 73%] Built target custom_msgs__rosidl_typesupport_introspection_cpp
[0.348s] [ 73%] Built target custom_msgs
[0.348s] [ 76%] Built target custom_msgs__py
[0.348s] [ 82%] Built target custom_msgs__rosidl_generator_py
[0.348s] [100%] Built target custom_msgs_s__rosidl_typesupport_introspection_c
[0.348s] [100%] Built target custom_msgs_s__rosidl_typesupport_c
[0.348s] [100%] Built target custom_msgs_s__rosidl_typesupport_fastrtps_c
[0.412s] running egg_info
[0.432s] writing custom_msgs.egg-info/PKG-INFO
[0.433s] writing dependency_links to custom_msgs.egg-info/dependency_links.txt
[0.433s] writing top-level names to custom_msgs.egg-info/top_level.txt
[0.529s] reading manifest file 'custom_msgs.egg-info/SOURCES.txt'
[0.530s] writing manifest file 'custom_msgs.egg-info/SOURCES.txt'
[0.596s] [100%] Built target ament_cmake_python_build_custom_msgs_egg
[0.635s] Invoked command in '/home/rohan/eysip_2024/dead_reckoning_ws/build/custom_msgs' returned '0': CMAKE_PREFIX_PATH=${CMAKE_PREFIX_PATH}:/home/rohan/eysip_2024/dead_reckoning_ws/install/navigation:/home/rohan/eysip_2024/dead_reckoning_ws/install/imu_pose_estimation:/opt/ros/jazzy DEBUGINFOD_URLS=https://debuginfod.ubuntu.com /usr/bin/cmake --build /home/rohan/eysip_2024/dead_reckoning_ws/build/custom_msgs -- -j12 -l12
[0.695s] Invoking command in '/home/rohan/eysip_2024/dead_reckoning_ws/build/custom_msgs': CMAKE_PREFIX_PATH=${CMAKE_PREFIX_PATH}:/home/rohan/eysip_2024/dead_reckoning_ws/install/navigation:/home/rohan/eysip_2024/dead_reckoning_ws/install/imu_pose_estimation:/opt/ros/jazzy DEBUGINFOD_URLS=https://debuginfod.ubuntu.com /usr/bin/cmake --install /home/rohan/eysip_2024/dead_reckoning_ws/build/custom_msgs
[0.706s] -- Install configuration: ""
[0.706s] -- Up-to-date: /home/rohan/eysip_2024/dead_reckoning_ws/install/custom_msgs/share/ament_index/resource_index/rosidl_interfaces/custom_msgs
[0.707s] -- Up-to-date: /home/rohan/eysip_2024/dead_reckoning_ws/install/custom_msgs/share/custom_msgs/msg/Goal.json
[0.707s] -- Up-to-date: /home/rohan/eysip_2024/dead_reckoning_ws/install/custom_msgs/include/custom_msgs/custom_msgs
[0.708s] -- Up-to-date: /home/rohan/eysip_2024/dead_reckoning_ws/install/custom_msgs/include/custom_msgs/custom_msgs/msg
[0.708s] -- Up-to-date: /home/rohan/eysip_2024/dead_reckoning_ws/install/custom_msgs/include/custom_msgs/custom_msgs/msg/detail
[0.708s] -- Up-to-date: /home/rohan/eysip_2024/dead_reckoning_ws/install/custom_msgs/include/custom_msgs/custom_msgs/msg/detail/goal__description.c
[0.709s] -- Up-to-date: /home/rohan/eysip_2024/dead_reckoning_ws/install/custom_msgs/include/custom_msgs/custom_msgs/msg/detail/goal__functions.h
[0.709s] -- Up-to-date: /home/rohan/eysip_2024/dead_reckoning_ws/install/custom_msgs/include/custom_msgs/custom_msgs/msg/detail/goal__struct.h
[0.710s] -- Up-to-date: /home/rohan/eysip_2024/dead_reckoning_ws/install/custom_msgs/include/custom_msgs/custom_msgs/msg/detail/goal__functions.c
[0.710s] -- Up-to-date: /home/rohan/eysip_2024/dead_reckoning_ws/install/custom_msgs/include/custom_msgs/custom_msgs/msg/detail/goal__type_support.c
[0.711s] -- Up-to-date: /home/rohan/eysip_2024/dead_reckoning_ws/install/custom_msgs/include/custom_msgs/custom_msgs/msg/detail/goal__type_support.h
[0.711s] -- Up-to-date: /home/rohan/eysip_2024/dead_reckoning_ws/install/custom_msgs/include/custom_msgs/custom_msgs/msg/rosidl_generator_c__visibility_control.h
[0.712s] -- Up-to-date: /home/rohan/eysip_2024/dead_reckoning_ws/install/custom_msgs/include/custom_msgs/custom_msgs/msg/goal.h
[0.712s] -- Up-to-date: /home/rohan/eysip_2024/dead_reckoning_ws/install/custom_msgs/share/custom_msgs/environment/library_path.sh
[0.713s] -- Up-to-date: /home/rohan/eysip_2024/dead_reckoning_ws/install/custom_msgs/share/custom_msgs/environment/library_path.dsv
[0.713s] -- Up-to-date: /home/rohan/eysip_2024/dead_reckoning_ws/install/custom_msgs/lib/libcustom_msgs__rosidl_generator_c.so
[0.714s] -- Up-to-date: /home/rohan/eysip_2024/dead_reckoning_ws/install/custom_msgs/include/custom_msgs/custom_msgs
[0.714s] -- Up-to-date: /home/rohan/eysip_2024/dead_reckoning_ws/install/custom_msgs/include/custom_msgs/custom_msgs/msg
[0.714s] -- Up-to-date: /home/rohan/eysip_2024/dead_reckoning_ws/install/custom_msgs/include/custom_msgs/custom_msgs/msg/rosidl_typesupport_fastrtps_c__visibility_control.h
[0.715s] -- Up-to-date: /home/rohan/eysip_2024/dead_reckoning_ws/install/custom_msgs/include/custom_msgs/custom_msgs/msg/detail
[0.715s] -- Up-to-date: /home/rohan/eysip_2024/dead_reckoning_ws/install/custom_msgs/include/custom_msgs/custom_msgs/msg/detail/goal__rosidl_typesupport_fastrtps_c.h
[0.715s] -- Up-to-date: /home/rohan/eysip_2024/dead_reckoning_ws/install/custom_msgs/lib/libcustom_msgs__rosidl_typesupport_fastrtps_c.so
[0.716s] -- Up-to-date: /home/rohan/eysip_2024/dead_reckoning_ws/install/custom_msgs/include/custom_msgs/custom_msgs
[0.716s] -- Up-to-date: /home/rohan/eysip_2024/dead_reckoning_ws/install/custom_msgs/include/custom_msgs/custom_msgs/msg
[0.716s] -- Up-to-date: /home/rohan/eysip_2024/dead_reckoning_ws/install/custom_msgs/include/custom_msgs/custom_msgs/msg/rosidl_typesupport_introspection_c__visibility_control.h
[0.717s] -- Up-to-date: /home/rohan/eysip_2024/dead_reckoning_ws/install/custom_msgs/include/custom_msgs/custom_msgs/msg/detail
[0.717s] -- Up-to-date: /home/rohan/eysip_2024/dead_reckoning_ws/install/custom_msgs/include/custom_msgs/custom_msgs/msg/detail/goal__rosidl_typesupport_introspection_c.h
[0.717s] -- Up-to-date: /home/rohan/eysip_2024/dead_reckoning_ws/install/custom_msgs/include/custom_msgs/custom_msgs/msg/detail/goal__type_support.c
[0.717s] -- Up-to-date: /home/rohan/eysip_2024/dead_reckoning_ws/install/custom_msgs/lib/libcustom_msgs__rosidl_typesupport_introspection_c.so
[0.718s] -- Up-to-date: /home/rohan/eysip_2024/dead_reckoning_ws/install/custom_msgs/lib/libcustom_msgs__rosidl_typesupport_c.so
[0.718s] -- Up-to-date: /home/rohan/eysip_2024/dead_reckoning_ws/install/custom_msgs/include/custom_msgs/custom_msgs
[0.718s] -- Up-to-date: /home/rohan/eysip_2024/dead_reckoning_ws/install/custom_msgs/include/custom_msgs/custom_msgs/msg
[0.719s] -- Up-to-date: /home/rohan/eysip_2024/dead_reckoning_ws/install/custom_msgs/include/custom_msgs/custom_msgs/msg/goal.hpp
[0.719s] -- Up-to-date: /home/rohan/eysip_2024/dead_reckoning_ws/install/custom_msgs/include/custom_msgs/custom_msgs/msg/rosidl_generator_cpp__visibility_control.hpp
[0.719s] -- Up-to-date: /home/rohan/eysip_2024/dead_reckoning_ws/install/custom_msgs/include/custom_msgs/custom_msgs/msg/detail
[0.719s] -- Up-to-date: /home/rohan/eysip_2024/dead_reckoning_ws/install/custom_msgs/include/custom_msgs/custom_msgs/msg/detail/goal__struct.hpp
[0.719s] -- Up-to-date: /home/rohan/eysip_2024/dead_reckoning_ws/install/custom_msgs/include/custom_msgs/custom_msgs/msg/detail/goal__traits.hpp
[0.720s] -- Up-to-date: /home/rohan/eysip_2024/dead_reckoning_ws/install/custom_msgs/include/custom_msgs/custom_msgs/msg/detail/goal__type_support.hpp
[0.720s] -- Up-to-date: /home/rohan/eysip_2024/dead_reckoning_ws/install/custom_msgs/include/custom_msgs/custom_msgs/msg/detail/goal__builder.hpp
[0.720s] -- Up-to-date: /home/rohan/eysip_2024/dead_reckoning_ws/install/custom_msgs/include/custom_msgs/custom_msgs
[0.721s] -- Up-to-date: /home/rohan/eysip_2024/dead_reckoning_ws/install/custom_msgs/include/custom_msgs/custom_msgs/msg
[0.721s] -- Up-to-date: /home/rohan/eysip_2024/dead_reckoning_ws/install/custom_msgs/include/custom_msgs/custom_msgs/msg/detail
[0.721s] -- Up-to-date: /home/rohan/eysip_2024/dead_reckoning_ws/install/custom_msgs/include/custom_msgs/custom_msgs/msg/detail/dds_fastrtps
[0.721s] -- Up-to-date: /home/rohan/eysip_2024/dead_reckoning_ws/install/custom_msgs/include/custom_msgs/custom_msgs/msg/detail/goal__rosidl_typesupport_fastrtps_cpp.hpp
[0.722s] -- Up-to-date: /home/rohan/eysip_2024/dead_reckoning_ws/install/custom_msgs/include/custom_msgs/custom_msgs/msg/rosidl_typesupport_fastrtps_cpp__visibility_control.h
[0.722s] -- Up-to-date: /home/rohan/eysip_2024/dead_reckoning_ws/install/custom_msgs/lib/libcustom_msgs__rosidl_typesupport_fastrtps_cpp.so
[0.722s] -- Up-to-date: /home/rohan/eysip_2024/dead_reckoning_ws/install/custom_msgs/include/custom_msgs/custom_msgs
[0.722s] -- Up-to-date: /home/rohan/eysip_2024/dead_reckoning_ws/install/custom_msgs/include/custom_msgs/custom_msgs/msg
[0.723s] -- Up-to-date: /home/rohan/eysip_2024/dead_reckoning_ws/install/custom_msgs/include/custom_msgs/custom_msgs/msg/detail
[0.723s] -- Up-to-date: /home/rohan/eysip_2024/dead_reckoning_ws/install/custom_msgs/include/custom_msgs/custom_msgs/msg/detail/goal__rosidl_typesupport_introspection_cpp.hpp
[0.723s] -- Up-to-date: /home/rohan/eysip_2024/dead_reckoning_ws/install/custom_msgs/include/custom_msgs/custom_msgs/msg/detail/goal__type_support.cpp
[0.723s] -- Up-to-date: /home/rohan/eysip_2024/dead_reckoning_ws/install/custom_msgs/lib/libcustom_msgs__rosidl_typesupport_introspection_cpp.so
[0.724s] -- Up-to-date: /home/rohan/eysip_2024/dead_reckoning_ws/install/custom_msgs/lib/libcustom_msgs__rosidl_typesupport_cpp.so
[0.724s] -- Up-to-date: /home/rohan/eysip_2024/dead_reckoning_ws/install/custom_msgs/share/custom_msgs/environment/pythonpath.sh
[0.724s] -- Up-to-date: /home/rohan/eysip_2024/dead_reckoning_ws/install/custom_msgs/share/custom_msgs/environment/pythonpath.dsv
[0.725s] -- Up-to-date: /home/rohan/eysip_2024/dead_reckoning_ws/install/custom_msgs/lib/python3.12/site-packages/custom_msgs-0.0.0-py3.12.egg-info
[0.725s] -- Installing: /home/rohan/eysip_2024/dead_reckoning_ws/install/custom_msgs/lib/python3.12/site-packages/custom_msgs-0.0.0-py3.12.egg-info/top_level.txt
[0.725s] -- Installing: /home/rohan/eysip_2024/dead_reckoning_ws/install/custom_msgs/lib/python3.12/site-packages/custom_msgs-0.0.0-py3.12.egg-info/PKG-INFO
[0.725s] -- Installing: /home/rohan/eysip_2024/dead_reckoning_ws/install/custom_msgs/lib/python3.12/site-packages/custom_msgs-0.0.0-py3.12.egg-info/dependency_links.txt
[0.726s] -- Installing: /home/rohan/eysip_2024/dead_reckoning_ws/install/custom_msgs/lib/python3.12/site-packages/custom_msgs-0.0.0-py3.12.egg-info/SOURCES.txt
[0.726s] -- Up-to-date: /home/rohan/eysip_2024/dead_reckoning_ws/install/custom_msgs/lib/python3.12/site-packages/custom_msgs
[0.726s] -- Up-to-date: /home/rohan/eysip_2024/dead_reckoning_ws/install/custom_msgs/lib/python3.12/site-packages/custom_msgs/custom_msgs_s__rosidl_typesupport_introspection_c.so
[0.727s] -- Up-to-date: /home/rohan/eysip_2024/dead_reckoning_ws/install/custom_msgs/lib/python3.12/site-packages/custom_msgs/_custom_msgs_s.ep.rosidl_typesupport_introspection_c.c
[0.727s] -- Up-to-date: /home/rohan/eysip_2024/dead_reckoning_ws/install/custom_msgs/lib/python3.12/site-packages/custom_msgs/msg
[0.727s] -- Up-to-date: /home/rohan/eysip_2024/dead_reckoning_ws/install/custom_msgs/lib/python3.12/site-packages/custom_msgs/msg/_goal.py
[0.727s] -- Up-to-date: /home/rohan/eysip_2024/dead_reckoning_ws/install/custom_msgs/lib/python3.12/site-packages/custom_msgs/msg/_goal_s.c
[0.728s] -- Up-to-date: /home/rohan/eysip_2024/dead_reckoning_ws/install/custom_msgs/lib/python3.12/site-packages/custom_msgs/msg/__init__.py
[0.728s] -- Up-to-date: /home/rohan/eysip_2024/dead_reckoning_ws/install/custom_msgs/lib/python3.12/site-packages/custom_msgs/__init__.py
[0.728s] -- Up-to-date: /home/rohan/eysip_2024/dead_reckoning_ws/install/custom_msgs/lib/python3.12/site-packages/custom_msgs/custom_msgs_s__rosidl_typesupport_c.so
[0.729s] -- Up-to-date: /home/rohan/eysip_2024/dead_reckoning_ws/install/custom_msgs/lib/python3.12/site-packages/custom_msgs/_custom_msgs_s.ep.rosidl_typesupport_c.c
[0.729s] -- Up-to-date: /home/rohan/eysip_2024/dead_reckoning_ws/install/custom_msgs/lib/python3.12/site-packages/custom_msgs/custom_msgs_s__rosidl_typesupport_fastrtps_c.so
[0.729s] -- Up-to-date: /home/rohan/eysip_2024/dead_reckoning_ws/install/custom_msgs/lib/python3.12/site-packages/custom_msgs/_custom_msgs_s.ep.rosidl_typesupport_fastrtps_c.c
[0.773s] Listing '/home/rohan/eysip_2024/dead_reckoning_ws/install/custom_msgs/lib/python3.12/site-packages/custom_msgs'...
[0.773s] Listing '/home/rohan/eysip_2024/dead_reckoning_ws/install/custom_msgs/lib/python3.12/site-packages/custom_msgs/msg'...
[0.778s] -- Up-to-date: /home/rohan/eysip_2024/dead_reckoning_ws/install/custom_msgs/lib/python3.12/site-packages/custom_msgs/custom_msgs_s__rosidl_typesupport_fastrtps_c.so
[0.778s] -- Up-to-date: /home/rohan/eysip_2024/dead_reckoning_ws/install/custom_msgs/lib/python3.12/site-packages/custom_msgs/custom_msgs_s__rosidl_typesupport_introspection_c.so
[0.779s] -- Up-to-date: /home/rohan/eysip_2024/dead_reckoning_ws/install/custom_msgs/lib/python3.12/site-packages/custom_msgs/custom_msgs_s__rosidl_typesupport_c.so
[0.780s] -- Up-to-date: /home/rohan/eysip_2024/dead_reckoning_ws/install/custom_msgs/lib/libcustom_msgs__rosidl_generator_py.so
[0.781s] -- Up-to-date: /home/rohan/eysip_2024/dead_reckoning_ws/install/custom_msgs/share/custom_msgs/msg/Goal.idl
[0.781s] -- Up-to-date: /home/rohan/eysip_2024/dead_reckoning_ws/install/custom_msgs/share/custom_msgs/msg/Goal.msg
[0.782s] -- Up-to-date: /home/rohan/eysip_2024/dead_reckoning_ws/install/custom_msgs/share/ament_index/resource_index/package_run_dependencies/custom_msgs
[0.782s] -- Up-to-date: /home/rohan/eysip_2024/dead_reckoning_ws/install/custom_msgs/share/ament_index/resource_index/parent_prefix_path/custom_msgs
[0.783s] -- Up-to-date: /home/rohan/eysip_2024/dead_reckoning_ws/install/custom_msgs/share/custom_msgs/environment/ament_prefix_path.sh
[0.783s] -- Up-to-date: /home/rohan/eysip_2024/dead_reckoning_ws/install/custom_msgs/share/custom_msgs/environment/ament_prefix_path.dsv
[0.783s] -- Up-to-date: /home/rohan/eysip_2024/dead_reckoning_ws/install/custom_msgs/share/custom_msgs/environment/path.sh
[0.783s] -- Up-to-date: /home/rohan/eysip_2024/dead_reckoning_ws/install/custom_msgs/share/custom_msgs/environment/path.dsv
[0.784s] -- Up-to-date: /home/rohan/eysip_2024/dead_reckoning_ws/install/custom_msgs/share/custom_msgs/local_setup.bash
[0.784s] -- Up-to-date: /home/rohan/eysip_2024/dead_reckoning_ws/install/custom_msgs/share/custom_msgs/local_setup.sh
[0.785s] -- Up-to-date: /home/rohan/eysip_2024/dead_reckoning_ws/install/custom_msgs/share/custom_msgs/local_setup.zsh
[0.785s] -- Up-to-date: /home/rohan/eysip_2024/dead_reckoning_ws/install/custom_msgs/share/custom_msgs/local_setup.dsv
[0.785s] -- Installing: /home/rohan/eysip_2024/dead_reckoning_ws/install/custom_msgs/share/custom_msgs/package.dsv
[0.786s] -- Up-to-date: /home/rohan/eysip_2024/dead_reckoning_ws/install/custom_msgs/share/ament_index/resource_index/packages/custom_msgs
[0.786s] -- Up-to-date: /home/rohan/eysip_2024/dead_reckoning_ws/install/custom_msgs/share/custom_msgs/cmake/export_custom_msgs__rosidl_generator_cExport.cmake
[0.786s] -- Up-to-date: /home/rohan/eysip_2024/dead_reckoning_ws/install/custom_msgs/share/custom_msgs/cmake/export_custom_msgs__rosidl_generator_cExport-noconfig.cmake
[0.787s] -- Up-to-date: /home/rohan/eysip_2024/dead_reckoning_ws/install/custom_msgs/share/custom_msgs/cmake/export_custom_msgs__rosidl_typesupport_fastrtps_cExport.cmake
[0.787s] -- Up-to-date: /home/rohan/eysip_2024/dead_reckoning_ws/install/custom_msgs/share/custom_msgs/cmake/export_custom_msgs__rosidl_typesupport_fastrtps_cExport-noconfig.cmake
[0.787s] -- Up-to-date: /home/rohan/eysip_2024/dead_reckoning_ws/install/custom_msgs/share/custom_msgs/cmake/custom_msgs__rosidl_typesupport_introspection_cExport.cmake
[0.788s] -- Up-to-date: /home/rohan/eysip_2024/dead_reckoning_ws/install/custom_msgs/share/custom_msgs/cmake/custom_msgs__rosidl_typesupport_introspection_cExport-noconfig.cmake
[0.788s] -- Up-to-date: /home/rohan/eysip_2024/dead_reckoning_ws/install/custom_msgs/share/custom_msgs/cmake/custom_msgs__rosidl_typesupport_cExport.cmake
[0.788s] -- Up-to-date: /home/rohan/eysip_2024/dead_reckoning_ws/install/custom_msgs/share/custom_msgs/cmake/custom_msgs__rosidl_typesupport_cExport-noconfig.cmake
[0.788s] -- Up-to-date: /home/rohan/eysip_2024/dead_reckoning_ws/install/custom_msgs/share/custom_msgs/cmake/export_custom_msgs__rosidl_generator_cppExport.cmake
[0.789s] -- Up-to-date: /home/rohan/eysip_2024/dead_reckoning_ws/install/custom_msgs/share/custom_msgs/cmake/export_custom_msgs__rosidl_typesupport_fastrtps_cppExport.cmake
[0.789s] -- Up-to-date: /home/rohan/eysip_2024/dead_reckoning_ws/install/custom_msgs/share/custom_msgs/cmake/export_custom_msgs__rosidl_typesupport_fastrtps_cppExport-noconfig.cmake
[0.789s] -- Up-to-date: /home/rohan/eysip_2024/dead_reckoning_ws/install/custom_msgs/share/custom_msgs/cmake/custom_msgs__rosidl_typesupport_introspection_cppExport.cmake
[0.789s] -- Up-to-date: /home/rohan/eysip_2024/dead_reckoning_ws/install/custom_msgs/share/custom_msgs/cmake/custom_msgs__rosidl_typesupport_introspection_cppExport-noconfig.cmake
[0.790s] -- Up-to-date: /home/rohan/eysip_2024/dead_reckoning_ws/install/custom_msgs/share/custom_msgs/cmake/custom_msgs__rosidl_typesupport_cppExport.cmake
[0.790s] -- Up-to-date: /home/rohan/eysip_2024/dead_reckoning_ws/install/custom_msgs/share/custom_msgs/cmake/custom_msgs__rosidl_typesupport_cppExport-noconfig.cmake
[0.790s] -- Up-to-date: /home/rohan/eysip_2024/dead_reckoning_ws/install/custom_msgs/share/custom_msgs/cmake/export_custom_msgs__rosidl_generator_pyExport.cmake
[0.790s] -- Up-to-date: /home/rohan/eysip_2024/dead_reckoning_ws/install/custom_msgs/share/custom_msgs/cmake/export_custom_msgs__rosidl_generator_pyExport-noconfig.cmake
[0.791s] -- Up-to-date: /home/rohan/eysip_2024/dead_reckoning_ws/install/custom_msgs/share/custom_msgs/cmake/rosidl_cmake-extras.cmake
[0.791s] -- Up-to-date: /home/rohan/eysip_2024/dead_reckoning_ws/install/custom_msgs/share/custom_msgs/cmake/ament_cmake_export_include_directories-extras.cmake
[0.791s] -- Up-to-date: /home/rohan/eysip_2024/dead_reckoning_ws/install/custom_msgs/share/custom_msgs/cmake/ament_cmake_export_libraries-extras.cmake
[0.791s] -- Up-to-date: /home/rohan/eysip_2024/dead_reckoning_ws/install/custom_msgs/share/custom_msgs/cmake/ament_cmake_export_targets-extras.cmake
[0.791s] -- Up-to-date: /home/rohan/eysip_2024/dead_reckoning_ws/install/custom_msgs/share/custom_msgs/cmake/rosidl_cmake_export_typesupport_targets-extras.cmake
[0.792s] -- Up-to-date: /home/rohan/eysip_2024/dead_reckoning_ws/install/custom_msgs/share/custom_msgs/cmake/ament_cmake_export_dependencies-extras.cmake
[0.792s] -- Up-to-date: /home/rohan/eysip_2024/dead_reckoning_ws/install/custom_msgs/share/custom_msgs/cmake/rosidl_cmake_export_typesupport_libraries-extras.cmake
[0.792s] -- Up-to-date: /home/rohan/eysip_2024/dead_reckoning_ws/install/custom_msgs/share/custom_msgs/cmake/custom_msgsConfig.cmake
[0.792s] -- Up-to-date: /home/rohan/eysip_2024/dead_reckoning_ws/install/custom_msgs/share/custom_msgs/cmake/custom_msgsConfig-version.cmake
[0.793s] -- Up-to-date: /home/rohan/eysip_2024/dead_reckoning_ws/install/custom_msgs/share/custom_msgs/package.xml
[0.795s] Invoked command in '/home/rohan/eysip_2024/dead_reckoning_ws/build/custom_msgs' returned '0': CMAKE_PREFIX_PATH=${CMAKE_PREFIX_PATH}:/home/rohan/eysip_2024/dead_reckoning_ws/install/navigation:/home/rohan/eysip_2024/dead_reckoning_ws/install/imu_pose_estimation:/opt/ros/jazzy DEBUGINFOD_URLS=https://debuginfod.ubuntu.com /usr/bin/cmake --install /home/rohan/eysip_2024/dead_reckoning_ws/build/custom_msgs
