/home/rohan/eysip_2024/teleop_ws/install/teleop_bot/lib/python3.12/site-packages/teleop_bot/publisher.py
/home/rohan/eysip_2024/teleop_ws/install/teleop_bot/lib/python3.12/site-packages/teleop_bot/sub.py
/home/rohan/eysip_2024/teleop_ws/install/teleop_bot/lib/python3.12/site-packages/teleop_bot/pub.py
/home/rohan/eysip_2024/teleop_ws/install/teleop_bot/lib/python3.12/site-packages/teleop_bot/__init__.py
/home/rohan/eysip_2024/teleop_ws/install/teleop_bot/lib/python3.12/site-packages/teleop_bot/__pycache__/publisher.cpython-312.pyc
/home/rohan/eysip_2024/teleop_ws/install/teleop_bot/lib/python3.12/site-packages/teleop_bot/__pycache__/sub.cpython-312.pyc
/home/rohan/eysip_2024/teleop_ws/install/teleop_bot/lib/python3.12/site-packages/teleop_bot/__pycache__/pub.cpython-312.pyc
/home/rohan/eysip_2024/teleop_ws/install/teleop_bot/lib/python3.12/site-packages/teleop_bot/__pycache__/__init__.cpython-312.pyc
/home/rohan/eysip_2024/teleop_ws/install/teleop_bot/share/ament_index/resource_index/packages/teleop_bot
/home/rohan/eysip_2024/teleop_ws/install/teleop_bot/share/teleop_bot/package.xml
/home/rohan/eysip_2024/teleop_ws/install/teleop_bot/lib/python3.12/site-packages/teleop_bot-0.0.0-py3.12.egg-info/entry_points.txt
/home/rohan/eysip_2024/teleop_ws/install/teleop_bot/lib/python3.12/site-packages/teleop_bot-0.0.0-py3.12.egg-info/top_level.txt
/home/rohan/eysip_2024/teleop_ws/install/teleop_bot/lib/python3.12/site-packages/teleop_bot-0.0.0-py3.12.egg-info/PKG-INFO
/home/rohan/eysip_2024/teleop_ws/install/teleop_bot/lib/python3.12/site-packages/teleop_bot-0.0.0-py3.12.egg-info/dependency_links.txt
/home/rohan/eysip_2024/teleop_ws/install/teleop_bot/lib/python3.12/site-packages/teleop_bot-0.0.0-py3.12.egg-info/zip-safe
/home/rohan/eysip_2024/teleop_ws/install/teleop_bot/lib/python3.12/site-packages/teleop_bot-0.0.0-py3.12.egg-info/SOURCES.txt
/home/rohan/eysip_2024/teleop_ws/install/teleop_bot/lib/python3.12/site-packages/teleop_bot-0.0.0-py3.12.egg-info/requires.txt
/home/rohan/eysip_2024/teleop_ws/install/teleop_bot/lib/teleop_bot/mros_test
/home/rohan/eysip_2024/teleop_ws/install/teleop_bot/lib/teleop_bot/pub
/home/rohan/eysip_2024/teleop_ws/install/teleop_bot/lib/teleop_bot/sub
