[1.927s] Invoking command in '/home/rohan/eysip_2024/dead_reckoning_ws/src/imu_pose_estimation': DEBUGINFOD_URLS=https://debuginfod.ubuntu.com PYTHONPATH=/home/rohan/eysip_2024/dead_reckoning_ws/build/imu_pose_estimation/prefix_override:/home/rohan/eysip_2024/dead_reckoning_ws/install/imu_pose_estimation/lib/python3.12/site-packages:${PYTHONPATH} /usr/bin/python3 -W ignore:setup.py install is deprecated setup.py egg_info --egg-base ../../build/imu_pose_estimation build --build-base /home/rohan/eysip_2024/dead_reckoning_ws/build/imu_pose_estimation/build install --record /home/rohan/eysip_2024/dead_reckoning_ws/build/imu_pose_estimation/install.log --single-version-externally-managed install_data
[2.332s] running egg_info
[2.360s] writing ../../build/imu_pose_estimation/imu_pose_estimation.egg-info/PKG-INFO
[2.361s] writing dependency_links to ../../build/imu_pose_estimation/imu_pose_estimation.egg-info/dependency_links.txt
[2.361s] writing entry points to ../../build/imu_pose_estimation/imu_pose_estimation.egg-info/entry_points.txt
[2.362s] writing requirements to ../../build/imu_pose_estimation/imu_pose_estimation.egg-info/requires.txt
[2.362s] writing top-level names to ../../build/imu_pose_estimation/imu_pose_estimation.egg-info/top_level.txt
[2.426s] reading manifest file '../../build/imu_pose_estimation/imu_pose_estimation.egg-info/SOURCES.txt'
[2.428s] writing manifest file '../../build/imu_pose_estimation/imu_pose_estimation.egg-info/SOURCES.txt'
[2.428s] running build
[2.428s] running build_py
[2.429s] running install
[2.438s] running install_lib
[2.470s] running install_data
[2.470s] running install_egg_info
[2.507s] removing '/home/rohan/eysip_2024/dead_reckoning_ws/install/imu_pose_estimation/lib/python3.12/site-packages/imu_pose_estimation-0.0.0-py3.12.egg-info' (and everything under it)
[2.508s] Copying ../../build/imu_pose_estimation/imu_pose_estimation.egg-info to /home/rohan/eysip_2024/dead_reckoning_ws/install/imu_pose_estimation/lib/python3.12/site-packages/imu_pose_estimation-0.0.0-py3.12.egg-info
[2.509s] running install_scripts
[2.730s] Installing estimator script to /home/rohan/eysip_2024/dead_reckoning_ws/install/imu_pose_estimation/lib/imu_pose_estimation
[2.730s] Installing pub script to /home/rohan/eysip_2024/dead_reckoning_ws/install/imu_pose_estimation/lib/imu_pose_estimation
[2.730s] Installing sub script to /home/rohan/eysip_2024/dead_reckoning_ws/install/imu_pose_estimation/lib/imu_pose_estimation
[2.731s] writing list of installed files to '/home/rohan/eysip_2024/dead_reckoning_ws/build/imu_pose_estimation/install.log'
[2.764s] Invoked command in '/home/rohan/eysip_2024/dead_reckoning_ws/src/imu_pose_estimation' returned '0': DEBUGINFOD_URLS=https://debuginfod.ubuntu.com PYTHONPATH=/home/rohan/eysip_2024/dead_reckoning_ws/build/imu_pose_estimation/prefix_override:/home/rohan/eysip_2024/dead_reckoning_ws/install/imu_pose_estimation/lib/python3.12/site-packages:${PYTHONPATH} /usr/bin/python3 -W ignore:setup.py install is deprecated setup.py egg_info --egg-base ../../build/imu_pose_estimation build --build-base /home/rohan/eysip_2024/dead_reckoning_ws/build/imu_pose_estimation/build install --record /home/rohan/eysip_2024/dead_reckoning_ws/build/imu_pose_estimation/install.log --single-version-externally-managed install_data
