[0.232s] DEBUG:colcon:Command line arguments: ['/usr/bin/colcon', 'list', '-p', '--base-paths', '/home/tahsin-khan/eYSIP-24_Field_Exploration_ROS_Vehicles/dead_reckoning_ws']
[0.232s] DEBUG:colcon:Parsed command line arguments: Namespace(log_base=None, log_level=None, verb_name='list', build_base='build', ignore_user_meta=False, metas=['./colcon.meta'], base_paths=['/home/tahsin-khan/eYSIP-24_Field_Exploration_ROS_Vehicles/dead_reckoning_ws'], packages_ignore=None, packages_ignore_regex=None, paths=None, packages_up_to=None, packages_up_to_regex=None, packages_above=None, packages_above_and_dependencies=None, packages_above_depth=None, packages_select_by_dep=None, packages_skip_by_dep=None, packages_skip_up_to=None, packages_select_build_failed=False, packages_skip_build_finished=False, packages_select_test_failures=False, packages_skip_test_passed=False, packages_select=None, packages_skip=None, packages_select_regex=None, packages_skip_regex=None, packages_start=None, packages_end=None, allow_overriding=[], topological_order=False, names_only=False, paths_only=True, topological_graph=False, topological_graph_dot=False, topological_graph_density=False, topological_graph_legend=False, topological_graph_dot_cluster=False, topological_graph_dot_include_skipped=False, mixin_files=None, mixin=None, verb_parser=<colcon_mixin.mixin.mixin_argument.MixinArgumentDecorator object at 0x797710147680>, verb_extension=<colcon_package_information.verb.list.ListVerb object at 0x7977102c5880>, main=<bound method ListVerb.main of <colcon_package_information.verb.list.ListVerb object at 0x7977102c5880>>, mixin_verb=('list',))
[0.321s] Level 1:colcon.colcon_core.package_discovery:discover_packages(colcon_meta) check parameters
[0.321s] Level 1:colcon.colcon_core.package_discovery:discover_packages(recursive) check parameters
[0.321s] Level 1:colcon.colcon_core.package_discovery:discover_packages(ignore) check parameters
[0.321s] Level 1:colcon.colcon_core.package_discovery:discover_packages(path) check parameters
[0.321s] Level 1:colcon.colcon_core.package_discovery:discover_packages(recursive) discover
[0.321s] INFO:colcon.colcon_core.package_discovery:Crawling recursively for packages in '/home/tahsin-khan/eYSIP-24_Field_Exploration_ROS_Vehicles/dead_reckoning_ws'
[0.321s] Level 1:colcon.colcon_core.package_identification:_identify(/home/tahsin-khan/eYSIP-24_Field_Exploration_ROS_Vehicles/dead_reckoning_ws) by extensions ['ignore', 'ignore_ament_install']
[0.321s] Level 1:colcon.colcon_core.package_identification:_identify(/home/tahsin-khan/eYSIP-24_Field_Exploration_ROS_Vehicles/dead_reckoning_ws) by extension 'ignore'
[0.322s] Level 1:colcon.colcon_core.package_identification:_identify(/home/tahsin-khan/eYSIP-24_Field_Exploration_ROS_Vehicles/dead_reckoning_ws) by extension 'ignore_ament_install'
[0.322s] Level 1:colcon.colcon_core.package_identification:_identify(/home/tahsin-khan/eYSIP-24_Field_Exploration_ROS_Vehicles/dead_reckoning_ws) by extensions ['colcon_pkg']
[0.322s] Level 1:colcon.colcon_core.package_identification:_identify(/home/tahsin-khan/eYSIP-24_Field_Exploration_ROS_Vehicles/dead_reckoning_ws) by extension 'colcon_pkg'
[0.322s] Level 1:colcon.colcon_core.package_identification:_identify(/home/tahsin-khan/eYSIP-24_Field_Exploration_ROS_Vehicles/dead_reckoning_ws) by extensions ['colcon_meta']
[0.322s] Level 1:colcon.colcon_core.package_identification:_identify(/home/tahsin-khan/eYSIP-24_Field_Exploration_ROS_Vehicles/dead_reckoning_ws) by extension 'colcon_meta'
[0.322s] Level 1:colcon.colcon_core.package_identification:_identify(/home/tahsin-khan/eYSIP-24_Field_Exploration_ROS_Vehicles/dead_reckoning_ws) by extensions ['ros']
[0.322s] Level 1:colcon.colcon_core.package_identification:_identify(/home/tahsin-khan/eYSIP-24_Field_Exploration_ROS_Vehicles/dead_reckoning_ws) by extension 'ros'
[0.374s] Level 1:colcon.colcon_core.package_identification:_identify(/home/tahsin-khan/eYSIP-24_Field_Exploration_ROS_Vehicles/dead_reckoning_ws) by extensions ['cmake', 'python']
[0.374s] Level 1:colcon.colcon_core.package_identification:_identify(/home/tahsin-khan/eYSIP-24_Field_Exploration_ROS_Vehicles/dead_reckoning_ws) by extension 'cmake'
[0.374s] Level 1:colcon.colcon_core.package_identification:_identify(/home/tahsin-khan/eYSIP-24_Field_Exploration_ROS_Vehicles/dead_reckoning_ws) by extension 'python'
[0.374s] Level 1:colcon.colcon_core.package_identification:_identify(/home/tahsin-khan/eYSIP-24_Field_Exploration_ROS_Vehicles/dead_reckoning_ws) by extensions ['python_setup_py']
[0.374s] Level 1:colcon.colcon_core.package_identification:_identify(/home/tahsin-khan/eYSIP-24_Field_Exploration_ROS_Vehicles/dead_reckoning_ws) by extension 'python_setup_py'
[0.374s] Level 1:colcon.colcon_core.package_identification:_identify(/home/tahsin-khan/eYSIP-24_Field_Exploration_ROS_Vehicles/dead_reckoning_ws/build) by extensions ['ignore', 'ignore_ament_install']
[0.375s] Level 1:colcon.colcon_core.package_identification:_identify(/home/tahsin-khan/eYSIP-24_Field_Exploration_ROS_Vehicles/dead_reckoning_ws/build) by extension 'ignore'
[0.375s] Level 1:colcon.colcon_core.package_identification:_identify(/home/tahsin-khan/eYSIP-24_Field_Exploration_ROS_Vehicles/dead_reckoning_ws/build) ignored
[0.375s] Level 1:colcon.colcon_core.package_identification:_identify(/home/tahsin-khan/eYSIP-24_Field_Exploration_ROS_Vehicles/dead_reckoning_ws/install) by extensions ['ignore', 'ignore_ament_install']
[0.375s] Level 1:colcon.colcon_core.package_identification:_identify(/home/tahsin-khan/eYSIP-24_Field_Exploration_ROS_Vehicles/dead_reckoning_ws/install) by extension 'ignore'
[0.375s] Level 1:colcon.colcon_core.package_identification:_identify(/home/tahsin-khan/eYSIP-24_Field_Exploration_ROS_Vehicles/dead_reckoning_ws/install) ignored
[0.376s] Level 1:colcon.colcon_core.package_identification:_identify(/home/tahsin-khan/eYSIP-24_Field_Exploration_ROS_Vehicles/dead_reckoning_ws/log) by extensions ['ignore', 'ignore_ament_install']
[0.376s] Level 1:colcon.colcon_core.package_identification:_identify(/home/tahsin-khan/eYSIP-24_Field_Exploration_ROS_Vehicles/dead_reckoning_ws/log) by extension 'ignore'
[0.376s] Level 1:colcon.colcon_core.package_identification:_identify(/home/tahsin-khan/eYSIP-24_Field_Exploration_ROS_Vehicles/dead_reckoning_ws/log) ignored
[0.376s] Level 1:colcon.colcon_core.package_identification:_identify(/home/tahsin-khan/eYSIP-24_Field_Exploration_ROS_Vehicles/dead_reckoning_ws/src) by extensions ['ignore', 'ignore_ament_install']
[0.376s] Level 1:colcon.colcon_core.package_identification:_identify(/home/tahsin-khan/eYSIP-24_Field_Exploration_ROS_Vehicles/dead_reckoning_ws/src) by extension 'ignore'
[0.377s] Level 1:colcon.colcon_core.package_identification:_identify(/home/tahsin-khan/eYSIP-24_Field_Exploration_ROS_Vehicles/dead_reckoning_ws/src) by extension 'ignore_ament_install'
[0.377s] Level 1:colcon.colcon_core.package_identification:_identify(/home/tahsin-khan/eYSIP-24_Field_Exploration_ROS_Vehicles/dead_reckoning_ws/src) by extensions ['colcon_pkg']
[0.377s] Level 1:colcon.colcon_core.package_identification:_identify(/home/tahsin-khan/eYSIP-24_Field_Exploration_ROS_Vehicles/dead_reckoning_ws/src) by extension 'colcon_pkg'
[0.377s] Level 1:colcon.colcon_core.package_identification:_identify(/home/tahsin-khan/eYSIP-24_Field_Exploration_ROS_Vehicles/dead_reckoning_ws/src) by extensions ['colcon_meta']
[0.377s] Level 1:colcon.colcon_core.package_identification:_identify(/home/tahsin-khan/eYSIP-24_Field_Exploration_ROS_Vehicles/dead_reckoning_ws/src) by extension 'colcon_meta'
[0.377s] Level 1:colcon.colcon_core.package_identification:_identify(/home/tahsin-khan/eYSIP-24_Field_Exploration_ROS_Vehicles/dead_reckoning_ws/src) by extensions ['ros']
[0.377s] Level 1:colcon.colcon_core.package_identification:_identify(/home/tahsin-khan/eYSIP-24_Field_Exploration_ROS_Vehicles/dead_reckoning_ws/src) by extension 'ros'
[0.377s] Level 1:colcon.colcon_core.package_identification:_identify(/home/tahsin-khan/eYSIP-24_Field_Exploration_ROS_Vehicles/dead_reckoning_ws/src) by extensions ['cmake', 'python']
[0.377s] Level 1:colcon.colcon_core.package_identification:_identify(/home/tahsin-khan/eYSIP-24_Field_Exploration_ROS_Vehicles/dead_reckoning_ws/src) by extension 'cmake'
[0.377s] Level 1:colcon.colcon_core.package_identification:_identify(/home/tahsin-khan/eYSIP-24_Field_Exploration_ROS_Vehicles/dead_reckoning_ws/src) by extension 'python'
[0.377s] Level 1:colcon.colcon_core.package_identification:_identify(/home/tahsin-khan/eYSIP-24_Field_Exploration_ROS_Vehicles/dead_reckoning_ws/src) by extensions ['python_setup_py']
[0.377s] Level 1:colcon.colcon_core.package_identification:_identify(/home/tahsin-khan/eYSIP-24_Field_Exploration_ROS_Vehicles/dead_reckoning_ws/src) by extension 'python_setup_py'
[0.378s] Level 1:colcon.colcon_core.package_identification:_identify(/home/tahsin-khan/eYSIP-24_Field_Exploration_ROS_Vehicles/dead_reckoning_ws/src/custom_msgs) by extensions ['ignore', 'ignore_ament_install']
[0.378s] Level 1:colcon.colcon_core.package_identification:_identify(/home/tahsin-khan/eYSIP-24_Field_Exploration_ROS_Vehicles/dead_reckoning_ws/src/custom_msgs) by extension 'ignore'
[0.378s] Level 1:colcon.colcon_core.package_identification:_identify(/home/tahsin-khan/eYSIP-24_Field_Exploration_ROS_Vehicles/dead_reckoning_ws/src/custom_msgs) by extension 'ignore_ament_install'
[0.378s] Level 1:colcon.colcon_core.package_identification:_identify(/home/tahsin-khan/eYSIP-24_Field_Exploration_ROS_Vehicles/dead_reckoning_ws/src/custom_msgs) by extensions ['colcon_pkg']
[0.378s] Level 1:colcon.colcon_core.package_identification:_identify(/home/tahsin-khan/eYSIP-24_Field_Exploration_ROS_Vehicles/dead_reckoning_ws/src/custom_msgs) by extension 'colcon_pkg'
[0.378s] Level 1:colcon.colcon_core.package_identification:_identify(/home/tahsin-khan/eYSIP-24_Field_Exploration_ROS_Vehicles/dead_reckoning_ws/src/custom_msgs) by extensions ['colcon_meta']
[0.378s] Level 1:colcon.colcon_core.package_identification:_identify(/home/tahsin-khan/eYSIP-24_Field_Exploration_ROS_Vehicles/dead_reckoning_ws/src/custom_msgs) by extension 'colcon_meta'
[0.379s] Level 1:colcon.colcon_core.package_identification:_identify(/home/tahsin-khan/eYSIP-24_Field_Exploration_ROS_Vehicles/dead_reckoning_ws/src/custom_msgs) by extensions ['ros']
[0.379s] Level 1:colcon.colcon_core.package_identification:_identify(/home/tahsin-khan/eYSIP-24_Field_Exploration_ROS_Vehicles/dead_reckoning_ws/src/custom_msgs) by extension 'ros'
[0.387s] DEBUG:colcon.colcon_core.package_identification:Package '/home/tahsin-khan/eYSIP-24_Field_Exploration_ROS_Vehicles/dead_reckoning_ws/src/custom_msgs' with type 'ros.ament_cmake' and name 'custom_msgs'
[0.387s] Level 1:colcon.colcon_core.package_identification:_identify(/home/tahsin-khan/eYSIP-24_Field_Exploration_ROS_Vehicles/dead_reckoning_ws/src/imu_pose_estimation) by extensions ['ignore', 'ignore_ament_install']
[0.388s] Level 1:colcon.colcon_core.package_identification:_identify(/home/tahsin-khan/eYSIP-24_Field_Exploration_ROS_Vehicles/dead_reckoning_ws/src/imu_pose_estimation) by extension 'ignore'
[0.388s] Level 1:colcon.colcon_core.package_identification:_identify(/home/tahsin-khan/eYSIP-24_Field_Exploration_ROS_Vehicles/dead_reckoning_ws/src/imu_pose_estimation) by extension 'ignore_ament_install'
[0.388s] Level 1:colcon.colcon_core.package_identification:_identify(/home/tahsin-khan/eYSIP-24_Field_Exploration_ROS_Vehicles/dead_reckoning_ws/src/imu_pose_estimation) by extensions ['colcon_pkg']
[0.388s] Level 1:colcon.colcon_core.package_identification:_identify(/home/tahsin-khan/eYSIP-24_Field_Exploration_ROS_Vehicles/dead_reckoning_ws/src/imu_pose_estimation) by extension 'colcon_pkg'
[0.388s] Level 1:colcon.colcon_core.package_identification:_identify(/home/tahsin-khan/eYSIP-24_Field_Exploration_ROS_Vehicles/dead_reckoning_ws/src/imu_pose_estimation) by extensions ['colcon_meta']
[0.388s] Level 1:colcon.colcon_core.package_identification:_identify(/home/tahsin-khan/eYSIP-24_Field_Exploration_ROS_Vehicles/dead_reckoning_ws/src/imu_pose_estimation) by extension 'colcon_meta'
[0.388s] Level 1:colcon.colcon_core.package_identification:_identify(/home/tahsin-khan/eYSIP-24_Field_Exploration_ROS_Vehicles/dead_reckoning_ws/src/imu_pose_estimation) by extensions ['ros']
[0.388s] Level 1:colcon.colcon_core.package_identification:_identify(/home/tahsin-khan/eYSIP-24_Field_Exploration_ROS_Vehicles/dead_reckoning_ws/src/imu_pose_estimation) by extension 'ros'
[0.389s] DEBUG:colcon.colcon_core.package_identification:Package '/home/tahsin-khan/eYSIP-24_Field_Exploration_ROS_Vehicles/dead_reckoning_ws/src/imu_pose_estimation' with type 'ros.ament_python' and name 'imu_pose_estimation'
[0.389s] Level 1:colcon.colcon_core.package_identification:_identify(/home/tahsin-khan/eYSIP-24_Field_Exploration_ROS_Vehicles/dead_reckoning_ws/src/navigation) by extensions ['ignore', 'ignore_ament_install']
[0.390s] Level 1:colcon.colcon_core.package_identification:_identify(/home/tahsin-khan/eYSIP-24_Field_Exploration_ROS_Vehicles/dead_reckoning_ws/src/navigation) by extension 'ignore'
[0.390s] Level 1:colcon.colcon_core.package_identification:_identify(/home/tahsin-khan/eYSIP-24_Field_Exploration_ROS_Vehicles/dead_reckoning_ws/src/navigation) by extension 'ignore_ament_install'
[0.390s] Level 1:colcon.colcon_core.package_identification:_identify(/home/tahsin-khan/eYSIP-24_Field_Exploration_ROS_Vehicles/dead_reckoning_ws/src/navigation) by extensions ['colcon_pkg']
[0.390s] Level 1:colcon.colcon_core.package_identification:_identify(/home/tahsin-khan/eYSIP-24_Field_Exploration_ROS_Vehicles/dead_reckoning_ws/src/navigation) by extension 'colcon_pkg'
[0.390s] Level 1:colcon.colcon_core.package_identification:_identify(/home/tahsin-khan/eYSIP-24_Field_Exploration_ROS_Vehicles/dead_reckoning_ws/src/navigation) by extensions ['colcon_meta']
[0.390s] Level 1:colcon.colcon_core.package_identification:_identify(/home/tahsin-khan/eYSIP-24_Field_Exploration_ROS_Vehicles/dead_reckoning_ws/src/navigation) by extension 'colcon_meta'
[0.390s] Level 1:colcon.colcon_core.package_identification:_identify(/home/tahsin-khan/eYSIP-24_Field_Exploration_ROS_Vehicles/dead_reckoning_ws/src/navigation) by extensions ['ros']
[0.390s] Level 1:colcon.colcon_core.package_identification:_identify(/home/tahsin-khan/eYSIP-24_Field_Exploration_ROS_Vehicles/dead_reckoning_ws/src/navigation) by extension 'ros'
[0.391s] DEBUG:colcon.colcon_core.package_identification:Package '/home/tahsin-khan/eYSIP-24_Field_Exploration_ROS_Vehicles/dead_reckoning_ws/src/navigation' with type 'ros.ament_python' and name 'navigation'
[0.391s] Level 1:colcon.colcon_core.package_discovery:discover_packages(recursive) using defaults
