running egg_info
writing ../../build/navigation/navigation.egg-info/PKG-INFO
writing dependency_links to ../../build/navigation/navigation.egg-info/dependency_links.txt
writing entry points to ../../build/navigation/navigation.egg-info/entry_points.txt
writing requirements to ../../build/navigation/navigation.egg-info/requires.txt
writing top-level names to ../../build/navigation/navigation.egg-info/top_level.txt
reading manifest file '../../build/navigation/navigation.egg-info/SOURCES.txt'
writing manifest file '../../build/navigation/navigation.egg-info/SOURCES.txt'
running build
running build_py
copying navigation/pure_pursuit.py -> /home/rohan/eysip_2024/dead_reckoning_ws/build/navigation/build/lib/navigation
copying navigation/vicon_data_compare.py -> /home/rohan/eysip_2024/dead_reckoning_ws/build/navigation/build/lib/navigation
copying navigation/pure_pursuit1.py -> /home/rohan/eysip_2024/dead_reckoning_ws/build/navigation/build/lib/navigation
running install
running install_lib
copying /home/rohan/eysip_2024/dead_reckoning_ws/build/navigation/build/lib/navigation/pure_pursuit.py -> /home/rohan/eysip_2024/dead_reckoning_ws/install/navigation/lib/python3.12/site-packages/navigation
copying /home/rohan/eysip_2024/dead_reckoning_ws/build/navigation/build/lib/navigation/vicon_data_compare.py -> /home/rohan/eysip_2024/dead_reckoning_ws/install/navigation/lib/python3.12/site-packages/navigation
copying /home/rohan/eysip_2024/dead_reckoning_ws/build/navigation/build/lib/navigation/pure_pursuit1.py -> /home/rohan/eysip_2024/dead_reckoning_ws/install/navigation/lib/python3.12/site-packages/navigation
byte-compiling /home/rohan/eysip_2024/dead_reckoning_ws/install/navigation/lib/python3.12/site-packages/navigation/pure_pursuit.py to pure_pursuit.cpython-312.pyc
byte-compiling /home/rohan/eysip_2024/dead_reckoning_ws/install/navigation/lib/python3.12/site-packages/navigation/vicon_data_compare.py to vicon_data_compare.cpython-312.pyc
byte-compiling /home/rohan/eysip_2024/dead_reckoning_ws/install/navigation/lib/python3.12/site-packages/navigation/pure_pursuit1.py to pure_pursuit1.cpython-312.pyc
running install_data
running install_egg_info
removing '/home/rohan/eysip_2024/dead_reckoning_ws/install/navigation/lib/python3.12/site-packages/navigation-0.0.0-py3.12.egg-info' (and everything under it)
Copying ../../build/navigation/navigation.egg-info to /home/rohan/eysip_2024/dead_reckoning_ws/install/navigation/lib/python3.12/site-packages/navigation-0.0.0-py3.12.egg-info
running install_scripts
Installing goalNode script to /home/rohan/eysip_2024/dead_reckoning_ws/install/navigation/lib/navigation
Installing gotoGoal script to /home/rohan/eysip_2024/dead_reckoning_ws/install/navigation/lib/navigation
Installing pure_pursuit script to /home/rohan/eysip_2024/dead_reckoning_ws/install/navigation/lib/navigation
Installing vicon script to /home/rohan/eysip_2024/dead_reckoning_ws/install/navigation/lib/navigation
writing list of installed files to '/home/rohan/eysip_2024/dead_reckoning_ws/build/navigation/install.log'
