[1.466s] Invoking command in '/home/rohan/eysip_2024/dead_reckoning_ws/src/navigation': DEBUGINFOD_URLS=https://debuginfod.ubuntu.com PYTHONPATH=/home/rohan/eysip_2024/dead_reckoning_ws/build/navigation/prefix_override:/home/rohan/eysip_2024/dead_reckoning_ws/install/navigation/lib/python3.12/site-packages:${PYTHONPATH} /usr/bin/python3 -W ignore:setup.py install is deprecated setup.py egg_info --egg-base ../../build/navigation build --build-base /home/rohan/eysip_2024/dead_reckoning_ws/build/navigation/build install --record /home/rohan/eysip_2024/dead_reckoning_ws/build/navigation/install.log --single-version-externally-managed install_data
[1.711s] running egg_info
[1.730s] writing ../../build/navigation/navigation.egg-info/PKG-INFO
[1.730s] writing dependency_links to ../../build/navigation/navigation.egg-info/dependency_links.txt
[1.730s] writing entry points to ../../build/navigation/navigation.egg-info/entry_points.txt
[1.730s] writing requirements to ../../build/navigation/navigation.egg-info/requires.txt
[1.731s] writing top-level names to ../../build/navigation/navigation.egg-info/top_level.txt
[1.768s] reading manifest file '../../build/navigation/navigation.egg-info/SOURCES.txt'
[1.769s] writing manifest file '../../build/navigation/navigation.egg-info/SOURCES.txt'
[1.769s] running build
[1.769s] running build_py
[1.770s] copying navigation/pure_pursuit.py -> /home/rohan/eysip_2024/dead_reckoning_ws/build/navigation/build/lib/navigation
[1.770s] copying navigation/vicon_data_compare.py -> /home/rohan/eysip_2024/dead_reckoning_ws/build/navigation/build/lib/navigation
[1.770s] copying navigation/pure_pursuit1.py -> /home/rohan/eysip_2024/dead_reckoning_ws/build/navigation/build/lib/navigation
[1.771s] running install
[1.788s] running install_lib
[1.821s] copying /home/rohan/eysip_2024/dead_reckoning_ws/build/navigation/build/lib/navigation/pure_pursuit.py -> /home/rohan/eysip_2024/dead_reckoning_ws/install/navigation/lib/python3.12/site-packages/navigation
[1.821s] copying /home/rohan/eysip_2024/dead_reckoning_ws/build/navigation/build/lib/navigation/vicon_data_compare.py -> /home/rohan/eysip_2024/dead_reckoning_ws/install/navigation/lib/python3.12/site-packages/navigation
[1.821s] copying /home/rohan/eysip_2024/dead_reckoning_ws/build/navigation/build/lib/navigation/pure_pursuit1.py -> /home/rohan/eysip_2024/dead_reckoning_ws/install/navigation/lib/python3.12/site-packages/navigation
[1.822s] byte-compiling /home/rohan/eysip_2024/dead_reckoning_ws/install/navigation/lib/python3.12/site-packages/navigation/pure_pursuit.py to pure_pursuit.cpython-312.pyc
[1.823s] byte-compiling /home/rohan/eysip_2024/dead_reckoning_ws/install/navigation/lib/python3.12/site-packages/navigation/vicon_data_compare.py to vicon_data_compare.cpython-312.pyc
[1.824s] byte-compiling /home/rohan/eysip_2024/dead_reckoning_ws/install/navigation/lib/python3.12/site-packages/navigation/pure_pursuit1.py to pure_pursuit1.cpython-312.pyc
[1.825s] running install_data
[1.826s] running install_egg_info
[1.847s] removing '/home/rohan/eysip_2024/dead_reckoning_ws/install/navigation/lib/python3.12/site-packages/navigation-0.0.0-py3.12.egg-info' (and everything under it)
[1.847s] Copying ../../build/navigation/navigation.egg-info to /home/rohan/eysip_2024/dead_reckoning_ws/install/navigation/lib/python3.12/site-packages/navigation-0.0.0-py3.12.egg-info
[1.848s] running install_scripts
[1.992s] Installing goalNode script to /home/rohan/eysip_2024/dead_reckoning_ws/install/navigation/lib/navigation
[1.993s] Installing gotoGoal script to /home/rohan/eysip_2024/dead_reckoning_ws/install/navigation/lib/navigation
[1.993s] Installing pure_pursuit script to /home/rohan/eysip_2024/dead_reckoning_ws/install/navigation/lib/navigation
[1.993s] Installing vicon script to /home/rohan/eysip_2024/dead_reckoning_ws/install/navigation/lib/navigation
[1.994s] writing list of installed files to '/home/rohan/eysip_2024/dead_reckoning_ws/build/navigation/install.log'
[2.053s] Invoked command in '/home/rohan/eysip_2024/dead_reckoning_ws/src/navigation' returned '0': DEBUGINFOD_URLS=https://debuginfod.ubuntu.com PYTHONPATH=/home/rohan/eysip_2024/dead_reckoning_ws/build/navigation/prefix_override:/home/rohan/eysip_2024/dead_reckoning_ws/install/navigation/lib/python3.12/site-packages:${PYTHONPATH} /usr/bin/python3 -W ignore:setup.py install is deprecated setup.py egg_info --egg-base ../../build/navigation build --build-base /home/rohan/eysip_2024/dead_reckoning_ws/build/navigation/build install --record /home/rohan/eysip_2024/dead_reckoning_ws/build/navigation/install.log --single-version-externally-managed install_data
