[0.123s] DEBUG:colcon:Command line arguments: ['/usr/bin/colcon', 'build']
[0.123s] DEBUG:colcon:Parsed command line arguments: Namespace(log_base=None, log_level=None, verb_name='build', build_base='build', install_base='install', merge_install=False, symlink_install=False, test_result_base=None, continue_on_error=False, executor='parallel', parallel_workers=12, event_handlers=None, ignore_user_meta=False, metas=['./colcon.meta'], base_paths=['.'], packages_ignore=None, packages_ignore_regex=None, paths=None, packages_up_to=None, packages_up_to_regex=None, packages_above=None, packages_above_and_dependencies=None, packages_above_depth=None, packages_select_by_dep=None, packages_skip_by_dep=None, packages_skip_up_to=None, packages_select_build_failed=False, packages_skip_build_finished=False, packages_select_test_failures=False, packages_skip_test_passed=False, packages_select=None, packages_skip=None, packages_select_regex=None, packages_skip_regex=None, packages_start=None, packages_end=None, allow_overriding=[], cmake_args=None, cmake_target=None, cmake_target_skip_unavailable=False, cmake_clean_cache=False, cmake_clean_first=False, cmake_force_configure=False, ament_cmake_args=None, catkin_cmake_args=None, catkin_skip_building_tests=False, mixin_files=None, mixin=None, verb_parser=<colcon_mixin.mixin.mixin_argument.MixinArgumentDecorator object at 0x79947a939d30>, verb_extension=<colcon_core.verb.build.BuildVerb object at 0x79947a939a00>, main=<bound method BuildVerb.main of <colcon_core.verb.build.BuildVerb object at 0x79947a939a00>>, mixin_verb=('build',))
[0.165s] Level 1:colcon.colcon_core.package_discovery:discover_packages(colcon_meta) check parameters
[0.165s] Level 1:colcon.colcon_core.package_discovery:discover_packages(recursive) check parameters
[0.165s] Level 1:colcon.colcon_core.package_discovery:discover_packages(ignore) check parameters
[0.165s] Level 1:colcon.colcon_core.package_discovery:discover_packages(path) check parameters
[0.165s] Level 1:colcon.colcon_core.package_discovery:discover_packages(colcon_meta) discover
[0.165s] Level 1:colcon.colcon_core.package_discovery:discover_packages(recursive) discover
[0.165s] INFO:colcon.colcon_core.package_discovery:Crawling recursively for packages in '/home/rohan/eysip_2024/dead_reckoning_ws'
[0.165s] Level 1:colcon.colcon_core.package_identification:_identify(.) by extensions ['ignore', 'ignore_ament_install']
[0.165s] Level 1:colcon.colcon_core.package_identification:_identify(.) by extension 'ignore'
[0.166s] Level 1:colcon.colcon_core.package_identification:_identify(.) by extension 'ignore_ament_install'
[0.166s] Level 1:colcon.colcon_core.package_identification:_identify(.) by extensions ['colcon_pkg']
[0.166s] Level 1:colcon.colcon_core.package_identification:_identify(.) by extension 'colcon_pkg'
[0.166s] Level 1:colcon.colcon_core.package_identification:_identify(.) by extensions ['colcon_meta']
[0.166s] Level 1:colcon.colcon_core.package_identification:_identify(.) by extension 'colcon_meta'
[0.166s] Level 1:colcon.colcon_core.package_identification:_identify(.) by extensions ['ros']
[0.166s] Level 1:colcon.colcon_core.package_identification:_identify(.) by extension 'ros'
[0.194s] Level 1:colcon.colcon_core.package_identification:_identify(.) by extensions ['cmake', 'python']
[0.194s] Level 1:colcon.colcon_core.package_identification:_identify(.) by extension 'cmake'
[0.194s] Level 1:colcon.colcon_core.package_identification:_identify(.) by extension 'python'
[0.194s] Level 1:colcon.colcon_core.package_identification:_identify(.) by extensions ['python_setup_py']
[0.194s] Level 1:colcon.colcon_core.package_identification:_identify(.) by extension 'python_setup_py'
[0.194s] Level 1:colcon.colcon_core.package_identification:_identify(build) by extensions ['ignore', 'ignore_ament_install']
[0.194s] Level 1:colcon.colcon_core.package_identification:_identify(build) by extension 'ignore'
[0.194s] Level 1:colcon.colcon_core.package_identification:_identify(build) ignored
[0.194s] Level 1:colcon.colcon_core.package_identification:_identify(install) by extensions ['ignore', 'ignore_ament_install']
[0.195s] Level 1:colcon.colcon_core.package_identification:_identify(install) by extension 'ignore'
[0.195s] Level 1:colcon.colcon_core.package_identification:_identify(install) ignored
[0.195s] Level 1:colcon.colcon_core.package_identification:_identify(log) by extensions ['ignore', 'ignore_ament_install']
[0.195s] Level 1:colcon.colcon_core.package_identification:_identify(log) by extension 'ignore'
[0.195s] Level 1:colcon.colcon_core.package_identification:_identify(log) ignored
[0.195s] Level 1:colcon.colcon_core.package_identification:_identify(src) by extensions ['ignore', 'ignore_ament_install']
[0.196s] Level 1:colcon.colcon_core.package_identification:_identify(src) by extension 'ignore'
[0.196s] Level 1:colcon.colcon_core.package_identification:_identify(src) by extension 'ignore_ament_install'
[0.196s] Level 1:colcon.colcon_core.package_identification:_identify(src) by extensions ['colcon_pkg']
[0.196s] Level 1:colcon.colcon_core.package_identification:_identify(src) by extension 'colcon_pkg'
[0.196s] Level 1:colcon.colcon_core.package_identification:_identify(src) by extensions ['colcon_meta']
[0.196s] Level 1:colcon.colcon_core.package_identification:_identify(src) by extension 'colcon_meta'
[0.196s] Level 1:colcon.colcon_core.package_identification:_identify(src) by extensions ['ros']
[0.196s] Level 1:colcon.colcon_core.package_identification:_identify(src) by extension 'ros'
[0.196s] Level 1:colcon.colcon_core.package_identification:_identify(src) by extensions ['cmake', 'python']
[0.196s] Level 1:colcon.colcon_core.package_identification:_identify(src) by extension 'cmake'
[0.196s] Level 1:colcon.colcon_core.package_identification:_identify(src) by extension 'python'
[0.196s] Level 1:colcon.colcon_core.package_identification:_identify(src) by extensions ['python_setup_py']
[0.196s] Level 1:colcon.colcon_core.package_identification:_identify(src) by extension 'python_setup_py'
[0.197s] Level 1:colcon.colcon_core.package_identification:_identify(src/custom_msgs) by extensions ['ignore', 'ignore_ament_install']
[0.197s] Level 1:colcon.colcon_core.package_identification:_identify(src/custom_msgs) by extension 'ignore'
[0.197s] Level 1:colcon.colcon_core.package_identification:_identify(src/custom_msgs) by extension 'ignore_ament_install'
[0.197s] Level 1:colcon.colcon_core.package_identification:_identify(src/custom_msgs) by extensions ['colcon_pkg']
[0.197s] Level 1:colcon.colcon_core.package_identification:_identify(src/custom_msgs) by extension 'colcon_pkg'
[0.197s] Level 1:colcon.colcon_core.package_identification:_identify(src/custom_msgs) by extensions ['colcon_meta']
[0.197s] Level 1:colcon.colcon_core.package_identification:_identify(src/custom_msgs) by extension 'colcon_meta'
[0.197s] Level 1:colcon.colcon_core.package_identification:_identify(src/custom_msgs) by extensions ['ros']
[0.197s] Level 1:colcon.colcon_core.package_identification:_identify(src/custom_msgs) by extension 'ros'
[0.201s] DEBUG:colcon.colcon_core.package_identification:Package 'src/custom_msgs' with type 'ros.ament_cmake' and name 'custom_msgs'
[0.201s] Level 1:colcon.colcon_core.package_identification:_identify(src/imu_pose_estimation) by extensions ['ignore', 'ignore_ament_install']
[0.201s] Level 1:colcon.colcon_core.package_identification:_identify(src/imu_pose_estimation) by extension 'ignore'
[0.201s] Level 1:colcon.colcon_core.package_identification:_identify(src/imu_pose_estimation) by extension 'ignore_ament_install'
[0.201s] Level 1:colcon.colcon_core.package_identification:_identify(src/imu_pose_estimation) by extensions ['colcon_pkg']
[0.201s] Level 1:colcon.colcon_core.package_identification:_identify(src/imu_pose_estimation) by extension 'colcon_pkg'
[0.201s] Level 1:colcon.colcon_core.package_identification:_identify(src/imu_pose_estimation) by extensions ['colcon_meta']
[0.201s] Level 1:colcon.colcon_core.package_identification:_identify(src/imu_pose_estimation) by extension 'colcon_meta'
[0.201s] Level 1:colcon.colcon_core.package_identification:_identify(src/imu_pose_estimation) by extensions ['ros']
[0.201s] Level 1:colcon.colcon_core.package_identification:_identify(src/imu_pose_estimation) by extension 'ros'
[0.202s] DEBUG:colcon.colcon_core.package_identification:Package 'src/imu_pose_estimation' with type 'ros.ament_python' and name 'imu_pose_estimation'
[0.202s] Level 1:colcon.colcon_core.package_identification:_identify(src/navigation) by extensions ['ignore', 'ignore_ament_install']
[0.202s] Level 1:colcon.colcon_core.package_identification:_identify(src/navigation) by extension 'ignore'
[0.202s] Level 1:colcon.colcon_core.package_identification:_identify(src/navigation) by extension 'ignore_ament_install'
[0.203s] Level 1:colcon.colcon_core.package_identification:_identify(src/navigation) by extensions ['colcon_pkg']
[0.203s] Level 1:colcon.colcon_core.package_identification:_identify(src/navigation) by extension 'colcon_pkg'
[0.203s] Level 1:colcon.colcon_core.package_identification:_identify(src/navigation) by extensions ['colcon_meta']
[0.203s] Level 1:colcon.colcon_core.package_identification:_identify(src/navigation) by extension 'colcon_meta'
[0.203s] Level 1:colcon.colcon_core.package_identification:_identify(src/navigation) by extensions ['ros']
[0.203s] Level 1:colcon.colcon_core.package_identification:_identify(src/navigation) by extension 'ros'
[0.203s] DEBUG:colcon.colcon_core.package_identification:Package 'src/navigation' with type 'ros.ament_python' and name 'navigation'
[0.203s] Level 1:colcon.colcon_core.package_discovery:discover_packages(recursive) using defaults
[0.203s] Level 1:colcon.colcon_core.package_discovery:discover_packages(ignore) discover
[0.204s] Level 1:colcon.colcon_core.package_discovery:discover_packages(ignore) using defaults
[0.204s] Level 1:colcon.colcon_core.package_discovery:discover_packages(path) discover
[0.204s] Level 1:colcon.colcon_core.package_discovery:discover_packages(path) using defaults
[0.223s] Level 1:colcon.colcon_core.package_discovery:discover_packages(prefix_path) check parameters
[0.223s] Level 1:colcon.colcon_core.package_discovery:discover_packages(prefix_path) discover
[0.225s] DEBUG:colcon.colcon_installed_package_information.package_discovery:Found 3 installed packages in /home/rohan/eysip_2024/dead_reckoning_ws/install
[0.227s] DEBUG:colcon.colcon_installed_package_information.package_discovery:Found 287 installed packages in /opt/ros/jazzy
[0.228s] Level 1:colcon.colcon_core.package_discovery:discover_packages(prefix_path) using defaults
[0.280s] Level 5:colcon.colcon_core.verb:set package 'custom_msgs' build argument 'cmake_args' from command line to 'None'
[0.280s] Level 5:colcon.colcon_core.verb:set package 'custom_msgs' build argument 'cmake_target' from command line to 'None'
[0.280s] Level 5:colcon.colcon_core.verb:set package 'custom_msgs' build argument 'cmake_target_skip_unavailable' from command line to 'False'
[0.280s] Level 5:colcon.colcon_core.verb:set package 'custom_msgs' build argument 'cmake_clean_cache' from command line to 'False'
[0.280s] Level 5:colcon.colcon_core.verb:set package 'custom_msgs' build argument 'cmake_clean_first' from command line to 'False'
[0.280s] Level 5:colcon.colcon_core.verb:set package 'custom_msgs' build argument 'cmake_force_configure' from command line to 'False'
[0.280s] Level 5:colcon.colcon_core.verb:set package 'custom_msgs' build argument 'ament_cmake_args' from command line to 'None'
[0.280s] Level 5:colcon.colcon_core.verb:set package 'custom_msgs' build argument 'catkin_cmake_args' from command line to 'None'
[0.280s] Level 5:colcon.colcon_core.verb:set package 'custom_msgs' build argument 'catkin_skip_building_tests' from command line to 'False'
[0.280s] DEBUG:colcon.colcon_core.verb:Building package 'custom_msgs' with the following arguments: {'ament_cmake_args': None, 'build_base': '/home/rohan/eysip_2024/dead_reckoning_ws/build/custom_msgs', 'catkin_cmake_args': None, 'catkin_skip_building_tests': False, 'cmake_args': None, 'cmake_clean_cache': False, 'cmake_clean_first': False, 'cmake_force_configure': False, 'cmake_target': None, 'cmake_target_skip_unavailable': False, 'install_base': '/home/rohan/eysip_2024/dead_reckoning_ws/install/custom_msgs', 'merge_install': False, 'path': '/home/rohan/eysip_2024/dead_reckoning_ws/src/custom_msgs', 'symlink_install': False, 'test_result_base': None}
[0.281s] Level 5:colcon.colcon_core.verb:set package 'imu_pose_estimation' build argument 'cmake_args' from command line to 'None'
[0.281s] Level 5:colcon.colcon_core.verb:set package 'imu_pose_estimation' build argument 'cmake_target' from command line to 'None'
[0.281s] Level 5:colcon.colcon_core.verb:set package 'imu_pose_estimation' build argument 'cmake_target_skip_unavailable' from command line to 'False'
[0.281s] Level 5:colcon.colcon_core.verb:set package 'imu_pose_estimation' build argument 'cmake_clean_cache' from command line to 'False'
[0.281s] Level 5:colcon.colcon_core.verb:set package 'imu_pose_estimation' build argument 'cmake_clean_first' from command line to 'False'
[0.281s] Level 5:colcon.colcon_core.verb:set package 'imu_pose_estimation' build argument 'cmake_force_configure' from command line to 'False'
[0.281s] Level 5:colcon.colcon_core.verb:set package 'imu_pose_estimation' build argument 'ament_cmake_args' from command line to 'None'
[0.281s] Level 5:colcon.colcon_core.verb:set package 'imu_pose_estimation' build argument 'catkin_cmake_args' from command line to 'None'
[0.281s] Level 5:colcon.colcon_core.verb:set package 'imu_pose_estimation' build argument 'catkin_skip_building_tests' from command line to 'False'
[0.281s] DEBUG:colcon.colcon_core.verb:Building package 'imu_pose_estimation' with the following arguments: {'ament_cmake_args': None, 'build_base': '/home/rohan/eysip_2024/dead_reckoning_ws/build/imu_pose_estimation', 'catkin_cmake_args': None, 'catkin_skip_building_tests': False, 'cmake_args': None, 'cmake_clean_cache': False, 'cmake_clean_first': False, 'cmake_force_configure': False, 'cmake_target': None, 'cmake_target_skip_unavailable': False, 'install_base': '/home/rohan/eysip_2024/dead_reckoning_ws/install/imu_pose_estimation', 'merge_install': False, 'path': '/home/rohan/eysip_2024/dead_reckoning_ws/src/imu_pose_estimation', 'symlink_install': False, 'test_result_base': None}
[0.281s] Level 5:colcon.colcon_core.verb:set package 'navigation' build argument 'cmake_args' from command line to 'None'
[0.281s] Level 5:colcon.colcon_core.verb:set package 'navigation' build argument 'cmake_target' from command line to 'None'
[0.281s] Level 5:colcon.colcon_core.verb:set package 'navigation' build argument 'cmake_target_skip_unavailable' from command line to 'False'
[0.281s] Level 5:colcon.colcon_core.verb:set package 'navigation' build argument 'cmake_clean_cache' from command line to 'False'
[0.281s] Level 5:colcon.colcon_core.verb:set package 'navigation' build argument 'cmake_clean_first' from command line to 'False'
[0.281s] Level 5:colcon.colcon_core.verb:set package 'navigation' build argument 'cmake_force_configure' from command line to 'False'
[0.281s] Level 5:colcon.colcon_core.verb:set package 'navigation' build argument 'ament_cmake_args' from command line to 'None'
[0.282s] Level 5:colcon.colcon_core.verb:set package 'navigation' build argument 'catkin_cmake_args' from command line to 'None'
[0.282s] Level 5:colcon.colcon_core.verb:set package 'navigation' build argument 'catkin_skip_building_tests' from command line to 'False'
[0.282s] DEBUG:colcon.colcon_core.verb:Building package 'navigation' with the following arguments: {'ament_cmake_args': None, 'build_base': '/home/rohan/eysip_2024/dead_reckoning_ws/build/navigation', 'catkin_cmake_args': None, 'catkin_skip_building_tests': False, 'cmake_args': None, 'cmake_clean_cache': False, 'cmake_clean_first': False, 'cmake_force_configure': False, 'cmake_target': None, 'cmake_target_skip_unavailable': False, 'install_base': '/home/rohan/eysip_2024/dead_reckoning_ws/install/navigation', 'merge_install': False, 'path': '/home/rohan/eysip_2024/dead_reckoning_ws/src/navigation', 'symlink_install': False, 'test_result_base': None}
[0.282s] INFO:colcon.colcon_core.executor:Executing jobs using 'parallel' executor
[0.283s] DEBUG:colcon.colcon_parallel_executor.executor.parallel:run_until_complete
[0.284s] INFO:colcon.colcon_ros.task.ament_cmake.build:Building ROS package in '/home/rohan/eysip_2024/dead_reckoning_ws/src/custom_msgs' with build type 'ament_cmake'
[0.284s] INFO:colcon.colcon_cmake.task.cmake.build:Building CMake package in '/home/rohan/eysip_2024/dead_reckoning_ws/src/custom_msgs'
[0.288s] INFO:colcon.colcon_core.plugin_system:Skipping extension 'colcon_core.shell.bat': Not used on non-Windows systems
[0.289s] INFO:colcon.colcon_core.shell:Skip shell extension 'powershell' for command environment: Not usable outside of PowerShell
[0.289s] DEBUG:colcon.colcon_core.shell:Skip shell extension 'dsv' for command environment
[0.296s] INFO:colcon.colcon_ros.task.ament_python.build:Building ROS package in '/home/rohan/eysip_2024/dead_reckoning_ws/src/imu_pose_estimation' with build type 'ament_python'
[0.296s] Level 1:colcon.colcon_core.shell:create_environment_hook('imu_pose_estimation', 'ament_prefix_path')
[0.296s] INFO:colcon.colcon_core.shell:Creating environment hook '/home/rohan/eysip_2024/dead_reckoning_ws/install/imu_pose_estimation/share/imu_pose_estimation/hook/ament_prefix_path.ps1'
[0.297s] INFO:colcon.colcon_core.shell:Creating environment descriptor '/home/rohan/eysip_2024/dead_reckoning_ws/install/imu_pose_estimation/share/imu_pose_estimation/hook/ament_prefix_path.dsv'
[0.298s] INFO:colcon.colcon_core.shell:Creating environment hook '/home/rohan/eysip_2024/dead_reckoning_ws/install/imu_pose_estimation/share/imu_pose_estimation/hook/ament_prefix_path.sh'
[0.299s] INFO:colcon.colcon_core.shell:Skip shell extension 'powershell' for command environment: Not usable outside of PowerShell
[0.299s] DEBUG:colcon.colcon_core.shell:Skip shell extension 'dsv' for command environment
[0.304s] INFO:colcon.colcon_ros.task.ament_python.build:Building ROS package in '/home/rohan/eysip_2024/dead_reckoning_ws/src/navigation' with build type 'ament_python'
[0.305s] Level 1:colcon.colcon_core.shell:create_environment_hook('navigation', 'ament_prefix_path')
[0.305s] INFO:colcon.colcon_core.shell:Creating environment hook '/home/rohan/eysip_2024/dead_reckoning_ws/install/navigation/share/navigation/hook/ament_prefix_path.ps1'
[0.306s] INFO:colcon.colcon_core.shell:Creating environment descriptor '/home/rohan/eysip_2024/dead_reckoning_ws/install/navigation/share/navigation/hook/ament_prefix_path.dsv'
[0.307s] INFO:colcon.colcon_core.shell:Creating environment hook '/home/rohan/eysip_2024/dead_reckoning_ws/install/navigation/share/navigation/hook/ament_prefix_path.sh'
[0.308s] INFO:colcon.colcon_core.shell:Skip shell extension 'powershell' for command environment: Not usable outside of PowerShell
[0.308s] DEBUG:colcon.colcon_core.shell:Skip shell extension 'dsv' for command environment
[0.326s] DEBUG:colcon.colcon_core.event_handler.log_command:Invoking command in '/home/rohan/eysip_2024/dead_reckoning_ws/build/custom_msgs': CMAKE_PREFIX_PATH=${CMAKE_PREFIX_PATH}:/home/rohan/eysip_2024/dead_reckoning_ws/install/navigation:/home/rohan/eysip_2024/dead_reckoning_ws/install/imu_pose_estimation:/opt/ros/jazzy DEBUGINFOD_URLS=https://debuginfod.ubuntu.com /usr/bin/cmake --build /home/rohan/eysip_2024/dead_reckoning_ws/build/custom_msgs -- -j12 -l12
[0.883s] INFO:colcon.colcon_core.task.python.build:Building Python package in '/home/rohan/eysip_2024/dead_reckoning_ws/src/imu_pose_estimation'
[0.883s] INFO:colcon.colcon_core.shell:Skip shell extension 'powershell' for command environment: Not usable outside of PowerShell
[0.883s] DEBUG:colcon.colcon_core.shell:Skip shell extension 'dsv' for command environment
[1.218s] INFO:colcon.colcon_core.task.python.build:Building Python package in '/home/rohan/eysip_2024/dead_reckoning_ws/src/navigation'
[1.219s] INFO:colcon.colcon_core.shell:Skip shell extension 'powershell' for command environment: Not usable outside of PowerShell
[1.219s] DEBUG:colcon.colcon_core.shell:Skip shell extension 'dsv' for command environment
[1.227s] DEBUG:colcon.colcon_core.event_handler.log_command:Invoked command in '/home/rohan/eysip_2024/dead_reckoning_ws/build/custom_msgs' returned '0': CMAKE_PREFIX_PATH=${CMAKE_PREFIX_PATH}:/home/rohan/eysip_2024/dead_reckoning_ws/install/navigation:/home/rohan/eysip_2024/dead_reckoning_ws/install/imu_pose_estimation:/opt/ros/jazzy DEBUGINFOD_URLS=https://debuginfod.ubuntu.com /usr/bin/cmake --build /home/rohan/eysip_2024/dead_reckoning_ws/build/custom_msgs -- -j12 -l12
[1.349s] DEBUG:colcon.colcon_core.event_handler.log_command:Invoking command in '/home/rohan/eysip_2024/dead_reckoning_ws/build/custom_msgs': CMAKE_PREFIX_PATH=${CMAKE_PREFIX_PATH}:/home/rohan/eysip_2024/dead_reckoning_ws/install/navigation:/home/rohan/eysip_2024/dead_reckoning_ws/install/imu_pose_estimation:/opt/ros/jazzy DEBUGINFOD_URLS=https://debuginfod.ubuntu.com /usr/bin/cmake --install /home/rohan/eysip_2024/dead_reckoning_ws/build/custom_msgs
[1.470s] Level 1:colcon.colcon_core.environment:create_environment_scripts_only(custom_msgs)
[1.470s] DEBUG:colcon.colcon_core.event_handler.log_command:Invoked command in '/home/rohan/eysip_2024/dead_reckoning_ws/build/custom_msgs' returned '0': CMAKE_PREFIX_PATH=${CMAKE_PREFIX_PATH}:/home/rohan/eysip_2024/dead_reckoning_ws/install/navigation:/home/rohan/eysip_2024/dead_reckoning_ws/install/imu_pose_estimation:/opt/ros/jazzy DEBUGINFOD_URLS=https://debuginfod.ubuntu.com /usr/bin/cmake --install /home/rohan/eysip_2024/dead_reckoning_ws/build/custom_msgs
[1.474s] Level 1:colcon.colcon_core.environment:checking '/home/rohan/eysip_2024/dead_reckoning_ws/install/custom_msgs' for CMake module files
[1.475s] Level 1:colcon.colcon_core.environment:checking '/home/rohan/eysip_2024/dead_reckoning_ws/install/custom_msgs' for CMake config files
[1.476s] Level 1:colcon.colcon_core.shell:create_environment_hook('custom_msgs', 'cmake_prefix_path')
[1.477s] INFO:colcon.colcon_core.shell:Creating environment hook '/home/rohan/eysip_2024/dead_reckoning_ws/install/custom_msgs/share/custom_msgs/hook/cmake_prefix_path.ps1'
[1.477s] INFO:colcon.colcon_core.shell:Creating environment descriptor '/home/rohan/eysip_2024/dead_reckoning_ws/install/custom_msgs/share/custom_msgs/hook/cmake_prefix_path.dsv'
[1.478s] INFO:colcon.colcon_core.shell:Creating environment hook '/home/rohan/eysip_2024/dead_reckoning_ws/install/custom_msgs/share/custom_msgs/hook/cmake_prefix_path.sh'
[1.479s] Level 1:colcon.colcon_core.environment:checking '/home/rohan/eysip_2024/dead_reckoning_ws/install/custom_msgs/lib'
[1.480s] Level 1:colcon.colcon_core.shell:create_environment_hook('custom_msgs', 'ld_library_path_lib')
[1.480s] INFO:colcon.colcon_core.shell:Creating environment hook '/home/rohan/eysip_2024/dead_reckoning_ws/install/custom_msgs/share/custom_msgs/hook/ld_library_path_lib.ps1'
[1.481s] INFO:colcon.colcon_core.shell:Creating environment descriptor '/home/rohan/eysip_2024/dead_reckoning_ws/install/custom_msgs/share/custom_msgs/hook/ld_library_path_lib.dsv'
[1.482s] INFO:colcon.colcon_core.shell:Creating environment hook '/home/rohan/eysip_2024/dead_reckoning_ws/install/custom_msgs/share/custom_msgs/hook/ld_library_path_lib.sh'
[1.482s] Level 1:colcon.colcon_core.environment:checking '/home/rohan/eysip_2024/dead_reckoning_ws/install/custom_msgs/bin'
[1.482s] Level 1:colcon.colcon_core.environment:checking '/home/rohan/eysip_2024/dead_reckoning_ws/install/custom_msgs/lib/pkgconfig/custom_msgs.pc'
[1.483s] Level 1:colcon.colcon_core.environment:checking '/home/rohan/eysip_2024/dead_reckoning_ws/install/custom_msgs/lib/python3.12/site-packages'
[1.483s] Level 1:colcon.colcon_core.shell:create_environment_hook('custom_msgs', 'pythonpath')
[1.483s] INFO:colcon.colcon_core.shell:Creating environment hook '/home/rohan/eysip_2024/dead_reckoning_ws/install/custom_msgs/share/custom_msgs/hook/pythonpath.ps1'
[1.484s] INFO:colcon.colcon_core.shell:Creating environment descriptor '/home/rohan/eysip_2024/dead_reckoning_ws/install/custom_msgs/share/custom_msgs/hook/pythonpath.dsv'
[1.485s] INFO:colcon.colcon_core.shell:Creating environment hook '/home/rohan/eysip_2024/dead_reckoning_ws/install/custom_msgs/share/custom_msgs/hook/pythonpath.sh'
[1.486s] Level 1:colcon.colcon_core.environment:checking '/home/rohan/eysip_2024/dead_reckoning_ws/install/custom_msgs/bin'
[1.486s] INFO:colcon.colcon_core.shell:Creating package script '/home/rohan/eysip_2024/dead_reckoning_ws/install/custom_msgs/share/custom_msgs/package.ps1'
[1.488s] INFO:colcon.colcon_core.shell:Creating package descriptor '/home/rohan/eysip_2024/dead_reckoning_ws/install/custom_msgs/share/custom_msgs/package.dsv'
[1.490s] INFO:colcon.colcon_core.shell:Creating package script '/home/rohan/eysip_2024/dead_reckoning_ws/install/custom_msgs/share/custom_msgs/package.sh'
[1.492s] INFO:colcon.colcon_core.shell:Creating package script '/home/rohan/eysip_2024/dead_reckoning_ws/install/custom_msgs/share/custom_msgs/package.bash'
[1.494s] INFO:colcon.colcon_core.shell:Creating package script '/home/rohan/eysip_2024/dead_reckoning_ws/install/custom_msgs/share/custom_msgs/package.zsh'
[1.496s] Level 1:colcon.colcon_core.environment:create_file_with_runtime_dependencies(/home/rohan/eysip_2024/dead_reckoning_ws/install/custom_msgs/share/colcon-core/packages/custom_msgs)
[1.610s] Level 1:colcon.colcon_core.environment:create_environment_scripts_only(custom_msgs)
[1.611s] Level 1:colcon.colcon_core.environment:checking '/home/rohan/eysip_2024/dead_reckoning_ws/install/custom_msgs' for CMake module files
[1.613s] Level 1:colcon.colcon_core.environment:checking '/home/rohan/eysip_2024/dead_reckoning_ws/install/custom_msgs' for CMake config files
[1.614s] Level 1:colcon.colcon_core.shell:create_environment_hook('custom_msgs', 'cmake_prefix_path')
[1.615s] INFO:colcon.colcon_core.shell:Creating environment hook '/home/rohan/eysip_2024/dead_reckoning_ws/install/custom_msgs/share/custom_msgs/hook/cmake_prefix_path.ps1'
[1.616s] INFO:colcon.colcon_core.shell:Creating environment descriptor '/home/rohan/eysip_2024/dead_reckoning_ws/install/custom_msgs/share/custom_msgs/hook/cmake_prefix_path.dsv'
[1.617s] INFO:colcon.colcon_core.shell:Creating environment hook '/home/rohan/eysip_2024/dead_reckoning_ws/install/custom_msgs/share/custom_msgs/hook/cmake_prefix_path.sh'
[1.618s] Level 1:colcon.colcon_core.environment:checking '/home/rohan/eysip_2024/dead_reckoning_ws/install/custom_msgs/lib'
[1.619s] Level 1:colcon.colcon_core.shell:create_environment_hook('custom_msgs', 'ld_library_path_lib')
[1.619s] INFO:colcon.colcon_core.shell:Creating environment hook '/home/rohan/eysip_2024/dead_reckoning_ws/install/custom_msgs/share/custom_msgs/hook/ld_library_path_lib.ps1'
[1.620s] INFO:colcon.colcon_core.shell:Creating environment descriptor '/home/rohan/eysip_2024/dead_reckoning_ws/install/custom_msgs/share/custom_msgs/hook/ld_library_path_lib.dsv'
[1.622s] INFO:colcon.colcon_core.shell:Creating environment hook '/home/rohan/eysip_2024/dead_reckoning_ws/install/custom_msgs/share/custom_msgs/hook/ld_library_path_lib.sh'
[1.623s] Level 1:colcon.colcon_core.environment:checking '/home/rohan/eysip_2024/dead_reckoning_ws/install/custom_msgs/bin'
[1.624s] Level 1:colcon.colcon_core.environment:checking '/home/rohan/eysip_2024/dead_reckoning_ws/install/custom_msgs/lib/pkgconfig/custom_msgs.pc'
[1.625s] Level 1:colcon.colcon_core.environment:checking '/home/rohan/eysip_2024/dead_reckoning_ws/install/custom_msgs/lib/python3.12/site-packages'
[1.625s] Level 1:colcon.colcon_core.shell:create_environment_hook('custom_msgs', 'pythonpath')
[1.626s] INFO:colcon.colcon_core.shell:Creating environment hook '/home/rohan/eysip_2024/dead_reckoning_ws/install/custom_msgs/share/custom_msgs/hook/pythonpath.ps1'
[1.627s] INFO:colcon.colcon_core.shell:Creating environment descriptor '/home/rohan/eysip_2024/dead_reckoning_ws/install/custom_msgs/share/custom_msgs/hook/pythonpath.dsv'
[1.629s] INFO:colcon.colcon_core.shell:Creating environment hook '/home/rohan/eysip_2024/dead_reckoning_ws/install/custom_msgs/share/custom_msgs/hook/pythonpath.sh'
[1.630s] Level 1:colcon.colcon_core.environment:checking '/home/rohan/eysip_2024/dead_reckoning_ws/install/custom_msgs/bin'
[1.631s] INFO:colcon.colcon_core.shell:Creating package script '/home/rohan/eysip_2024/dead_reckoning_ws/install/custom_msgs/share/custom_msgs/package.ps1'
[1.632s] INFO:colcon.colcon_core.shell:Creating package descriptor '/home/rohan/eysip_2024/dead_reckoning_ws/install/custom_msgs/share/custom_msgs/package.dsv'
[1.634s] INFO:colcon.colcon_core.shell:Creating package script '/home/rohan/eysip_2024/dead_reckoning_ws/install/custom_msgs/share/custom_msgs/package.sh'
[1.635s] INFO:colcon.colcon_core.shell:Creating package script '/home/rohan/eysip_2024/dead_reckoning_ws/install/custom_msgs/share/custom_msgs/package.bash'
[1.636s] INFO:colcon.colcon_core.shell:Creating package script '/home/rohan/eysip_2024/dead_reckoning_ws/install/custom_msgs/share/custom_msgs/package.zsh'
[1.637s] Level 1:colcon.colcon_core.environment:create_file_with_runtime_dependencies(/home/rohan/eysip_2024/dead_reckoning_ws/install/custom_msgs/share/colcon-core/packages/custom_msgs)
[2.232s] DEBUG:colcon.colcon_core.event_handler.log_command:Invoking command in '/home/rohan/eysip_2024/dead_reckoning_ws/src/imu_pose_estimation': DEBUGINFOD_URLS=https://debuginfod.ubuntu.com PYTHONPATH=/home/rohan/eysip_2024/dead_reckoning_ws/build/imu_pose_estimation/prefix_override:/home/rohan/eysip_2024/dead_reckoning_ws/install/imu_pose_estimation/lib/python3.12/site-packages:${PYTHONPATH} /usr/bin/python3 -W ignore:setup.py install is deprecated setup.py egg_info --egg-base ../../build/imu_pose_estimation build --build-base /home/rohan/eysip_2024/dead_reckoning_ws/build/imu_pose_estimation/build install --record /home/rohan/eysip_2024/dead_reckoning_ws/build/imu_pose_estimation/install.log --single-version-externally-managed install_data
[2.243s] DEBUG:colcon.colcon_core.event_handler.log_command:Invoking command in '/home/rohan/eysip_2024/dead_reckoning_ws/src/navigation': DEBUGINFOD_URLS=https://debuginfod.ubuntu.com PYTHONPATH=/home/rohan/eysip_2024/dead_reckoning_ws/build/navigation/prefix_override:/home/rohan/eysip_2024/dead_reckoning_ws/install/navigation/lib/python3.12/site-packages:${PYTHONPATH} /usr/bin/python3 -W ignore:setup.py install is deprecated setup.py egg_info --egg-base ../../build/navigation build --build-base /home/rohan/eysip_2024/dead_reckoning_ws/build/navigation/build install --record /home/rohan/eysip_2024/dead_reckoning_ws/build/navigation/install.log --single-version-externally-managed install_data
[3.131s] Level 1:colcon.colcon_core.environment:checking '/home/rohan/eysip_2024/dead_reckoning_ws/install/imu_pose_estimation' for CMake module files
[3.133s] DEBUG:colcon.colcon_core.event_handler.log_command:Invoked command in '/home/rohan/eysip_2024/dead_reckoning_ws/src/imu_pose_estimation' returned '0': DEBUGINFOD_URLS=https://debuginfod.ubuntu.com PYTHONPATH=/home/rohan/eysip_2024/dead_reckoning_ws/build/imu_pose_estimation/prefix_override:/home/rohan/eysip_2024/dead_reckoning_ws/install/imu_pose_estimation/lib/python3.12/site-packages:${PYTHONPATH} /usr/bin/python3 -W ignore:setup.py install is deprecated setup.py egg_info --egg-base ../../build/imu_pose_estimation build --build-base /home/rohan/eysip_2024/dead_reckoning_ws/build/imu_pose_estimation/build install --record /home/rohan/eysip_2024/dead_reckoning_ws/build/imu_pose_estimation/install.log --single-version-externally-managed install_data
[3.133s] Level 1:colcon.colcon_core.environment:checking '/home/rohan/eysip_2024/dead_reckoning_ws/install/imu_pose_estimation' for CMake config files
[3.134s] Level 1:colcon.colcon_core.environment:checking '/home/rohan/eysip_2024/dead_reckoning_ws/install/imu_pose_estimation/lib'
[3.134s] Level 1:colcon.colcon_core.environment:checking '/home/rohan/eysip_2024/dead_reckoning_ws/install/imu_pose_estimation/bin'
[3.134s] Level 1:colcon.colcon_core.environment:checking '/home/rohan/eysip_2024/dead_reckoning_ws/install/imu_pose_estimation/lib/pkgconfig/imu_pose_estimation.pc'
[3.135s] Level 1:colcon.colcon_core.environment:checking '/home/rohan/eysip_2024/dead_reckoning_ws/install/imu_pose_estimation/lib/python3.12/site-packages'
[3.135s] Level 1:colcon.colcon_core.shell:create_environment_hook('imu_pose_estimation', 'pythonpath')
[3.136s] INFO:colcon.colcon_core.shell:Creating environment hook '/home/rohan/eysip_2024/dead_reckoning_ws/install/imu_pose_estimation/share/imu_pose_estimation/hook/pythonpath.ps1'
[3.136s] INFO:colcon.colcon_core.shell:Creating environment descriptor '/home/rohan/eysip_2024/dead_reckoning_ws/install/imu_pose_estimation/share/imu_pose_estimation/hook/pythonpath.dsv'
[3.137s] INFO:colcon.colcon_core.shell:Creating environment hook '/home/rohan/eysip_2024/dead_reckoning_ws/install/imu_pose_estimation/share/imu_pose_estimation/hook/pythonpath.sh'
[3.138s] Level 1:colcon.colcon_core.environment:checking '/home/rohan/eysip_2024/dead_reckoning_ws/install/imu_pose_estimation/bin'
[3.138s] Level 1:colcon.colcon_core.environment:create_environment_scripts_only(imu_pose_estimation)
[3.139s] INFO:colcon.colcon_core.shell:Creating package script '/home/rohan/eysip_2024/dead_reckoning_ws/install/imu_pose_estimation/share/imu_pose_estimation/package.ps1'
[3.139s] INFO:colcon.colcon_core.shell:Creating package descriptor '/home/rohan/eysip_2024/dead_reckoning_ws/install/imu_pose_estimation/share/imu_pose_estimation/package.dsv'
[3.140s] INFO:colcon.colcon_core.shell:Creating package script '/home/rohan/eysip_2024/dead_reckoning_ws/install/imu_pose_estimation/share/imu_pose_estimation/package.sh'
[3.141s] INFO:colcon.colcon_core.shell:Creating package script '/home/rohan/eysip_2024/dead_reckoning_ws/install/imu_pose_estimation/share/imu_pose_estimation/package.bash'
[3.142s] INFO:colcon.colcon_core.shell:Creating package script '/home/rohan/eysip_2024/dead_reckoning_ws/install/imu_pose_estimation/share/imu_pose_estimation/package.zsh'
[3.142s] Level 1:colcon.colcon_core.environment:create_file_with_runtime_dependencies(/home/rohan/eysip_2024/dead_reckoning_ws/install/imu_pose_estimation/share/colcon-core/packages/imu_pose_estimation)
[3.143s] Level 1:colcon.colcon_core.environment:checking '/home/rohan/eysip_2024/dead_reckoning_ws/install/navigation' for CMake module files
[3.146s] Level 1:colcon.colcon_core.environment:checking '/home/rohan/eysip_2024/dead_reckoning_ws/install/navigation' for CMake config files
[3.146s] DEBUG:colcon.colcon_core.event_handler.log_command:Invoked command in '/home/rohan/eysip_2024/dead_reckoning_ws/src/navigation' returned '0': DEBUGINFOD_URLS=https://debuginfod.ubuntu.com PYTHONPATH=/home/rohan/eysip_2024/dead_reckoning_ws/build/navigation/prefix_override:/home/rohan/eysip_2024/dead_reckoning_ws/install/navigation/lib/python3.12/site-packages:${PYTHONPATH} /usr/bin/python3 -W ignore:setup.py install is deprecated setup.py egg_info --egg-base ../../build/navigation build --build-base /home/rohan/eysip_2024/dead_reckoning_ws/build/navigation/build install --record /home/rohan/eysip_2024/dead_reckoning_ws/build/navigation/install.log --single-version-externally-managed install_data
[3.148s] Level 1:colcon.colcon_core.environment:checking '/home/rohan/eysip_2024/dead_reckoning_ws/install/navigation/lib'
[3.148s] Level 1:colcon.colcon_core.environment:checking '/home/rohan/eysip_2024/dead_reckoning_ws/install/navigation/bin'
[3.148s] Level 1:colcon.colcon_core.environment:checking '/home/rohan/eysip_2024/dead_reckoning_ws/install/navigation/lib/pkgconfig/navigation.pc'
[3.149s] Level 1:colcon.colcon_core.environment:checking '/home/rohan/eysip_2024/dead_reckoning_ws/install/navigation/lib/python3.12/site-packages'
[3.149s] Level 1:colcon.colcon_core.shell:create_environment_hook('navigation', 'pythonpath')
[3.150s] INFO:colcon.colcon_core.shell:Creating environment hook '/home/rohan/eysip_2024/dead_reckoning_ws/install/navigation/share/navigation/hook/pythonpath.ps1'
[3.150s] INFO:colcon.colcon_core.shell:Creating environment descriptor '/home/rohan/eysip_2024/dead_reckoning_ws/install/navigation/share/navigation/hook/pythonpath.dsv'
[3.151s] INFO:colcon.colcon_core.shell:Creating environment hook '/home/rohan/eysip_2024/dead_reckoning_ws/install/navigation/share/navigation/hook/pythonpath.sh'
[3.152s] Level 1:colcon.colcon_core.environment:checking '/home/rohan/eysip_2024/dead_reckoning_ws/install/navigation/bin'
[3.153s] Level 1:colcon.colcon_core.environment:create_environment_scripts_only(navigation)
[3.153s] INFO:colcon.colcon_core.shell:Creating package script '/home/rohan/eysip_2024/dead_reckoning_ws/install/navigation/share/navigation/package.ps1'
[3.154s] INFO:colcon.colcon_core.shell:Creating package descriptor '/home/rohan/eysip_2024/dead_reckoning_ws/install/navigation/share/navigation/package.dsv'
[3.155s] INFO:colcon.colcon_core.shell:Creating package script '/home/rohan/eysip_2024/dead_reckoning_ws/install/navigation/share/navigation/package.sh'
[3.156s] INFO:colcon.colcon_core.shell:Creating package script '/home/rohan/eysip_2024/dead_reckoning_ws/install/navigation/share/navigation/package.bash'
[3.156s] INFO:colcon.colcon_core.shell:Creating package script '/home/rohan/eysip_2024/dead_reckoning_ws/install/navigation/share/navigation/package.zsh'
[3.157s] Level 1:colcon.colcon_core.environment:create_file_with_runtime_dependencies(/home/rohan/eysip_2024/dead_reckoning_ws/install/navigation/share/colcon-core/packages/navigation)
[3.158s] DEBUG:colcon.colcon_parallel_executor.executor.parallel:closing loop
[3.158s] DEBUG:colcon.colcon_parallel_executor.executor.parallel:loop closed
[3.158s] DEBUG:colcon.colcon_parallel_executor.executor.parallel:run_until_complete finished with '0'
[3.159s] DEBUG:colcon.colcon_core.event_reactor:joining thread
[3.173s] INFO:colcon.colcon_core.plugin_system:Skipping extension 'colcon_notification.desktop_notification.terminal_notifier': Not used on non-Darwin systems
[3.174s] INFO:colcon.colcon_core.plugin_system:Skipping extension 'colcon_notification.desktop_notification.win32': Not used on non-Windows systems
[3.174s] INFO:colcon.colcon_notification.desktop_notification:Sending desktop notification using 'notify2'
[3.196s] DEBUG:colcon.colcon_core.event_reactor:joined thread
[3.196s] INFO:colcon.colcon_core.shell:Creating prefix script '/home/rohan/eysip_2024/dead_reckoning_ws/install/local_setup.ps1'
[3.198s] INFO:colcon.colcon_core.shell:Creating prefix util module '/home/rohan/eysip_2024/dead_reckoning_ws/install/_local_setup_util_ps1.py'
[3.200s] INFO:colcon.colcon_core.shell:Creating prefix chain script '/home/rohan/eysip_2024/dead_reckoning_ws/install/setup.ps1'
[3.203s] INFO:colcon.colcon_core.shell:Creating prefix script '/home/rohan/eysip_2024/dead_reckoning_ws/install/local_setup.sh'
[3.204s] INFO:colcon.colcon_core.shell:Creating prefix util module '/home/rohan/eysip_2024/dead_reckoning_ws/install/_local_setup_util_sh.py'
[3.205s] INFO:colcon.colcon_core.shell:Creating prefix chain script '/home/rohan/eysip_2024/dead_reckoning_ws/install/setup.sh'
[3.207s] INFO:colcon.colcon_core.shell:Creating prefix script '/home/rohan/eysip_2024/dead_reckoning_ws/install/local_setup.bash'
[3.208s] INFO:colcon.colcon_core.shell:Creating prefix chain script '/home/rohan/eysip_2024/dead_reckoning_ws/install/setup.bash'
[3.210s] INFO:colcon.colcon_core.shell:Creating prefix script '/home/rohan/eysip_2024/dead_reckoning_ws/install/local_setup.zsh'
[3.211s] INFO:colcon.colcon_core.shell:Creating prefix chain script '/home/rohan/eysip_2024/dead_reckoning_ws/install/setup.zsh'
