[1.394s] Invoking command in '/home/rohan/eysip_2024/dead_reckoning_ws/src/imu_pose_estimation': DEBUGINFOD_URLS=https://debuginfod.ubuntu.com PYTHONPATH=/home/rohan/eysip_2024/dead_reckoning_ws/build/imu_pose_estimation/prefix_override:/home/rohan/eysip_2024/dead_reckoning_ws/install/imu_pose_estimation/lib/python3.12/site-packages:${PYTHONPATH} /usr/bin/python3 -W ignore:setup.py install is deprecated setup.py egg_info --egg-base ../../build/imu_pose_estimation build --build-base /home/rohan/eysip_2024/dead_reckoning_ws/build/imu_pose_estimation/build install --record /home/rohan/eysip_2024/dead_reckoning_ws/build/imu_pose_estimation/install.log --single-version-externally-managed install_data
[1.646s] running egg_info
[1.667s] writing ../../build/imu_pose_estimation/imu_pose_estimation.egg-info/PKG-INFO
[1.667s] writing dependency_links to ../../build/imu_pose_estimation/imu_pose_estimation.egg-info/dependency_links.txt
[1.669s] writing entry points to ../../build/imu_pose_estimation/imu_pose_estimation.egg-info/entry_points.txt
[1.669s] writing requirements to ../../build/imu_pose_estimation/imu_pose_estimation.egg-info/requires.txt
[1.670s] writing top-level names to ../../build/imu_pose_estimation/imu_pose_estimation.egg-info/top_level.txt
[1.733s] reading manifest file '../../build/imu_pose_estimation/imu_pose_estimation.egg-info/SOURCES.txt'
[1.735s] writing manifest file '../../build/imu_pose_estimation/imu_pose_estimation.egg-info/SOURCES.txt'
[1.735s] running build
[1.735s] running build_py
[1.736s] running install
[1.744s] running install_lib
[1.768s] running install_data
[1.768s] running install_egg_info
[1.789s] removing '/home/rohan/eysip_2024/dead_reckoning_ws/install/imu_pose_estimation/lib/python3.12/site-packages/imu_pose_estimation-0.0.0-py3.12.egg-info' (and everything under it)
[1.789s] Copying ../../build/imu_pose_estimation/imu_pose_estimation.egg-info to /home/rohan/eysip_2024/dead_reckoning_ws/install/imu_pose_estimation/lib/python3.12/site-packages/imu_pose_estimation-0.0.0-py3.12.egg-info
[1.790s] running install_scripts
[2.009s] Installing estimator script to /home/rohan/eysip_2024/dead_reckoning_ws/install/imu_pose_estimation/lib/imu_pose_estimation
[2.010s] Installing madgwick script to /home/rohan/eysip_2024/dead_reckoning_ws/install/imu_pose_estimation/lib/imu_pose_estimation
[2.011s] Installing pub script to /home/rohan/eysip_2024/dead_reckoning_ws/install/imu_pose_estimation/lib/imu_pose_estimation
[2.011s] Installing sub script to /home/rohan/eysip_2024/dead_reckoning_ws/install/imu_pose_estimation/lib/imu_pose_estimation
[2.011s] Installing yaw_estimator script to /home/rohan/eysip_2024/dead_reckoning_ws/install/imu_pose_estimation/lib/imu_pose_estimation
[2.011s] writing list of installed files to '/home/rohan/eysip_2024/dead_reckoning_ws/build/imu_pose_estimation/install.log'
[2.053s] Invoked command in '/home/rohan/eysip_2024/dead_reckoning_ws/src/imu_pose_estimation' returned '0': DEBUGINFOD_URLS=https://debuginfod.ubuntu.com PYTHONPATH=/home/rohan/eysip_2024/dead_reckoning_ws/build/imu_pose_estimation/prefix_override:/home/rohan/eysip_2024/dead_reckoning_ws/install/imu_pose_estimation/lib/python3.12/site-packages:${PYTHONPATH} /usr/bin/python3 -W ignore:setup.py install is deprecated setup.py egg_info --egg-base ../../build/imu_pose_estimation build --build-base /home/rohan/eysip_2024/dead_reckoning_ws/build/imu_pose_estimation/build install --record /home/rohan/eysip_2024/dead_reckoning_ws/build/imu_pose_estimation/install.log --single-version-externally-managed install_data
