[1.222s] Invoking command in '/home/rohan/eysip_2024/dead_reckoning_ws/src/navigation': DEBUGINFOD_URLS=https://debuginfod.ubuntu.com PYTHONPATH=/home/rohan/eysip_2024/dead_reckoning_ws/build/navigation/prefix_override:/home/rohan/eysip_2024/dead_reckoning_ws/install/navigation/lib/python3.12/site-packages:${PYTHONPATH} /usr/bin/python3 -W ignore:setup.py install is deprecated setup.py egg_info --egg-base ../../build/navigation build --build-base /home/rohan/eysip_2024/dead_reckoning_ws/build/navigation/build install --record /home/rohan/eysip_2024/dead_reckoning_ws/build/navigation/install.log --single-version-externally-managed install_data
[1.468s] running egg_info
[1.486s] writing ../../build/navigation/navigation.egg-info/PKG-INFO
[1.486s] writing dependency_links to ../../build/navigation/navigation.egg-info/dependency_links.txt
[1.487s] writing entry points to ../../build/navigation/navigation.egg-info/entry_points.txt
[1.487s] writing requirements to ../../build/navigation/navigation.egg-info/requires.txt
[1.487s] writing top-level names to ../../build/navigation/navigation.egg-info/top_level.txt
[1.526s] reading manifest file '../../build/navigation/navigation.egg-info/SOURCES.txt'
[1.527s] writing manifest file '../../build/navigation/navigation.egg-info/SOURCES.txt'
[1.527s] running build
[1.527s] running build_py
[1.527s] copying navigation/GoalNode.py -> /home/rohan/eysip_2024/dead_reckoning_ws/build/navigation/build/lib/navigation
[1.527s] copying navigation/pure_pursuit1.py -> /home/rohan/eysip_2024/dead_reckoning_ws/build/navigation/build/lib/navigation
[1.527s] running install
[1.533s] running install_lib
[1.552s] copying /home/rohan/eysip_2024/dead_reckoning_ws/build/navigation/build/lib/navigation/GoalNode.py -> /home/rohan/eysip_2024/dead_reckoning_ws/install/navigation/lib/python3.12/site-packages/navigation
[1.552s] copying /home/rohan/eysip_2024/dead_reckoning_ws/build/navigation/build/lib/navigation/pure_pursuit1.py -> /home/rohan/eysip_2024/dead_reckoning_ws/install/navigation/lib/python3.12/site-packages/navigation
[1.552s] byte-compiling /home/rohan/eysip_2024/dead_reckoning_ws/install/navigation/lib/python3.12/site-packages/navigation/GoalNode.py to GoalNode.cpython-312.pyc
[1.553s] byte-compiling /home/rohan/eysip_2024/dead_reckoning_ws/install/navigation/lib/python3.12/site-packages/navigation/pure_pursuit1.py to pure_pursuit1.cpython-312.pyc
[1.554s] running install_data
[1.555s] running install_egg_info
[1.574s] removing '/home/rohan/eysip_2024/dead_reckoning_ws/install/navigation/lib/python3.12/site-packages/navigation-0.0.0-py3.12.egg-info' (and everything under it)
[1.575s] Copying ../../build/navigation/navigation.egg-info to /home/rohan/eysip_2024/dead_reckoning_ws/install/navigation/lib/python3.12/site-packages/navigation-0.0.0-py3.12.egg-info
[1.576s] running install_scripts
[1.700s] Installing goalNode script to /home/rohan/eysip_2024/dead_reckoning_ws/install/navigation/lib/navigation
[1.701s] Installing gotoGoal script to /home/rohan/eysip_2024/dead_reckoning_ws/install/navigation/lib/navigation
[1.701s] Installing pure_pursuit script to /home/rohan/eysip_2024/dead_reckoning_ws/install/navigation/lib/navigation
[1.701s] writing list of installed files to '/home/rohan/eysip_2024/dead_reckoning_ws/build/navigation/install.log'
[1.731s] Invoked command in '/home/rohan/eysip_2024/dead_reckoning_ws/src/navigation' returned '0': DEBUGINFOD_URLS=https://debuginfod.ubuntu.com PYTHONPATH=/home/rohan/eysip_2024/dead_reckoning_ws/build/navigation/prefix_override:/home/rohan/eysip_2024/dead_reckoning_ws/install/navigation/lib/python3.12/site-packages:${PYTHONPATH} /usr/bin/python3 -W ignore:setup.py install is deprecated setup.py egg_info --egg-base ../../build/navigation build --build-base /home/rohan/eysip_2024/dead_reckoning_ws/build/navigation/build install --record /home/rohan/eysip_2024/dead_reckoning_ws/build/navigation/install.log --single-version-externally-managed install_data
