[0.021s] Invoking command in '/home/rohan/eysip_2024/dead_reckoning_ws/build/custom_msgs': CMAKE_PREFIX_PATH=${CMAKE_PREFIX_PATH}:/home/rohan/eysip_2024/dead_reckoning_ws/install/navigation:/home/rohan/eysip_2024/dead_reckoning_ws/install/imu_pose_estimation:/opt/ros/jazzy DEBUGINFOD_URLS=https://debuginfod.ubuntu.com /usr/bin/cmake --build /home/rohan/eysip_2024/dead_reckoning_ws/build/custom_msgs -- -j12 -l12
[0.357s] [  2%] Built target custom_msgs__rosidl_generator_type_description
[0.357s] [  2%] Built target ament_cmake_python_copy_custom_msgs
[0.358s] [  5%] Built target custom_msgs__cpp
[0.358s] [ 20%] Built target custom_msgs__rosidl_generator_c
[0.358s] [ 29%] Built target custom_msgs__rosidl_typesupport_cpp
[0.359s] [ 38%] Built target custom_msgs__rosidl_typesupport_introspection_cpp
[0.359s] [ 47%] Built target custom_msgs__rosidl_typesupport_fastrtps_cpp
[0.359s] [ 55%] Built target custom_msgs__rosidl_typesupport_fastrtps_c
[0.359s] [ 64%] Built target custom_msgs__rosidl_typesupport_introspection_c
[0.359s] [ 73%] Built target custom_msgs__rosidl_typesupport_c
[0.359s] [ 73%] Built target custom_msgs
[0.359s] [ 76%] Built target custom_msgs__py
[0.359s] [ 82%] Built target custom_msgs__rosidl_generator_py
[0.359s] [ 97%] Built target custom_msgs_s__rosidl_typesupport_fastrtps_c
[0.360s] [100%] Built target custom_msgs_s__rosidl_typesupport_introspection_c
[0.360s] [100%] Built target custom_msgs_s__rosidl_typesupport_c
[0.411s] running egg_info
[0.431s] writing custom_msgs.egg-info/PKG-INFO
[0.431s] writing dependency_links to custom_msgs.egg-info/dependency_links.txt
[0.432s] writing top-level names to custom_msgs.egg-info/top_level.txt
[0.533s] reading manifest file 'custom_msgs.egg-info/SOURCES.txt'
[0.533s] writing manifest file 'custom_msgs.egg-info/SOURCES.txt'
[0.612s] [100%] Built target ament_cmake_python_build_custom_msgs_egg
[0.646s] Invoked command in '/home/rohan/eysip_2024/dead_reckoning_ws/build/custom_msgs' returned '0': CMAKE_PREFIX_PATH=${CMAKE_PREFIX_PATH}:/home/rohan/eysip_2024/dead_reckoning_ws/install/navigation:/home/rohan/eysip_2024/dead_reckoning_ws/install/imu_pose_estimation:/opt/ros/jazzy DEBUGINFOD_URLS=https://debuginfod.ubuntu.com /usr/bin/cmake --build /home/rohan/eysip_2024/dead_reckoning_ws/build/custom_msgs -- -j12 -l12
[0.715s] Invoking command in '/home/rohan/eysip_2024/dead_reckoning_ws/build/custom_msgs': CMAKE_PREFIX_PATH=${CMAKE_PREFIX_PATH}:/home/rohan/eysip_2024/dead_reckoning_ws/install/navigation:/home/rohan/eysip_2024/dead_reckoning_ws/install/imu_pose_estimation:/opt/ros/jazzy DEBUGINFOD_URLS=https://debuginfod.ubuntu.com /usr/bin/cmake --install /home/rohan/eysip_2024/dead_reckoning_ws/build/custom_msgs
[0.724s] -- Install configuration: ""
[0.725s] -- Up-to-date: /home/rohan/eysip_2024/dead_reckoning_ws/install/custom_msgs/share/ament_index/resource_index/rosidl_interfaces/custom_msgs
[0.726s] -- Up-to-date: /home/rohan/eysip_2024/dead_reckoning_ws/install/custom_msgs/share/custom_msgs/msg/Goal.json
[0.726s] -- Up-to-date: /home/rohan/eysip_2024/dead_reckoning_ws/install/custom_msgs/include/custom_msgs/custom_msgs
[0.726s] -- Up-to-date: /home/rohan/eysip_2024/dead_reckoning_ws/install/custom_msgs/include/custom_msgs/custom_msgs/msg
[0.727s] -- Up-to-date: /home/rohan/eysip_2024/dead_reckoning_ws/install/custom_msgs/include/custom_msgs/custom_msgs/msg/detail
[0.727s] -- Up-to-date: /home/rohan/eysip_2024/dead_reckoning_ws/install/custom_msgs/include/custom_msgs/custom_msgs/msg/detail/goal__description.c
[0.728s] -- Up-to-date: /home/rohan/eysip_2024/dead_reckoning_ws/install/custom_msgs/include/custom_msgs/custom_msgs/msg/detail/goal__functions.h
[0.729s] -- Up-to-date: /home/rohan/eysip_2024/dead_reckoning_ws/install/custom_msgs/include/custom_msgs/custom_msgs/msg/detail/goal__struct.h
[0.729s] -- Up-to-date: /home/rohan/eysip_2024/dead_reckoning_ws/install/custom_msgs/include/custom_msgs/custom_msgs/msg/detail/goal__functions.c
[0.730s] -- Up-to-date: /home/rohan/eysip_2024/dead_reckoning_ws/install/custom_msgs/include/custom_msgs/custom_msgs/msg/detail/goal__type_support.c
[0.731s] -- Up-to-date: /home/rohan/eysip_2024/dead_reckoning_ws/install/custom_msgs/include/custom_msgs/custom_msgs/msg/detail/goal__type_support.h
[0.731s] -- Up-to-date: /home/rohan/eysip_2024/dead_reckoning_ws/install/custom_msgs/include/custom_msgs/custom_msgs/msg/rosidl_generator_c__visibility_control.h
[0.731s] -- Up-to-date: /home/rohan/eysip_2024/dead_reckoning_ws/install/custom_msgs/include/custom_msgs/custom_msgs/msg/goal.h
[0.732s] -- Up-to-date: /home/rohan/eysip_2024/dead_reckoning_ws/install/custom_msgs/share/custom_msgs/environment/library_path.sh
[0.733s] -- Up-to-date: /home/rohan/eysip_2024/dead_reckoning_ws/install/custom_msgs/share/custom_msgs/environment/library_path.dsv
[0.733s] -- Up-to-date: /home/rohan/eysip_2024/dead_reckoning_ws/install/custom_msgs/lib/libcustom_msgs__rosidl_generator_c.so
[0.734s] -- Up-to-date: /home/rohan/eysip_2024/dead_reckoning_ws/install/custom_msgs/include/custom_msgs/custom_msgs
[0.735s] -- Up-to-date: /home/rohan/eysip_2024/dead_reckoning_ws/install/custom_msgs/include/custom_msgs/custom_msgs/msg
[0.735s] -- Up-to-date: /home/rohan/eysip_2024/dead_reckoning_ws/install/custom_msgs/include/custom_msgs/custom_msgs/msg/rosidl_typesupport_fastrtps_c__visibility_control.h
[0.736s] -- Up-to-date: /home/rohan/eysip_2024/dead_reckoning_ws/install/custom_msgs/include/custom_msgs/custom_msgs/msg/detail
[0.736s] -- Up-to-date: /home/rohan/eysip_2024/dead_reckoning_ws/install/custom_msgs/include/custom_msgs/custom_msgs/msg/detail/goal__rosidl_typesupport_fastrtps_c.h
[0.737s] -- Up-to-date: /home/rohan/eysip_2024/dead_reckoning_ws/install/custom_msgs/lib/libcustom_msgs__rosidl_typesupport_fastrtps_c.so
[0.737s] -- Up-to-date: /home/rohan/eysip_2024/dead_reckoning_ws/install/custom_msgs/include/custom_msgs/custom_msgs
[0.738s] -- Up-to-date: /home/rohan/eysip_2024/dead_reckoning_ws/install/custom_msgs/include/custom_msgs/custom_msgs/msg
[0.738s] -- Up-to-date: /home/rohan/eysip_2024/dead_reckoning_ws/install/custom_msgs/include/custom_msgs/custom_msgs/msg/rosidl_typesupport_introspection_c__visibility_control.h
[0.739s] -- Up-to-date: /home/rohan/eysip_2024/dead_reckoning_ws/install/custom_msgs/include/custom_msgs/custom_msgs/msg/detail
[0.740s] -- Up-to-date: /home/rohan/eysip_2024/dead_reckoning_ws/install/custom_msgs/include/custom_msgs/custom_msgs/msg/detail/goal__rosidl_typesupport_introspection_c.h
[0.740s] -- Up-to-date: /home/rohan/eysip_2024/dead_reckoning_ws/install/custom_msgs/include/custom_msgs/custom_msgs/msg/detail/goal__type_support.c
[0.741s] -- Up-to-date: /home/rohan/eysip_2024/dead_reckoning_ws/install/custom_msgs/lib/libcustom_msgs__rosidl_typesupport_introspection_c.so
[0.741s] -- Up-to-date: /home/rohan/eysip_2024/dead_reckoning_ws/install/custom_msgs/lib/libcustom_msgs__rosidl_typesupport_c.so
[0.741s] -- Up-to-date: /home/rohan/eysip_2024/dead_reckoning_ws/install/custom_msgs/include/custom_msgs/custom_msgs
[0.742s] -- Up-to-date: /home/rohan/eysip_2024/dead_reckoning_ws/install/custom_msgs/include/custom_msgs/custom_msgs/msg
[0.742s] -- Up-to-date: /home/rohan/eysip_2024/dead_reckoning_ws/install/custom_msgs/include/custom_msgs/custom_msgs/msg/goal.hpp
[0.742s] -- Up-to-date: /home/rohan/eysip_2024/dead_reckoning_ws/install/custom_msgs/include/custom_msgs/custom_msgs/msg/rosidl_generator_cpp__visibility_control.hpp
[0.743s] -- Up-to-date: /home/rohan/eysip_2024/dead_reckoning_ws/install/custom_msgs/include/custom_msgs/custom_msgs/msg/detail
[0.743s] -- Up-to-date: /home/rohan/eysip_2024/dead_reckoning_ws/install/custom_msgs/include/custom_msgs/custom_msgs/msg/detail/goal__struct.hpp
[0.743s] -- Up-to-date: /home/rohan/eysip_2024/dead_reckoning_ws/install/custom_msgs/include/custom_msgs/custom_msgs/msg/detail/goal__traits.hpp
[0.744s] -- Up-to-date: /home/rohan/eysip_2024/dead_reckoning_ws/install/custom_msgs/include/custom_msgs/custom_msgs/msg/detail/goal__type_support.hpp
[0.744s] -- Up-to-date: /home/rohan/eysip_2024/dead_reckoning_ws/install/custom_msgs/include/custom_msgs/custom_msgs/msg/detail/goal__builder.hpp
[0.744s] -- Up-to-date: /home/rohan/eysip_2024/dead_reckoning_ws/install/custom_msgs/include/custom_msgs/custom_msgs
[0.745s] -- Up-to-date: /home/rohan/eysip_2024/dead_reckoning_ws/install/custom_msgs/include/custom_msgs/custom_msgs/msg
[0.745s] -- Up-to-date: /home/rohan/eysip_2024/dead_reckoning_ws/install/custom_msgs/include/custom_msgs/custom_msgs/msg/detail
[0.745s] -- Up-to-date: /home/rohan/eysip_2024/dead_reckoning_ws/install/custom_msgs/include/custom_msgs/custom_msgs/msg/detail/dds_fastrtps
[0.746s] -- Up-to-date: /home/rohan/eysip_2024/dead_reckoning_ws/install/custom_msgs/include/custom_msgs/custom_msgs/msg/detail/goal__rosidl_typesupport_fastrtps_cpp.hpp
[0.746s] -- Up-to-date: /home/rohan/eysip_2024/dead_reckoning_ws/install/custom_msgs/include/custom_msgs/custom_msgs/msg/rosidl_typesupport_fastrtps_cpp__visibility_control.h
[0.746s] -- Up-to-date: /home/rohan/eysip_2024/dead_reckoning_ws/install/custom_msgs/lib/libcustom_msgs__rosidl_typesupport_fastrtps_cpp.so
[0.747s] -- Up-to-date: /home/rohan/eysip_2024/dead_reckoning_ws/install/custom_msgs/include/custom_msgs/custom_msgs
[0.747s] -- Up-to-date: /home/rohan/eysip_2024/dead_reckoning_ws/install/custom_msgs/include/custom_msgs/custom_msgs/msg
[0.747s] -- Up-to-date: /home/rohan/eysip_2024/dead_reckoning_ws/install/custom_msgs/include/custom_msgs/custom_msgs/msg/detail
[0.748s] -- Up-to-date: /home/rohan/eysip_2024/dead_reckoning_ws/install/custom_msgs/include/custom_msgs/custom_msgs/msg/detail/goal__rosidl_typesupport_introspection_cpp.hpp
[0.748s] -- Up-to-date: /home/rohan/eysip_2024/dead_reckoning_ws/install/custom_msgs/include/custom_msgs/custom_msgs/msg/detail/goal__type_support.cpp
[0.748s] -- Up-to-date: /home/rohan/eysip_2024/dead_reckoning_ws/install/custom_msgs/lib/libcustom_msgs__rosidl_typesupport_introspection_cpp.so
[0.749s] -- Up-to-date: /home/rohan/eysip_2024/dead_reckoning_ws/install/custom_msgs/lib/libcustom_msgs__rosidl_typesupport_cpp.so
[0.749s] -- Up-to-date: /home/rohan/eysip_2024/dead_reckoning_ws/install/custom_msgs/share/custom_msgs/environment/pythonpath.sh
[0.749s] -- Up-to-date: /home/rohan/eysip_2024/dead_reckoning_ws/install/custom_msgs/share/custom_msgs/environment/pythonpath.dsv
[0.750s] -- Up-to-date: /home/rohan/eysip_2024/dead_reckoning_ws/install/custom_msgs/lib/python3.12/site-packages/custom_msgs-0.0.0-py3.12.egg-info
[0.750s] -- Installing: /home/rohan/eysip_2024/dead_reckoning_ws/install/custom_msgs/lib/python3.12/site-packages/custom_msgs-0.0.0-py3.12.egg-info/top_level.txt
[0.750s] -- Installing: /home/rohan/eysip_2024/dead_reckoning_ws/install/custom_msgs/lib/python3.12/site-packages/custom_msgs-0.0.0-py3.12.egg-info/PKG-INFO
[0.751s] -- Installing: /home/rohan/eysip_2024/dead_reckoning_ws/install/custom_msgs/lib/python3.12/site-packages/custom_msgs-0.0.0-py3.12.egg-info/dependency_links.txt
[0.751s] -- Installing: /home/rohan/eysip_2024/dead_reckoning_ws/install/custom_msgs/lib/python3.12/site-packages/custom_msgs-0.0.0-py3.12.egg-info/SOURCES.txt
[0.751s] -- Up-to-date: /home/rohan/eysip_2024/dead_reckoning_ws/install/custom_msgs/lib/python3.12/site-packages/custom_msgs
[0.751s] -- Up-to-date: /home/rohan/eysip_2024/dead_reckoning_ws/install/custom_msgs/lib/python3.12/site-packages/custom_msgs/custom_msgs_s__rosidl_typesupport_introspection_c.so
[0.752s] -- Up-to-date: /home/rohan/eysip_2024/dead_reckoning_ws/install/custom_msgs/lib/python3.12/site-packages/custom_msgs/_custom_msgs_s.ep.rosidl_typesupport_introspection_c.c
[0.752s] -- Up-to-date: /home/rohan/eysip_2024/dead_reckoning_ws/install/custom_msgs/lib/python3.12/site-packages/custom_msgs/msg
[0.752s] -- Up-to-date: /home/rohan/eysip_2024/dead_reckoning_ws/install/custom_msgs/lib/python3.12/site-packages/custom_msgs/msg/_goal.py
[0.752s] -- Up-to-date: /home/rohan/eysip_2024/dead_reckoning_ws/install/custom_msgs/lib/python3.12/site-packages/custom_msgs/msg/_goal_s.c
[0.753s] -- Up-to-date: /home/rohan/eysip_2024/dead_reckoning_ws/install/custom_msgs/lib/python3.12/site-packages/custom_msgs/msg/__init__.py
[0.753s] -- Up-to-date: /home/rohan/eysip_2024/dead_reckoning_ws/install/custom_msgs/lib/python3.12/site-packages/custom_msgs/__init__.py
[0.753s] -- Up-to-date: /home/rohan/eysip_2024/dead_reckoning_ws/install/custom_msgs/lib/python3.12/site-packages/custom_msgs/custom_msgs_s__rosidl_typesupport_c.so
[0.754s] -- Up-to-date: /home/rohan/eysip_2024/dead_reckoning_ws/install/custom_msgs/lib/python3.12/site-packages/custom_msgs/_custom_msgs_s.ep.rosidl_typesupport_c.c
[0.754s] -- Up-to-date: /home/rohan/eysip_2024/dead_reckoning_ws/install/custom_msgs/lib/python3.12/site-packages/custom_msgs/custom_msgs_s__rosidl_typesupport_fastrtps_c.so
[0.754s] -- Up-to-date: /home/rohan/eysip_2024/dead_reckoning_ws/install/custom_msgs/lib/python3.12/site-packages/custom_msgs/_custom_msgs_s.ep.rosidl_typesupport_fastrtps_c.c
[0.791s] Listing '/home/rohan/eysip_2024/dead_reckoning_ws/install/custom_msgs/lib/python3.12/site-packages/custom_msgs'...
[0.791s] Listing '/home/rohan/eysip_2024/dead_reckoning_ws/install/custom_msgs/lib/python3.12/site-packages/custom_msgs/msg'...
[0.796s] -- Up-to-date: /home/rohan/eysip_2024/dead_reckoning_ws/install/custom_msgs/lib/python3.12/site-packages/custom_msgs/custom_msgs_s__rosidl_typesupport_fastrtps_c.so
[0.796s] -- Up-to-date: /home/rohan/eysip_2024/dead_reckoning_ws/install/custom_msgs/lib/python3.12/site-packages/custom_msgs/custom_msgs_s__rosidl_typesupport_introspection_c.so
[0.797s] -- Up-to-date: /home/rohan/eysip_2024/dead_reckoning_ws/install/custom_msgs/lib/python3.12/site-packages/custom_msgs/custom_msgs_s__rosidl_typesupport_c.so
[0.797s] -- Up-to-date: /home/rohan/eysip_2024/dead_reckoning_ws/install/custom_msgs/lib/libcustom_msgs__rosidl_generator_py.so
[0.797s] -- Up-to-date: /home/rohan/eysip_2024/dead_reckoning_ws/install/custom_msgs/share/custom_msgs/msg/Goal.idl
[0.798s] -- Up-to-date: /home/rohan/eysip_2024/dead_reckoning_ws/install/custom_msgs/share/custom_msgs/msg/Goal.msg
[0.799s] -- Up-to-date: /home/rohan/eysip_2024/dead_reckoning_ws/install/custom_msgs/share/ament_index/resource_index/package_run_dependencies/custom_msgs
[0.799s] -- Up-to-date: /home/rohan/eysip_2024/dead_reckoning_ws/install/custom_msgs/share/ament_index/resource_index/parent_prefix_path/custom_msgs
[0.800s] -- Up-to-date: /home/rohan/eysip_2024/dead_reckoning_ws/install/custom_msgs/share/custom_msgs/environment/ament_prefix_path.sh
[0.800s] -- Up-to-date: /home/rohan/eysip_2024/dead_reckoning_ws/install/custom_msgs/share/custom_msgs/environment/ament_prefix_path.dsv
[0.801s] -- Up-to-date: /home/rohan/eysip_2024/dead_reckoning_ws/install/custom_msgs/share/custom_msgs/environment/path.sh
[0.802s] -- Up-to-date: /home/rohan/eysip_2024/dead_reckoning_ws/install/custom_msgs/share/custom_msgs/environment/path.dsv
[0.802s] -- Up-to-date: /home/rohan/eysip_2024/dead_reckoning_ws/install/custom_msgs/share/custom_msgs/local_setup.bash
[0.803s] -- Up-to-date: /home/rohan/eysip_2024/dead_reckoning_ws/install/custom_msgs/share/custom_msgs/local_setup.sh
[0.804s] -- Up-to-date: /home/rohan/eysip_2024/dead_reckoning_ws/install/custom_msgs/share/custom_msgs/local_setup.zsh
[0.805s] -- Up-to-date: /home/rohan/eysip_2024/dead_reckoning_ws/install/custom_msgs/share/custom_msgs/local_setup.dsv
[0.805s] -- Installing: /home/rohan/eysip_2024/dead_reckoning_ws/install/custom_msgs/share/custom_msgs/package.dsv
[0.806s] -- Up-to-date: /home/rohan/eysip_2024/dead_reckoning_ws/install/custom_msgs/share/ament_index/resource_index/packages/custom_msgs
[0.806s] -- Up-to-date: /home/rohan/eysip_2024/dead_reckoning_ws/install/custom_msgs/share/custom_msgs/cmake/export_custom_msgs__rosidl_generator_cExport.cmake
[0.807s] -- Up-to-date: /home/rohan/eysip_2024/dead_reckoning_ws/install/custom_msgs/share/custom_msgs/cmake/export_custom_msgs__rosidl_generator_cExport-noconfig.cmake
[0.807s] -- Up-to-date: /home/rohan/eysip_2024/dead_reckoning_ws/install/custom_msgs/share/custom_msgs/cmake/export_custom_msgs__rosidl_typesupport_fastrtps_cExport.cmake
[0.808s] -- Up-to-date: /home/rohan/eysip_2024/dead_reckoning_ws/install/custom_msgs/share/custom_msgs/cmake/export_custom_msgs__rosidl_typesupport_fastrtps_cExport-noconfig.cmake
[0.808s] -- Up-to-date: /home/rohan/eysip_2024/dead_reckoning_ws/install/custom_msgs/share/custom_msgs/cmake/custom_msgs__rosidl_typesupport_introspection_cExport.cmake
[0.809s] -- Up-to-date: /home/rohan/eysip_2024/dead_reckoning_ws/install/custom_msgs/share/custom_msgs/cmake/custom_msgs__rosidl_typesupport_introspection_cExport-noconfig.cmake
[0.810s] -- Up-to-date: /home/rohan/eysip_2024/dead_reckoning_ws/install/custom_msgs/share/custom_msgs/cmake/custom_msgs__rosidl_typesupport_cExport.cmake
[0.810s] -- Up-to-date: /home/rohan/eysip_2024/dead_reckoning_ws/install/custom_msgs/share/custom_msgs/cmake/custom_msgs__rosidl_typesupport_cExport-noconfig.cmake
[0.811s] -- Up-to-date: /home/rohan/eysip_2024/dead_reckoning_ws/install/custom_msgs/share/custom_msgs/cmake/export_custom_msgs__rosidl_generator_cppExport.cmake
[0.812s] -- Up-to-date: /home/rohan/eysip_2024/dead_reckoning_ws/install/custom_msgs/share/custom_msgs/cmake/export_custom_msgs__rosidl_typesupport_fastrtps_cppExport.cmake
[0.812s] -- Up-to-date: /home/rohan/eysip_2024/dead_reckoning_ws/install/custom_msgs/share/custom_msgs/cmake/export_custom_msgs__rosidl_typesupport_fastrtps_cppExport-noconfig.cmake
[0.814s] -- Up-to-date: /home/rohan/eysip_2024/dead_reckoning_ws/install/custom_msgs/share/custom_msgs/cmake/custom_msgs__rosidl_typesupport_introspection_cppExport.cmake
[0.814s] -- Up-to-date: /home/rohan/eysip_2024/dead_reckoning_ws/install/custom_msgs/share/custom_msgs/cmake/custom_msgs__rosidl_typesupport_introspection_cppExport-noconfig.cmake
[0.815s] -- Up-to-date: /home/rohan/eysip_2024/dead_reckoning_ws/install/custom_msgs/share/custom_msgs/cmake/custom_msgs__rosidl_typesupport_cppExport.cmake
[0.815s] -- Up-to-date: /home/rohan/eysip_2024/dead_reckoning_ws/install/custom_msgs/share/custom_msgs/cmake/custom_msgs__rosidl_typesupport_cppExport-noconfig.cmake
[0.816s] -- Up-to-date: /home/rohan/eysip_2024/dead_reckoning_ws/install/custom_msgs/share/custom_msgs/cmake/export_custom_msgs__rosidl_generator_pyExport.cmake
[0.816s] -- Up-to-date: /home/rohan/eysip_2024/dead_reckoning_ws/install/custom_msgs/share/custom_msgs/cmake/export_custom_msgs__rosidl_generator_pyExport-noconfig.cmake
[0.817s] -- Up-to-date: /home/rohan/eysip_2024/dead_reckoning_ws/install/custom_msgs/share/custom_msgs/cmake/rosidl_cmake-extras.cmake
[0.818s] -- Up-to-date: /home/rohan/eysip_2024/dead_reckoning_ws/install/custom_msgs/share/custom_msgs/cmake/ament_cmake_export_include_directories-extras.cmake
[0.818s] -- Up-to-date: /home/rohan/eysip_2024/dead_reckoning_ws/install/custom_msgs/share/custom_msgs/cmake/ament_cmake_export_libraries-extras.cmake
[0.819s] -- Up-to-date: /home/rohan/eysip_2024/dead_reckoning_ws/install/custom_msgs/share/custom_msgs/cmake/ament_cmake_export_targets-extras.cmake
[0.819s] -- Up-to-date: /home/rohan/eysip_2024/dead_reckoning_ws/install/custom_msgs/share/custom_msgs/cmake/rosidl_cmake_export_typesupport_targets-extras.cmake
[0.820s] -- Up-to-date: /home/rohan/eysip_2024/dead_reckoning_ws/install/custom_msgs/share/custom_msgs/cmake/ament_cmake_export_dependencies-extras.cmake
[0.821s] -- Up-to-date: /home/rohan/eysip_2024/dead_reckoning_ws/install/custom_msgs/share/custom_msgs/cmake/rosidl_cmake_export_typesupport_libraries-extras.cmake
[0.821s] -- Up-to-date: /home/rohan/eysip_2024/dead_reckoning_ws/install/custom_msgs/share/custom_msgs/cmake/custom_msgsConfig.cmake
[0.822s] -- Up-to-date: /home/rohan/eysip_2024/dead_reckoning_ws/install/custom_msgs/share/custom_msgs/cmake/custom_msgsConfig-version.cmake
[0.822s] -- Up-to-date: /home/rohan/eysip_2024/dead_reckoning_ws/install/custom_msgs/share/custom_msgs/package.xml
[0.822s] Invoked command in '/home/rohan/eysip_2024/dead_reckoning_ws/build/custom_msgs' returned '0': CMAKE_PREFIX_PATH=${CMAKE_PREFIX_PATH}:/home/rohan/eysip_2024/dead_reckoning_ws/install/navigation:/home/rohan/eysip_2024/dead_reckoning_ws/install/imu_pose_estimation:/opt/ros/jazzy DEBUGINFOD_URLS=https://debuginfod.ubuntu.com /usr/bin/cmake --install /home/rohan/eysip_2024/dead_reckoning_ws/build/custom_msgs
