[1.363s] Invoking command in '/home/rohan/eysip_2024/dead_reckoning_ws/src/navigation': DEBUGINFOD_URLS=https://debuginfod.ubuntu.com PYTHONPATH=/home/rohan/eysip_2024/dead_reckoning_ws/build/navigation/prefix_override:/home/rohan/eysip_2024/dead_reckoning_ws/install/navigation/lib/python3.12/site-packages:${PYTHONPATH} /usr/bin/python3 -W ignore:setup.py install is deprecated setup.py egg_info --egg-base ../../build/navigation build --build-base /home/rohan/eysip_2024/dead_reckoning_ws/build/navigation/build install --record /home/rohan/eysip_2024/dead_reckoning_ws/build/navigation/install.log --single-version-externally-managed install_data
[1.715s] running egg_info
[1.735s] writing ../../build/navigation/navigation.egg-info/PKG-INFO
[1.735s] writing dependency_links to ../../build/navigation/navigation.egg-info/dependency_links.txt
[1.735s] writing entry points to ../../build/navigation/navigation.egg-info/entry_points.txt
[1.736s] writing requirements to ../../build/navigation/navigation.egg-info/requires.txt
[1.736s] writing top-level names to ../../build/navigation/navigation.egg-info/top_level.txt
[1.776s] reading manifest file '../../build/navigation/navigation.egg-info/SOURCES.txt'
[1.777s] writing manifest file '../../build/navigation/navigation.egg-info/SOURCES.txt'
[1.777s] running build
[1.777s] running build_py
[1.778s] running install
[1.795s] running install_lib
[1.828s] running install_data
[1.828s] running install_egg_info
[1.851s] removing '/home/rohan/eysip_2024/dead_reckoning_ws/install/navigation/lib/python3.12/site-packages/navigation-0.0.0-py3.12.egg-info' (and everything under it)
[1.851s] Copying ../../build/navigation/navigation.egg-info to /home/rohan/eysip_2024/dead_reckoning_ws/install/navigation/lib/python3.12/site-packages/navigation-0.0.0-py3.12.egg-info
[1.852s] running install_scripts
[1.981s] Installing goalNode script to /home/rohan/eysip_2024/dead_reckoning_ws/install/navigation/lib/navigation
[1.982s] Installing gotoGoal script to /home/rohan/eysip_2024/dead_reckoning_ws/install/navigation/lib/navigation
[1.983s] writing list of installed files to '/home/rohan/eysip_2024/dead_reckoning_ws/build/navigation/install.log'
[2.035s] Invoked command in '/home/rohan/eysip_2024/dead_reckoning_ws/src/navigation' returned '0': DEBUGINFOD_URLS=https://debuginfod.ubuntu.com PYTHONPATH=/home/rohan/eysip_2024/dead_reckoning_ws/build/navigation/prefix_override:/home/rohan/eysip_2024/dead_reckoning_ws/install/navigation/lib/python3.12/site-packages:${PYTHONPATH} /usr/bin/python3 -W ignore:setup.py install is deprecated setup.py egg_info --egg-base ../../build/navigation build --build-base /home/rohan/eysip_2024/dead_reckoning_ws/build/navigation/build install --record /home/rohan/eysip_2024/dead_reckoning_ws/build/navigation/install.log --single-version-externally-managed install_data
