[1.048s] Invoking command in '/home/rohan/eysip_2024/dead_reckoning_ws/src/navigation': DEBUGINFOD_URLS=https://debuginfod.ubuntu.com PYTHONPATH=/home/rohan/eysip_2024/dead_reckoning_ws/build/navigation/prefix_override:/home/rohan/eysip_2024/dead_reckoning_ws/install/navigation/lib/python3.12/site-packages:${PYTHONPATH} /usr/bin/python3 -W ignore:setup.py install is deprecated setup.py egg_info --egg-base ../../build/navigation build --build-base /home/rohan/eysip_2024/dead_reckoning_ws/build/navigation/build install --record /home/rohan/eysip_2024/dead_reckoning_ws/build/navigation/install.log --single-version-externally-managed install_data
[1.292s] running egg_info
[1.292s] creating ../../build/navigation/navigation.egg-info
[1.311s] writing ../../build/navigation/navigation.egg-info/PKG-INFO
[1.312s] writing dependency_links to ../../build/navigation/navigation.egg-info/dependency_links.txt
[1.312s] writing entry points to ../../build/navigation/navigation.egg-info/entry_points.txt
[1.312s] writing requirements to ../../build/navigation/navigation.egg-info/requires.txt
[1.312s] writing top-level names to ../../build/navigation/navigation.egg-info/top_level.txt
[1.312s] writing manifest file '../../build/navigation/navigation.egg-info/SOURCES.txt'
[1.350s] reading manifest file '../../build/navigation/navigation.egg-info/SOURCES.txt'
[1.351s] writing manifest file '../../build/navigation/navigation.egg-info/SOURCES.txt'
[1.351s] running build
[1.351s] running build_py
[1.351s] creating /home/rohan/eysip_2024/dead_reckoning_ws/build/navigation/build
[1.352s] creating /home/rohan/eysip_2024/dead_reckoning_ws/build/navigation/build/lib
[1.352s] creating /home/rohan/eysip_2024/dead_reckoning_ws/build/navigation/build/lib/navigation
[1.352s] copying navigation/GoalNode.py -> /home/rohan/eysip_2024/dead_reckoning_ws/build/navigation/build/lib/navigation
[1.352s] copying navigation/__init__.py -> /home/rohan/eysip_2024/dead_reckoning_ws/build/navigation/build/lib/navigation
[1.352s] copying navigation/go_to_goal.py -> /home/rohan/eysip_2024/dead_reckoning_ws/build/navigation/build/lib/navigation
[1.352s] running install
[1.357s] running install_lib
[1.376s] creating /home/rohan/eysip_2024/dead_reckoning_ws/install/navigation/lib/python3.12/site-packages/navigation
[1.377s] copying /home/rohan/eysip_2024/dead_reckoning_ws/build/navigation/build/lib/navigation/GoalNode.py -> /home/rohan/eysip_2024/dead_reckoning_ws/install/navigation/lib/python3.12/site-packages/navigation
[1.377s] copying /home/rohan/eysip_2024/dead_reckoning_ws/build/navigation/build/lib/navigation/__init__.py -> /home/rohan/eysip_2024/dead_reckoning_ws/install/navigation/lib/python3.12/site-packages/navigation
[1.377s] copying /home/rohan/eysip_2024/dead_reckoning_ws/build/navigation/build/lib/navigation/go_to_goal.py -> /home/rohan/eysip_2024/dead_reckoning_ws/install/navigation/lib/python3.12/site-packages/navigation
[1.377s] byte-compiling /home/rohan/eysip_2024/dead_reckoning_ws/install/navigation/lib/python3.12/site-packages/navigation/GoalNode.py to GoalNode.cpython-312.pyc
[1.378s] byte-compiling /home/rohan/eysip_2024/dead_reckoning_ws/install/navigation/lib/python3.12/site-packages/navigation/__init__.py to __init__.cpython-312.pyc
[1.378s] byte-compiling /home/rohan/eysip_2024/dead_reckoning_ws/install/navigation/lib/python3.12/site-packages/navigation/go_to_goal.py to go_to_goal.cpython-312.pyc
[1.379s] running install_data
[1.379s] creating /home/rohan/eysip_2024/dead_reckoning_ws/install/navigation/share/ament_index
[1.379s] creating /home/rohan/eysip_2024/dead_reckoning_ws/install/navigation/share/ament_index/resource_index
[1.379s] creating /home/rohan/eysip_2024/dead_reckoning_ws/install/navigation/share/ament_index/resource_index/packages
[1.379s] copying resource/navigation -> /home/rohan/eysip_2024/dead_reckoning_ws/install/navigation/share/ament_index/resource_index/packages
[1.379s] copying package.xml -> /home/rohan/eysip_2024/dead_reckoning_ws/install/navigation/share/navigation
[1.379s] running install_egg_info
[1.400s] Copying ../../build/navigation/navigation.egg-info to /home/rohan/eysip_2024/dead_reckoning_ws/install/navigation/lib/python3.12/site-packages/navigation-0.0.0-py3.12.egg-info
[1.400s] running install_scripts
[1.526s] Installing GoToGoal script to /home/rohan/eysip_2024/dead_reckoning_ws/install/navigation/lib/navigation
[1.527s] Installing GoalNode script to /home/rohan/eysip_2024/dead_reckoning_ws/install/navigation/lib/navigation
[1.527s] writing list of installed files to '/home/rohan/eysip_2024/dead_reckoning_ws/build/navigation/install.log'
[1.556s] Invoked command in '/home/rohan/eysip_2024/dead_reckoning_ws/src/navigation' returned '0': DEBUGINFOD_URLS=https://debuginfod.ubuntu.com PYTHONPATH=/home/rohan/eysip_2024/dead_reckoning_ws/build/navigation/prefix_override:/home/rohan/eysip_2024/dead_reckoning_ws/install/navigation/lib/python3.12/site-packages:${PYTHONPATH} /usr/bin/python3 -W ignore:setup.py install is deprecated setup.py egg_info --egg-base ../../build/navigation build --build-base /home/rohan/eysip_2024/dead_reckoning_ws/build/navigation/build install --record /home/rohan/eysip_2024/dead_reckoning_ws/build/navigation/install.log --single-version-externally-managed install_data
