[0.115s] DEBUG:colcon:Command line arguments: ['/usr/bin/colcon', 'build']
[0.115s] DEBUG:colcon:Parsed command line arguments: Namespace(log_base=None, log_level=None, verb_name='build', build_base='build', install_base='install', merge_install=False, symlink_install=False, test_result_base=None, continue_on_error=False, executor='parallel', parallel_workers=12, event_handlers=None, ignore_user_meta=False, metas=['./colcon.meta'], base_paths=['.'], packages_ignore=None, packages_ignore_regex=None, paths=None, packages_up_to=None, packages_up_to_regex=None, packages_above=None, packages_above_and_dependencies=None, packages_above_depth=None, packages_select_by_dep=None, packages_skip_by_dep=None, packages_skip_up_to=None, packages_select_build_failed=False, packages_skip_build_finished=False, packages_select_test_failures=False, packages_skip_test_passed=False, packages_select=None, packages_skip=None, packages_select_regex=None, packages_skip_regex=None, packages_start=None, packages_end=None, allow_overriding=[], cmake_args=None, cmake_target=None, cmake_target_skip_unavailable=False, cmake_clean_cache=False, cmake_clean_first=False, cmake_force_configure=False, ament_cmake_args=None, catkin_cmake_args=None, catkin_skip_building_tests=False, mixin_files=None, mixin=None, verb_parser=<colcon_mixin.mixin.mixin_argument.MixinArgumentDecorator object at 0x734576d05670>, verb_extension=<colcon_core.verb.build.BuildVerb object at 0x734576c85430>, main=<bound method BuildVerb.main of <colcon_core.verb.build.BuildVerb object at 0x734576c85430>>, mixin_verb=('build',))
[0.145s] Level 1:colcon.colcon_core.package_discovery:discover_packages(colcon_meta) check parameters
[0.145s] Level 1:colcon.colcon_core.package_discovery:discover_packages(recursive) check parameters
[0.145s] Level 1:colcon.colcon_core.package_discovery:discover_packages(ignore) check parameters
[0.145s] Level 1:colcon.colcon_core.package_discovery:discover_packages(path) check parameters
[0.145s] Level 1:colcon.colcon_core.package_discovery:discover_packages(colcon_meta) discover
[0.145s] Level 1:colcon.colcon_core.package_discovery:discover_packages(recursive) discover
[0.145s] INFO:colcon.colcon_core.package_discovery:Crawling recursively for packages in '/home/rohan/eysip_2024/dead_reckoning_ws'
[0.145s] Level 1:colcon.colcon_core.package_identification:_identify(.) by extensions ['ignore', 'ignore_ament_install']
[0.145s] Level 1:colcon.colcon_core.package_identification:_identify(.) by extension 'ignore'
[0.145s] Level 1:colcon.colcon_core.package_identification:_identify(.) by extension 'ignore_ament_install'
[0.146s] Level 1:colcon.colcon_core.package_identification:_identify(.) by extensions ['colcon_pkg']
[0.146s] Level 1:colcon.colcon_core.package_identification:_identify(.) by extension 'colcon_pkg'
[0.146s] Level 1:colcon.colcon_core.package_identification:_identify(.) by extensions ['colcon_meta']
[0.146s] Level 1:colcon.colcon_core.package_identification:_identify(.) by extension 'colcon_meta'
[0.146s] Level 1:colcon.colcon_core.package_identification:_identify(.) by extensions ['ros']
[0.146s] Level 1:colcon.colcon_core.package_identification:_identify(.) by extension 'ros'
[0.167s] Level 1:colcon.colcon_core.package_identification:_identify(.) by extensions ['cmake', 'python']
[0.167s] Level 1:colcon.colcon_core.package_identification:_identify(.) by extension 'cmake'
[0.167s] Level 1:colcon.colcon_core.package_identification:_identify(.) by extension 'python'
[0.167s] Level 1:colcon.colcon_core.package_identification:_identify(.) by extensions ['python_setup_py']
[0.167s] Level 1:colcon.colcon_core.package_identification:_identify(.) by extension 'python_setup_py'
[0.167s] Level 1:colcon.colcon_core.package_identification:_identify(build) by extensions ['ignore', 'ignore_ament_install']
[0.167s] Level 1:colcon.colcon_core.package_identification:_identify(build) by extension 'ignore'
[0.167s] Level 1:colcon.colcon_core.package_identification:_identify(build) ignored
[0.167s] Level 1:colcon.colcon_core.package_identification:_identify(install) by extensions ['ignore', 'ignore_ament_install']
[0.167s] Level 1:colcon.colcon_core.package_identification:_identify(install) by extension 'ignore'
[0.167s] Level 1:colcon.colcon_core.package_identification:_identify(install) ignored
[0.167s] Level 1:colcon.colcon_core.package_identification:_identify(log) by extensions ['ignore', 'ignore_ament_install']
[0.167s] Level 1:colcon.colcon_core.package_identification:_identify(log) by extension 'ignore'
[0.167s] Level 1:colcon.colcon_core.package_identification:_identify(log) ignored
[0.167s] Level 1:colcon.colcon_core.package_identification:_identify(src) by extensions ['ignore', 'ignore_ament_install']
[0.168s] Level 1:colcon.colcon_core.package_identification:_identify(src) by extension 'ignore'
[0.168s] Level 1:colcon.colcon_core.package_identification:_identify(src) by extension 'ignore_ament_install'
[0.168s] Level 1:colcon.colcon_core.package_identification:_identify(src) by extensions ['colcon_pkg']
[0.168s] Level 1:colcon.colcon_core.package_identification:_identify(src) by extension 'colcon_pkg'
[0.168s] Level 1:colcon.colcon_core.package_identification:_identify(src) by extensions ['colcon_meta']
[0.168s] Level 1:colcon.colcon_core.package_identification:_identify(src) by extension 'colcon_meta'
[0.168s] Level 1:colcon.colcon_core.package_identification:_identify(src) by extensions ['ros']
[0.168s] Level 1:colcon.colcon_core.package_identification:_identify(src) by extension 'ros'
[0.168s] Level 1:colcon.colcon_core.package_identification:_identify(src) by extensions ['cmake', 'python']
[0.168s] Level 1:colcon.colcon_core.package_identification:_identify(src) by extension 'cmake'
[0.168s] Level 1:colcon.colcon_core.package_identification:_identify(src) by extension 'python'
[0.168s] Level 1:colcon.colcon_core.package_identification:_identify(src) by extensions ['python_setup_py']
[0.168s] Level 1:colcon.colcon_core.package_identification:_identify(src) by extension 'python_setup_py'
[0.168s] Level 1:colcon.colcon_core.package_identification:_identify(src/custom_msgs) by extensions ['ignore', 'ignore_ament_install']
[0.168s] Level 1:colcon.colcon_core.package_identification:_identify(src/custom_msgs) by extension 'ignore'
[0.168s] Level 1:colcon.colcon_core.package_identification:_identify(src/custom_msgs) by extension 'ignore_ament_install'
[0.168s] Level 1:colcon.colcon_core.package_identification:_identify(src/custom_msgs) by extensions ['colcon_pkg']
[0.168s] Level 1:colcon.colcon_core.package_identification:_identify(src/custom_msgs) by extension 'colcon_pkg'
[0.168s] Level 1:colcon.colcon_core.package_identification:_identify(src/custom_msgs) by extensions ['colcon_meta']
[0.168s] Level 1:colcon.colcon_core.package_identification:_identify(src/custom_msgs) by extension 'colcon_meta'
[0.168s] Level 1:colcon.colcon_core.package_identification:_identify(src/custom_msgs) by extensions ['ros']
[0.168s] Level 1:colcon.colcon_core.package_identification:_identify(src/custom_msgs) by extension 'ros'
[0.170s] DEBUG:colcon.colcon_core.package_identification:Package 'src/custom_msgs' with type 'ros.ament_cmake' and name 'custom_msgs'
[0.170s] Level 1:colcon.colcon_core.package_identification:_identify(src/imu_pose_estimation) by extensions ['ignore', 'ignore_ament_install']
[0.170s] Level 1:colcon.colcon_core.package_identification:_identify(src/imu_pose_estimation) by extension 'ignore'
[0.170s] Level 1:colcon.colcon_core.package_identification:_identify(src/imu_pose_estimation) by extension 'ignore_ament_install'
[0.171s] Level 1:colcon.colcon_core.package_identification:_identify(src/imu_pose_estimation) by extensions ['colcon_pkg']
[0.171s] Level 1:colcon.colcon_core.package_identification:_identify(src/imu_pose_estimation) by extension 'colcon_pkg'
[0.171s] Level 1:colcon.colcon_core.package_identification:_identify(src/imu_pose_estimation) by extensions ['colcon_meta']
[0.171s] Level 1:colcon.colcon_core.package_identification:_identify(src/imu_pose_estimation) by extension 'colcon_meta'
[0.171s] Level 1:colcon.colcon_core.package_identification:_identify(src/imu_pose_estimation) by extensions ['ros']
[0.171s] Level 1:colcon.colcon_core.package_identification:_identify(src/imu_pose_estimation) by extension 'ros'
[0.171s] DEBUG:colcon.colcon_core.package_identification:Package 'src/imu_pose_estimation' with type 'ros.ament_python' and name 'imu_pose_estimation'
[0.171s] Level 1:colcon.colcon_core.package_identification:_identify(src/navigation) by extensions ['ignore', 'ignore_ament_install']
[0.171s] Level 1:colcon.colcon_core.package_identification:_identify(src/navigation) by extension 'ignore'
[0.171s] Level 1:colcon.colcon_core.package_identification:_identify(src/navigation) by extension 'ignore_ament_install'
[0.171s] Level 1:colcon.colcon_core.package_identification:_identify(src/navigation) by extensions ['colcon_pkg']
[0.171s] Level 1:colcon.colcon_core.package_identification:_identify(src/navigation) by extension 'colcon_pkg'
[0.171s] Level 1:colcon.colcon_core.package_identification:_identify(src/navigation) by extensions ['colcon_meta']
[0.171s] Level 1:colcon.colcon_core.package_identification:_identify(src/navigation) by extension 'colcon_meta'
[0.171s] Level 1:colcon.colcon_core.package_identification:_identify(src/navigation) by extensions ['ros']
[0.171s] Level 1:colcon.colcon_core.package_identification:_identify(src/navigation) by extension 'ros'
[0.172s] DEBUG:colcon.colcon_core.package_identification:Package 'src/navigation' with type 'ros.ament_python' and name 'navigation'
[0.172s] Level 1:colcon.colcon_core.package_discovery:discover_packages(recursive) using defaults
[0.172s] Level 1:colcon.colcon_core.package_discovery:discover_packages(ignore) discover
[0.172s] Level 1:colcon.colcon_core.package_discovery:discover_packages(ignore) using defaults
[0.172s] Level 1:colcon.colcon_core.package_discovery:discover_packages(path) discover
[0.172s] Level 1:colcon.colcon_core.package_discovery:discover_packages(path) using defaults
[0.186s] Level 1:colcon.colcon_core.package_discovery:discover_packages(prefix_path) check parameters
[0.186s] Level 1:colcon.colcon_core.package_discovery:discover_packages(prefix_path) discover
[0.188s] DEBUG:colcon.colcon_installed_package_information.package_discovery:Found 3 installed packages in /home/rohan/eysip_2024/dead_reckoning_ws/install
[0.189s] DEBUG:colcon.colcon_installed_package_information.package_discovery:Found 287 installed packages in /opt/ros/jazzy
[0.190s] Level 1:colcon.colcon_core.package_discovery:discover_packages(prefix_path) using defaults
[0.229s] Level 5:colcon.colcon_core.verb:set package 'custom_msgs' build argument 'cmake_args' from command line to 'None'
[0.229s] Level 5:colcon.colcon_core.verb:set package 'custom_msgs' build argument 'cmake_target' from command line to 'None'
[0.229s] Level 5:colcon.colcon_core.verb:set package 'custom_msgs' build argument 'cmake_target_skip_unavailable' from command line to 'False'
[0.229s] Level 5:colcon.colcon_core.verb:set package 'custom_msgs' build argument 'cmake_clean_cache' from command line to 'False'
[0.229s] Level 5:colcon.colcon_core.verb:set package 'custom_msgs' build argument 'cmake_clean_first' from command line to 'False'
[0.229s] Level 5:colcon.colcon_core.verb:set package 'custom_msgs' build argument 'cmake_force_configure' from command line to 'False'
[0.229s] Level 5:colcon.colcon_core.verb:set package 'custom_msgs' build argument 'ament_cmake_args' from command line to 'None'
[0.229s] Level 5:colcon.colcon_core.verb:set package 'custom_msgs' build argument 'catkin_cmake_args' from command line to 'None'
[0.229s] Level 5:colcon.colcon_core.verb:set package 'custom_msgs' build argument 'catkin_skip_building_tests' from command line to 'False'
[0.229s] DEBUG:colcon.colcon_core.verb:Building package 'custom_msgs' with the following arguments: {'ament_cmake_args': None, 'build_base': '/home/rohan/eysip_2024/dead_reckoning_ws/build/custom_msgs', 'catkin_cmake_args': None, 'catkin_skip_building_tests': False, 'cmake_args': None, 'cmake_clean_cache': False, 'cmake_clean_first': False, 'cmake_force_configure': False, 'cmake_target': None, 'cmake_target_skip_unavailable': False, 'install_base': '/home/rohan/eysip_2024/dead_reckoning_ws/install/custom_msgs', 'merge_install': False, 'path': '/home/rohan/eysip_2024/dead_reckoning_ws/src/custom_msgs', 'symlink_install': False, 'test_result_base': None}
[0.229s] Level 5:colcon.colcon_core.verb:set package 'imu_pose_estimation' build argument 'cmake_args' from command line to 'None'
[0.229s] Level 5:colcon.colcon_core.verb:set package 'imu_pose_estimation' build argument 'cmake_target' from command line to 'None'
[0.229s] Level 5:colcon.colcon_core.verb:set package 'imu_pose_estimation' build argument 'cmake_target_skip_unavailable' from command line to 'False'
[0.229s] Level 5:colcon.colcon_core.verb:set package 'imu_pose_estimation' build argument 'cmake_clean_cache' from command line to 'False'
[0.229s] Level 5:colcon.colcon_core.verb:set package 'imu_pose_estimation' build argument 'cmake_clean_first' from command line to 'False'
[0.229s] Level 5:colcon.colcon_core.verb:set package 'imu_pose_estimation' build argument 'cmake_force_configure' from command line to 'False'
[0.229s] Level 5:colcon.colcon_core.verb:set package 'imu_pose_estimation' build argument 'ament_cmake_args' from command line to 'None'
[0.229s] Level 5:colcon.colcon_core.verb:set package 'imu_pose_estimation' build argument 'catkin_cmake_args' from command line to 'None'
[0.229s] Level 5:colcon.colcon_core.verb:set package 'imu_pose_estimation' build argument 'catkin_skip_building_tests' from command line to 'False'
[0.229s] DEBUG:colcon.colcon_core.verb:Building package 'imu_pose_estimation' with the following arguments: {'ament_cmake_args': None, 'build_base': '/home/rohan/eysip_2024/dead_reckoning_ws/build/imu_pose_estimation', 'catkin_cmake_args': None, 'catkin_skip_building_tests': False, 'cmake_args': None, 'cmake_clean_cache': False, 'cmake_clean_first': False, 'cmake_force_configure': False, 'cmake_target': None, 'cmake_target_skip_unavailable': False, 'install_base': '/home/rohan/eysip_2024/dead_reckoning_ws/install/imu_pose_estimation', 'merge_install': False, 'path': '/home/rohan/eysip_2024/dead_reckoning_ws/src/imu_pose_estimation', 'symlink_install': False, 'test_result_base': None}
[0.230s] Level 5:colcon.colcon_core.verb:set package 'navigation' build argument 'cmake_args' from command line to 'None'
[0.230s] Level 5:colcon.colcon_core.verb:set package 'navigation' build argument 'cmake_target' from command line to 'None'
[0.230s] Level 5:colcon.colcon_core.verb:set package 'navigation' build argument 'cmake_target_skip_unavailable' from command line to 'False'
[0.230s] Level 5:colcon.colcon_core.verb:set package 'navigation' build argument 'cmake_clean_cache' from command line to 'False'
[0.230s] Level 5:colcon.colcon_core.verb:set package 'navigation' build argument 'cmake_clean_first' from command line to 'False'
[0.230s] Level 5:colcon.colcon_core.verb:set package 'navigation' build argument 'cmake_force_configure' from command line to 'False'
[0.230s] Level 5:colcon.colcon_core.verb:set package 'navigation' build argument 'ament_cmake_args' from command line to 'None'
[0.230s] Level 5:colcon.colcon_core.verb:set package 'navigation' build argument 'catkin_cmake_args' from command line to 'None'
[0.230s] Level 5:colcon.colcon_core.verb:set package 'navigation' build argument 'catkin_skip_building_tests' from command line to 'False'
[0.230s] DEBUG:colcon.colcon_core.verb:Building package 'navigation' with the following arguments: {'ament_cmake_args': None, 'build_base': '/home/rohan/eysip_2024/dead_reckoning_ws/build/navigation', 'catkin_cmake_args': None, 'catkin_skip_building_tests': False, 'cmake_args': None, 'cmake_clean_cache': False, 'cmake_clean_first': False, 'cmake_force_configure': False, 'cmake_target': None, 'cmake_target_skip_unavailable': False, 'install_base': '/home/rohan/eysip_2024/dead_reckoning_ws/install/navigation', 'merge_install': False, 'path': '/home/rohan/eysip_2024/dead_reckoning_ws/src/navigation', 'symlink_install': False, 'test_result_base': None}
[0.230s] INFO:colcon.colcon_core.executor:Executing jobs using 'parallel' executor
[0.231s] DEBUG:colcon.colcon_parallel_executor.executor.parallel:run_until_complete
[0.231s] INFO:colcon.colcon_ros.task.ament_cmake.build:Building ROS package in '/home/rohan/eysip_2024/dead_reckoning_ws/src/custom_msgs' with build type 'ament_cmake'
[0.231s] INFO:colcon.colcon_cmake.task.cmake.build:Building CMake package in '/home/rohan/eysip_2024/dead_reckoning_ws/src/custom_msgs'
[0.234s] INFO:colcon.colcon_core.plugin_system:Skipping extension 'colcon_core.shell.bat': Not used on non-Windows systems
[0.234s] INFO:colcon.colcon_core.shell:Skip shell extension 'powershell' for command environment: Not usable outside of PowerShell
[0.234s] DEBUG:colcon.colcon_core.shell:Skip shell extension 'dsv' for command environment
[0.238s] INFO:colcon.colcon_ros.task.ament_python.build:Building ROS package in '/home/rohan/eysip_2024/dead_reckoning_ws/src/imu_pose_estimation' with build type 'ament_python'
[0.239s] Level 1:colcon.colcon_core.shell:create_environment_hook('imu_pose_estimation', 'ament_prefix_path')
[0.239s] INFO:colcon.colcon_core.shell:Creating environment hook '/home/rohan/eysip_2024/dead_reckoning_ws/install/imu_pose_estimation/share/imu_pose_estimation/hook/ament_prefix_path.ps1'
[0.240s] INFO:colcon.colcon_core.shell:Creating environment descriptor '/home/rohan/eysip_2024/dead_reckoning_ws/install/imu_pose_estimation/share/imu_pose_estimation/hook/ament_prefix_path.dsv'
[0.240s] INFO:colcon.colcon_core.shell:Creating environment hook '/home/rohan/eysip_2024/dead_reckoning_ws/install/imu_pose_estimation/share/imu_pose_estimation/hook/ament_prefix_path.sh'
[0.241s] INFO:colcon.colcon_core.shell:Skip shell extension 'powershell' for command environment: Not usable outside of PowerShell
[0.241s] DEBUG:colcon.colcon_core.shell:Skip shell extension 'dsv' for command environment
[0.244s] INFO:colcon.colcon_ros.task.ament_python.build:Building ROS package in '/home/rohan/eysip_2024/dead_reckoning_ws/src/navigation' with build type 'ament_python'
[0.244s] Level 1:colcon.colcon_core.shell:create_environment_hook('navigation', 'ament_prefix_path')
[0.244s] INFO:colcon.colcon_core.shell:Creating environment hook '/home/rohan/eysip_2024/dead_reckoning_ws/install/navigation/share/navigation/hook/ament_prefix_path.ps1'
[0.244s] INFO:colcon.colcon_core.shell:Creating environment descriptor '/home/rohan/eysip_2024/dead_reckoning_ws/install/navigation/share/navigation/hook/ament_prefix_path.dsv'
[0.245s] INFO:colcon.colcon_core.shell:Creating environment hook '/home/rohan/eysip_2024/dead_reckoning_ws/install/navigation/share/navigation/hook/ament_prefix_path.sh'
[0.245s] INFO:colcon.colcon_core.shell:Skip shell extension 'powershell' for command environment: Not usable outside of PowerShell
[0.245s] DEBUG:colcon.colcon_core.shell:Skip shell extension 'dsv' for command environment
[0.253s] DEBUG:colcon.colcon_core.event_handler.log_command:Invoking command in '/home/rohan/eysip_2024/dead_reckoning_ws/build/custom_msgs': CMAKE_PREFIX_PATH=${CMAKE_PREFIX_PATH}:/home/rohan/eysip_2024/dead_reckoning_ws/install/navigation:/home/rohan/eysip_2024/dead_reckoning_ws/install/imu_pose_estimation:/opt/ros/jazzy DEBUGINFOD_URLS=https://debuginfod.ubuntu.com /usr/bin/cmake --build /home/rohan/eysip_2024/dead_reckoning_ws/build/custom_msgs -- -j12 -l12
[0.588s] INFO:colcon.colcon_core.task.python.build:Building Python package in '/home/rohan/eysip_2024/dead_reckoning_ws/src/imu_pose_estimation'
[0.588s] INFO:colcon.colcon_core.shell:Skip shell extension 'powershell' for command environment: Not usable outside of PowerShell
[0.593s] DEBUG:colcon.colcon_core.shell:Skip shell extension 'dsv' for command environment
[0.822s] INFO:colcon.colcon_core.task.python.build:Building Python package in '/home/rohan/eysip_2024/dead_reckoning_ws/src/navigation'
[0.823s] INFO:colcon.colcon_core.shell:Skip shell extension 'powershell' for command environment: Not usable outside of PowerShell
[0.823s] DEBUG:colcon.colcon_core.shell:Skip shell extension 'dsv' for command environment
[0.827s] DEBUG:colcon.colcon_core.event_handler.log_command:Invoked command in '/home/rohan/eysip_2024/dead_reckoning_ws/build/custom_msgs' returned '0': CMAKE_PREFIX_PATH=${CMAKE_PREFIX_PATH}:/home/rohan/eysip_2024/dead_reckoning_ws/install/navigation:/home/rohan/eysip_2024/dead_reckoning_ws/install/imu_pose_estimation:/opt/ros/jazzy DEBUGINFOD_URLS=https://debuginfod.ubuntu.com /usr/bin/cmake --build /home/rohan/eysip_2024/dead_reckoning_ws/build/custom_msgs -- -j12 -l12
[0.891s] DEBUG:colcon.colcon_core.event_handler.log_command:Invoking command in '/home/rohan/eysip_2024/dead_reckoning_ws/build/custom_msgs': CMAKE_PREFIX_PATH=${CMAKE_PREFIX_PATH}:/home/rohan/eysip_2024/dead_reckoning_ws/install/navigation:/home/rohan/eysip_2024/dead_reckoning_ws/install/imu_pose_estimation:/opt/ros/jazzy DEBUGINFOD_URLS=https://debuginfod.ubuntu.com /usr/bin/cmake --install /home/rohan/eysip_2024/dead_reckoning_ws/build/custom_msgs
[1.001s] Level 1:colcon.colcon_core.environment:create_environment_scripts_only(custom_msgs)
[1.002s] DEBUG:colcon.colcon_core.event_handler.log_command:Invoked command in '/home/rohan/eysip_2024/dead_reckoning_ws/build/custom_msgs' returned '0': CMAKE_PREFIX_PATH=${CMAKE_PREFIX_PATH}:/home/rohan/eysip_2024/dead_reckoning_ws/install/navigation:/home/rohan/eysip_2024/dead_reckoning_ws/install/imu_pose_estimation:/opt/ros/jazzy DEBUGINFOD_URLS=https://debuginfod.ubuntu.com /usr/bin/cmake --install /home/rohan/eysip_2024/dead_reckoning_ws/build/custom_msgs
[1.004s] Level 1:colcon.colcon_core.environment:checking '/home/rohan/eysip_2024/dead_reckoning_ws/install/custom_msgs' for CMake module files
[1.005s] Level 1:colcon.colcon_core.environment:checking '/home/rohan/eysip_2024/dead_reckoning_ws/install/custom_msgs' for CMake config files
[1.005s] Level 1:colcon.colcon_core.shell:create_environment_hook('custom_msgs', 'cmake_prefix_path')
[1.005s] INFO:colcon.colcon_core.shell:Creating environment hook '/home/rohan/eysip_2024/dead_reckoning_ws/install/custom_msgs/share/custom_msgs/hook/cmake_prefix_path.ps1'
[1.006s] INFO:colcon.colcon_core.shell:Creating environment descriptor '/home/rohan/eysip_2024/dead_reckoning_ws/install/custom_msgs/share/custom_msgs/hook/cmake_prefix_path.dsv'
[1.006s] INFO:colcon.colcon_core.shell:Creating environment hook '/home/rohan/eysip_2024/dead_reckoning_ws/install/custom_msgs/share/custom_msgs/hook/cmake_prefix_path.sh'
[1.007s] Level 1:colcon.colcon_core.environment:checking '/home/rohan/eysip_2024/dead_reckoning_ws/install/custom_msgs/lib'
[1.007s] Level 1:colcon.colcon_core.shell:create_environment_hook('custom_msgs', 'ld_library_path_lib')
[1.007s] INFO:colcon.colcon_core.shell:Creating environment hook '/home/rohan/eysip_2024/dead_reckoning_ws/install/custom_msgs/share/custom_msgs/hook/ld_library_path_lib.ps1'
[1.007s] INFO:colcon.colcon_core.shell:Creating environment descriptor '/home/rohan/eysip_2024/dead_reckoning_ws/install/custom_msgs/share/custom_msgs/hook/ld_library_path_lib.dsv'
[1.007s] INFO:colcon.colcon_core.shell:Creating environment hook '/home/rohan/eysip_2024/dead_reckoning_ws/install/custom_msgs/share/custom_msgs/hook/ld_library_path_lib.sh'
[1.008s] Level 1:colcon.colcon_core.environment:checking '/home/rohan/eysip_2024/dead_reckoning_ws/install/custom_msgs/bin'
[1.008s] Level 1:colcon.colcon_core.environment:checking '/home/rohan/eysip_2024/dead_reckoning_ws/install/custom_msgs/lib/pkgconfig/custom_msgs.pc'
[1.008s] Level 1:colcon.colcon_core.environment:checking '/home/rohan/eysip_2024/dead_reckoning_ws/install/custom_msgs/lib/python3.12/site-packages'
[1.008s] Level 1:colcon.colcon_core.shell:create_environment_hook('custom_msgs', 'pythonpath')
[1.008s] INFO:colcon.colcon_core.shell:Creating environment hook '/home/rohan/eysip_2024/dead_reckoning_ws/install/custom_msgs/share/custom_msgs/hook/pythonpath.ps1'
[1.008s] INFO:colcon.colcon_core.shell:Creating environment descriptor '/home/rohan/eysip_2024/dead_reckoning_ws/install/custom_msgs/share/custom_msgs/hook/pythonpath.dsv'
[1.009s] INFO:colcon.colcon_core.shell:Creating environment hook '/home/rohan/eysip_2024/dead_reckoning_ws/install/custom_msgs/share/custom_msgs/hook/pythonpath.sh'
[1.009s] Level 1:colcon.colcon_core.environment:checking '/home/rohan/eysip_2024/dead_reckoning_ws/install/custom_msgs/bin'
[1.009s] INFO:colcon.colcon_core.shell:Creating package script '/home/rohan/eysip_2024/dead_reckoning_ws/install/custom_msgs/share/custom_msgs/package.ps1'
[1.010s] INFO:colcon.colcon_core.shell:Creating package descriptor '/home/rohan/eysip_2024/dead_reckoning_ws/install/custom_msgs/share/custom_msgs/package.dsv'
[1.010s] INFO:colcon.colcon_core.shell:Creating package script '/home/rohan/eysip_2024/dead_reckoning_ws/install/custom_msgs/share/custom_msgs/package.sh'
[1.011s] INFO:colcon.colcon_core.shell:Creating package script '/home/rohan/eysip_2024/dead_reckoning_ws/install/custom_msgs/share/custom_msgs/package.bash'
[1.011s] INFO:colcon.colcon_core.shell:Creating package script '/home/rohan/eysip_2024/dead_reckoning_ws/install/custom_msgs/share/custom_msgs/package.zsh'
[1.012s] Level 1:colcon.colcon_core.environment:create_file_with_runtime_dependencies(/home/rohan/eysip_2024/dead_reckoning_ws/install/custom_msgs/share/colcon-core/packages/custom_msgs)
[1.067s] Level 1:colcon.colcon_core.environment:create_environment_scripts_only(custom_msgs)
[1.067s] Level 1:colcon.colcon_core.environment:checking '/home/rohan/eysip_2024/dead_reckoning_ws/install/custom_msgs' for CMake module files
[1.068s] Level 1:colcon.colcon_core.environment:checking '/home/rohan/eysip_2024/dead_reckoning_ws/install/custom_msgs' for CMake config files
[1.068s] Level 1:colcon.colcon_core.shell:create_environment_hook('custom_msgs', 'cmake_prefix_path')
[1.068s] INFO:colcon.colcon_core.shell:Creating environment hook '/home/rohan/eysip_2024/dead_reckoning_ws/install/custom_msgs/share/custom_msgs/hook/cmake_prefix_path.ps1'
[1.069s] INFO:colcon.colcon_core.shell:Creating environment descriptor '/home/rohan/eysip_2024/dead_reckoning_ws/install/custom_msgs/share/custom_msgs/hook/cmake_prefix_path.dsv'
[1.069s] INFO:colcon.colcon_core.shell:Creating environment hook '/home/rohan/eysip_2024/dead_reckoning_ws/install/custom_msgs/share/custom_msgs/hook/cmake_prefix_path.sh'
[1.069s] Level 1:colcon.colcon_core.environment:checking '/home/rohan/eysip_2024/dead_reckoning_ws/install/custom_msgs/lib'
[1.069s] Level 1:colcon.colcon_core.shell:create_environment_hook('custom_msgs', 'ld_library_path_lib')
[1.070s] INFO:colcon.colcon_core.shell:Creating environment hook '/home/rohan/eysip_2024/dead_reckoning_ws/install/custom_msgs/share/custom_msgs/hook/ld_library_path_lib.ps1'
[1.070s] INFO:colcon.colcon_core.shell:Creating environment descriptor '/home/rohan/eysip_2024/dead_reckoning_ws/install/custom_msgs/share/custom_msgs/hook/ld_library_path_lib.dsv'
[1.070s] INFO:colcon.colcon_core.shell:Creating environment hook '/home/rohan/eysip_2024/dead_reckoning_ws/install/custom_msgs/share/custom_msgs/hook/ld_library_path_lib.sh'
[1.070s] Level 1:colcon.colcon_core.environment:checking '/home/rohan/eysip_2024/dead_reckoning_ws/install/custom_msgs/bin'
[1.070s] Level 1:colcon.colcon_core.environment:checking '/home/rohan/eysip_2024/dead_reckoning_ws/install/custom_msgs/lib/pkgconfig/custom_msgs.pc'
[1.071s] Level 1:colcon.colcon_core.environment:checking '/home/rohan/eysip_2024/dead_reckoning_ws/install/custom_msgs/lib/python3.12/site-packages'
[1.071s] Level 1:colcon.colcon_core.shell:create_environment_hook('custom_msgs', 'pythonpath')
[1.071s] INFO:colcon.colcon_core.shell:Creating environment hook '/home/rohan/eysip_2024/dead_reckoning_ws/install/custom_msgs/share/custom_msgs/hook/pythonpath.ps1'
[1.071s] INFO:colcon.colcon_core.shell:Creating environment descriptor '/home/rohan/eysip_2024/dead_reckoning_ws/install/custom_msgs/share/custom_msgs/hook/pythonpath.dsv'
[1.071s] INFO:colcon.colcon_core.shell:Creating environment hook '/home/rohan/eysip_2024/dead_reckoning_ws/install/custom_msgs/share/custom_msgs/hook/pythonpath.sh'
[1.072s] Level 1:colcon.colcon_core.environment:checking '/home/rohan/eysip_2024/dead_reckoning_ws/install/custom_msgs/bin'
[1.072s] INFO:colcon.colcon_core.shell:Creating package script '/home/rohan/eysip_2024/dead_reckoning_ws/install/custom_msgs/share/custom_msgs/package.ps1'
[1.072s] INFO:colcon.colcon_core.shell:Creating package descriptor '/home/rohan/eysip_2024/dead_reckoning_ws/install/custom_msgs/share/custom_msgs/package.dsv'
[1.073s] INFO:colcon.colcon_core.shell:Creating package script '/home/rohan/eysip_2024/dead_reckoning_ws/install/custom_msgs/share/custom_msgs/package.sh'
[1.073s] INFO:colcon.colcon_core.shell:Creating package script '/home/rohan/eysip_2024/dead_reckoning_ws/install/custom_msgs/share/custom_msgs/package.bash'
[1.074s] INFO:colcon.colcon_core.shell:Creating package script '/home/rohan/eysip_2024/dead_reckoning_ws/install/custom_msgs/share/custom_msgs/package.zsh'
[1.074s] Level 1:colcon.colcon_core.environment:create_file_with_runtime_dependencies(/home/rohan/eysip_2024/dead_reckoning_ws/install/custom_msgs/share/colcon-core/packages/custom_msgs)
[1.443s] DEBUG:colcon.colcon_core.event_handler.log_command:Invoking command in '/home/rohan/eysip_2024/dead_reckoning_ws/src/navigation': DEBUGINFOD_URLS=https://debuginfod.ubuntu.com PYTHONPATH=/home/rohan/eysip_2024/dead_reckoning_ws/build/navigation/prefix_override:/home/rohan/eysip_2024/dead_reckoning_ws/install/navigation/lib/python3.12/site-packages:${PYTHONPATH} /usr/bin/python3 -W ignore:setup.py install is deprecated setup.py egg_info --egg-base ../../build/navigation build --build-base /home/rohan/eysip_2024/dead_reckoning_ws/build/navigation/build install --record /home/rohan/eysip_2024/dead_reckoning_ws/build/navigation/install.log --single-version-externally-managed install_data
[1.454s] DEBUG:colcon.colcon_core.event_handler.log_command:Invoking command in '/home/rohan/eysip_2024/dead_reckoning_ws/src/imu_pose_estimation': DEBUGINFOD_URLS=https://debuginfod.ubuntu.com PYTHONPATH=/home/rohan/eysip_2024/dead_reckoning_ws/build/imu_pose_estimation/prefix_override:/home/rohan/eysip_2024/dead_reckoning_ws/install/imu_pose_estimation/lib/python3.12/site-packages:${PYTHONPATH} /usr/bin/python3 -W ignore:setup.py install is deprecated setup.py egg_info --egg-base ../../build/imu_pose_estimation build --build-base /home/rohan/eysip_2024/dead_reckoning_ws/build/imu_pose_estimation/build install --record /home/rohan/eysip_2024/dead_reckoning_ws/build/imu_pose_estimation/install.log --single-version-externally-managed install_data
[1.941s] Level 1:colcon.colcon_core.environment:checking '/home/rohan/eysip_2024/dead_reckoning_ws/install/navigation' for CMake module files
[1.942s] DEBUG:colcon.colcon_core.event_handler.log_command:Invoked command in '/home/rohan/eysip_2024/dead_reckoning_ws/src/navigation' returned '0': DEBUGINFOD_URLS=https://debuginfod.ubuntu.com PYTHONPATH=/home/rohan/eysip_2024/dead_reckoning_ws/build/navigation/prefix_override:/home/rohan/eysip_2024/dead_reckoning_ws/install/navigation/lib/python3.12/site-packages:${PYTHONPATH} /usr/bin/python3 -W ignore:setup.py install is deprecated setup.py egg_info --egg-base ../../build/navigation build --build-base /home/rohan/eysip_2024/dead_reckoning_ws/build/navigation/build install --record /home/rohan/eysip_2024/dead_reckoning_ws/build/navigation/install.log --single-version-externally-managed install_data
[1.942s] Level 1:colcon.colcon_core.environment:checking '/home/rohan/eysip_2024/dead_reckoning_ws/install/navigation' for CMake config files
[1.943s] Level 1:colcon.colcon_core.environment:checking '/home/rohan/eysip_2024/dead_reckoning_ws/install/navigation/lib'
[1.943s] Level 1:colcon.colcon_core.environment:checking '/home/rohan/eysip_2024/dead_reckoning_ws/install/navigation/bin'
[1.943s] Level 1:colcon.colcon_core.environment:checking '/home/rohan/eysip_2024/dead_reckoning_ws/install/navigation/lib/pkgconfig/navigation.pc'
[1.943s] Level 1:colcon.colcon_core.environment:checking '/home/rohan/eysip_2024/dead_reckoning_ws/install/navigation/lib/python3.12/site-packages'
[1.944s] Level 1:colcon.colcon_core.shell:create_environment_hook('navigation', 'pythonpath')
[1.944s] INFO:colcon.colcon_core.shell:Creating environment hook '/home/rohan/eysip_2024/dead_reckoning_ws/install/navigation/share/navigation/hook/pythonpath.ps1'
[1.944s] INFO:colcon.colcon_core.shell:Creating environment descriptor '/home/rohan/eysip_2024/dead_reckoning_ws/install/navigation/share/navigation/hook/pythonpath.dsv'
[1.945s] INFO:colcon.colcon_core.shell:Creating environment hook '/home/rohan/eysip_2024/dead_reckoning_ws/install/navigation/share/navigation/hook/pythonpath.sh'
[1.945s] Level 1:colcon.colcon_core.environment:checking '/home/rohan/eysip_2024/dead_reckoning_ws/install/navigation/bin'
[1.945s] Level 1:colcon.colcon_core.environment:create_environment_scripts_only(navigation)
[1.946s] INFO:colcon.colcon_core.shell:Creating package script '/home/rohan/eysip_2024/dead_reckoning_ws/install/navigation/share/navigation/package.ps1'
[1.946s] INFO:colcon.colcon_core.shell:Creating package descriptor '/home/rohan/eysip_2024/dead_reckoning_ws/install/navigation/share/navigation/package.dsv'
[1.947s] INFO:colcon.colcon_core.shell:Creating package script '/home/rohan/eysip_2024/dead_reckoning_ws/install/navigation/share/navigation/package.sh'
[1.947s] INFO:colcon.colcon_core.shell:Creating package script '/home/rohan/eysip_2024/dead_reckoning_ws/install/navigation/share/navigation/package.bash'
[1.948s] INFO:colcon.colcon_core.shell:Creating package script '/home/rohan/eysip_2024/dead_reckoning_ws/install/navigation/share/navigation/package.zsh'
[1.948s] Level 1:colcon.colcon_core.environment:create_file_with_runtime_dependencies(/home/rohan/eysip_2024/dead_reckoning_ws/install/navigation/share/colcon-core/packages/navigation)
[1.962s] Level 1:colcon.colcon_core.environment:checking '/home/rohan/eysip_2024/dead_reckoning_ws/install/imu_pose_estimation' for CMake module files
[1.962s] DEBUG:colcon.colcon_core.event_handler.log_command:Invoked command in '/home/rohan/eysip_2024/dead_reckoning_ws/src/imu_pose_estimation' returned '0': DEBUGINFOD_URLS=https://debuginfod.ubuntu.com PYTHONPATH=/home/rohan/eysip_2024/dead_reckoning_ws/build/imu_pose_estimation/prefix_override:/home/rohan/eysip_2024/dead_reckoning_ws/install/imu_pose_estimation/lib/python3.12/site-packages:${PYTHONPATH} /usr/bin/python3 -W ignore:setup.py install is deprecated setup.py egg_info --egg-base ../../build/imu_pose_estimation build --build-base /home/rohan/eysip_2024/dead_reckoning_ws/build/imu_pose_estimation/build install --record /home/rohan/eysip_2024/dead_reckoning_ws/build/imu_pose_estimation/install.log --single-version-externally-managed install_data
[1.962s] Level 1:colcon.colcon_core.environment:checking '/home/rohan/eysip_2024/dead_reckoning_ws/install/imu_pose_estimation' for CMake config files
[1.963s] Level 1:colcon.colcon_core.environment:checking '/home/rohan/eysip_2024/dead_reckoning_ws/install/imu_pose_estimation/lib'
[1.963s] Level 1:colcon.colcon_core.environment:checking '/home/rohan/eysip_2024/dead_reckoning_ws/install/imu_pose_estimation/bin'
[1.963s] Level 1:colcon.colcon_core.environment:checking '/home/rohan/eysip_2024/dead_reckoning_ws/install/imu_pose_estimation/lib/pkgconfig/imu_pose_estimation.pc'
[1.963s] Level 1:colcon.colcon_core.environment:checking '/home/rohan/eysip_2024/dead_reckoning_ws/install/imu_pose_estimation/lib/python3.12/site-packages'
[1.963s] Level 1:colcon.colcon_core.shell:create_environment_hook('imu_pose_estimation', 'pythonpath')
[1.964s] INFO:colcon.colcon_core.shell:Creating environment hook '/home/rohan/eysip_2024/dead_reckoning_ws/install/imu_pose_estimation/share/imu_pose_estimation/hook/pythonpath.ps1'
[1.964s] INFO:colcon.colcon_core.shell:Creating environment descriptor '/home/rohan/eysip_2024/dead_reckoning_ws/install/imu_pose_estimation/share/imu_pose_estimation/hook/pythonpath.dsv'
[1.964s] INFO:colcon.colcon_core.shell:Creating environment hook '/home/rohan/eysip_2024/dead_reckoning_ws/install/imu_pose_estimation/share/imu_pose_estimation/hook/pythonpath.sh'
[1.965s] Level 1:colcon.colcon_core.environment:checking '/home/rohan/eysip_2024/dead_reckoning_ws/install/imu_pose_estimation/bin'
[1.965s] Level 1:colcon.colcon_core.environment:create_environment_scripts_only(imu_pose_estimation)
[1.965s] INFO:colcon.colcon_core.shell:Creating package script '/home/rohan/eysip_2024/dead_reckoning_ws/install/imu_pose_estimation/share/imu_pose_estimation/package.ps1'
[1.965s] INFO:colcon.colcon_core.shell:Creating package descriptor '/home/rohan/eysip_2024/dead_reckoning_ws/install/imu_pose_estimation/share/imu_pose_estimation/package.dsv'
[1.966s] INFO:colcon.colcon_core.shell:Creating package script '/home/rohan/eysip_2024/dead_reckoning_ws/install/imu_pose_estimation/share/imu_pose_estimation/package.sh'
[1.966s] INFO:colcon.colcon_core.shell:Creating package script '/home/rohan/eysip_2024/dead_reckoning_ws/install/imu_pose_estimation/share/imu_pose_estimation/package.bash'
[1.966s] INFO:colcon.colcon_core.shell:Creating package script '/home/rohan/eysip_2024/dead_reckoning_ws/install/imu_pose_estimation/share/imu_pose_estimation/package.zsh'
[1.967s] Level 1:colcon.colcon_core.environment:create_file_with_runtime_dependencies(/home/rohan/eysip_2024/dead_reckoning_ws/install/imu_pose_estimation/share/colcon-core/packages/imu_pose_estimation)
[1.967s] DEBUG:colcon.colcon_parallel_executor.executor.parallel:closing loop
[1.967s] DEBUG:colcon.colcon_parallel_executor.executor.parallel:loop closed
[1.967s] DEBUG:colcon.colcon_parallel_executor.executor.parallel:run_until_complete finished with '0'
[1.967s] DEBUG:colcon.colcon_core.event_reactor:joining thread
[1.972s] INFO:colcon.colcon_core.plugin_system:Skipping extension 'colcon_notification.desktop_notification.terminal_notifier': Not used on non-Darwin systems
[1.972s] INFO:colcon.colcon_core.plugin_system:Skipping extension 'colcon_notification.desktop_notification.win32': Not used on non-Windows systems
[1.972s] INFO:colcon.colcon_notification.desktop_notification:Sending desktop notification using 'notify2'
[1.986s] DEBUG:colcon.colcon_core.event_reactor:joined thread
[1.987s] INFO:colcon.colcon_core.shell:Creating prefix script '/home/rohan/eysip_2024/dead_reckoning_ws/install/local_setup.ps1'
[1.987s] INFO:colcon.colcon_core.shell:Creating prefix util module '/home/rohan/eysip_2024/dead_reckoning_ws/install/_local_setup_util_ps1.py'
[1.988s] INFO:colcon.colcon_core.shell:Creating prefix chain script '/home/rohan/eysip_2024/dead_reckoning_ws/install/setup.ps1'
[1.989s] INFO:colcon.colcon_core.shell:Creating prefix script '/home/rohan/eysip_2024/dead_reckoning_ws/install/local_setup.sh'
[1.990s] INFO:colcon.colcon_core.shell:Creating prefix util module '/home/rohan/eysip_2024/dead_reckoning_ws/install/_local_setup_util_sh.py'
[1.990s] INFO:colcon.colcon_core.shell:Creating prefix chain script '/home/rohan/eysip_2024/dead_reckoning_ws/install/setup.sh'
[1.991s] INFO:colcon.colcon_core.shell:Creating prefix script '/home/rohan/eysip_2024/dead_reckoning_ws/install/local_setup.bash'
[1.992s] INFO:colcon.colcon_core.shell:Creating prefix chain script '/home/rohan/eysip_2024/dead_reckoning_ws/install/setup.bash'
[1.993s] INFO:colcon.colcon_core.shell:Creating prefix script '/home/rohan/eysip_2024/dead_reckoning_ws/install/local_setup.zsh'
[1.993s] INFO:colcon.colcon_core.shell:Creating prefix chain script '/home/rohan/eysip_2024/dead_reckoning_ws/install/setup.zsh'
