[1.440s] Invoking command in '/home/rohan/eysip_2024/dead_reckoning_ws/src/navigation': DEBUGINFOD_URLS=https://debuginfod.ubuntu.com PYTHONPATH=/home/rohan/eysip_2024/dead_reckoning_ws/build/navigation/prefix_override:/home/rohan/eysip_2024/dead_reckoning_ws/install/navigation/lib/python3.12/site-packages:${PYTHONPATH} /usr/bin/python3 -W ignore:setup.py install is deprecated setup.py egg_info --egg-base ../../build/navigation build --build-base /home/rohan/eysip_2024/dead_reckoning_ws/build/navigation/build install --record /home/rohan/eysip_2024/dead_reckoning_ws/build/navigation/install.log --single-version-externally-managed install_data
[1.701s] running egg_info
[1.739s] writing ../../build/navigation/navigation.egg-info/PKG-INFO
[1.739s] writing dependency_links to ../../build/navigation/navigation.egg-info/dependency_links.txt
[1.740s] writing entry points to ../../build/navigation/navigation.egg-info/entry_points.txt
[1.740s] writing requirements to ../../build/navigation/navigation.egg-info/requires.txt
[1.740s] writing top-level names to ../../build/navigation/navigation.egg-info/top_level.txt
[1.790s] reading manifest file '../../build/navigation/navigation.egg-info/SOURCES.txt'
[1.791s] writing manifest file '../../build/navigation/navigation.egg-info/SOURCES.txt'
[1.791s] running build
[1.791s] running build_py
[1.791s] running install
[1.799s] running install_lib
[1.821s] running install_data
[1.822s] running install_egg_info
[1.842s] removing '/home/rohan/eysip_2024/dead_reckoning_ws/install/navigation/lib/python3.12/site-packages/navigation-0.0.0-py3.12.egg-info' (and everything under it)
[1.843s] Copying ../../build/navigation/navigation.egg-info to /home/rohan/eysip_2024/dead_reckoning_ws/install/navigation/lib/python3.12/site-packages/navigation-0.0.0-py3.12.egg-info
[1.844s] running install_scripts
[1.986s] Installing goalNode script to /home/rohan/eysip_2024/dead_reckoning_ws/install/navigation/lib/navigation
[1.987s] Installing gotoGoal script to /home/rohan/eysip_2024/dead_reckoning_ws/install/navigation/lib/navigation
[1.987s] Installing pure_pursuit script to /home/rohan/eysip_2024/dead_reckoning_ws/install/navigation/lib/navigation
[1.988s] Installing vicon script to /home/rohan/eysip_2024/dead_reckoning_ws/install/navigation/lib/navigation
[1.988s] writing list of installed files to '/home/rohan/eysip_2024/dead_reckoning_ws/build/navigation/install.log'
[2.032s] Invoked command in '/home/rohan/eysip_2024/dead_reckoning_ws/src/navigation' returned '0': DEBUGINFOD_URLS=https://debuginfod.ubuntu.com PYTHONPATH=/home/rohan/eysip_2024/dead_reckoning_ws/build/navigation/prefix_override:/home/rohan/eysip_2024/dead_reckoning_ws/install/navigation/lib/python3.12/site-packages:${PYTHONPATH} /usr/bin/python3 -W ignore:setup.py install is deprecated setup.py egg_info --egg-base ../../build/navigation build --build-base /home/rohan/eysip_2024/dead_reckoning_ws/build/navigation/build install --record /home/rohan/eysip_2024/dead_reckoning_ws/build/navigation/install.log --single-version-externally-managed install_data
