[1.530s] Invoking command in '/home/rohan/eysip_2024/dead_reckoning_ws/src/navigation': DEBUGINFOD_URLS=https://debuginfod.ubuntu.com PYTHONPATH=/home/rohan/eysip_2024/dead_reckoning_ws/build/navigation/prefix_override:/home/rohan/eysip_2024/dead_reckoning_ws/install/navigation/lib/python3.12/site-packages:${PYTHONPATH} /usr/bin/python3 -W ignore:setup.py install is deprecated setup.py egg_info --egg-base ../../build/navigation build --build-base /home/rohan/eysip_2024/dead_reckoning_ws/build/navigation/build install --record /home/rohan/eysip_2024/dead_reckoning_ws/build/navigation/install.log --single-version-externally-managed install_data
[1.839s] running egg_info
[1.860s] writing ../../build/navigation/navigation.egg-info/PKG-INFO
[1.860s] writing dependency_links to ../../build/navigation/navigation.egg-info/dependency_links.txt
[1.861s] writing entry points to ../../build/navigation/navigation.egg-info/entry_points.txt
[1.861s] writing requirements to ../../build/navigation/navigation.egg-info/requires.txt
[1.861s] writing top-level names to ../../build/navigation/navigation.egg-info/top_level.txt
[1.907s] reading manifest file '../../build/navigation/navigation.egg-info/SOURCES.txt'
[1.908s] writing manifest file '../../build/navigation/navigation.egg-info/SOURCES.txt'
[1.908s] running build
[1.908s] running build_py
[1.909s] copying navigation/pure_pursuit.py -> /home/rohan/eysip_2024/dead_reckoning_ws/build/navigation/build/lib/navigation
[1.909s] copying navigation/GoalNode.py -> /home/rohan/eysip_2024/dead_reckoning_ws/build/navigation/build/lib/navigation
[1.909s] running install
[1.916s] running install_lib
[1.938s] copying /home/rohan/eysip_2024/dead_reckoning_ws/build/navigation/build/lib/navigation/pure_pursuit.py -> /home/rohan/eysip_2024/dead_reckoning_ws/install/navigation/lib/python3.12/site-packages/navigation
[1.938s] copying /home/rohan/eysip_2024/dead_reckoning_ws/build/navigation/build/lib/navigation/GoalNode.py -> /home/rohan/eysip_2024/dead_reckoning_ws/install/navigation/lib/python3.12/site-packages/navigation
[1.938s] byte-compiling /home/rohan/eysip_2024/dead_reckoning_ws/install/navigation/lib/python3.12/site-packages/navigation/pure_pursuit.py to pure_pursuit.cpython-312.pyc
[1.940s] byte-compiling /home/rohan/eysip_2024/dead_reckoning_ws/install/navigation/lib/python3.12/site-packages/navigation/GoalNode.py to GoalNode.cpython-312.pyc
[1.940s] running install_data
[1.941s] running install_egg_info
[1.964s] removing '/home/rohan/eysip_2024/dead_reckoning_ws/install/navigation/lib/python3.12/site-packages/navigation-0.0.0-py3.12.egg-info' (and everything under it)
[1.964s] Copying ../../build/navigation/navigation.egg-info to /home/rohan/eysip_2024/dead_reckoning_ws/install/navigation/lib/python3.12/site-packages/navigation-0.0.0-py3.12.egg-info
[1.965s] running install_scripts
[2.157s] Installing goalNode script to /home/rohan/eysip_2024/dead_reckoning_ws/install/navigation/lib/navigation
[2.157s] Installing gotoGoal script to /home/rohan/eysip_2024/dead_reckoning_ws/install/navigation/lib/navigation
[2.157s] Installing pure_pursuit script to /home/rohan/eysip_2024/dead_reckoning_ws/install/navigation/lib/navigation
[2.158s] writing list of installed files to '/home/rohan/eysip_2024/dead_reckoning_ws/build/navigation/install.log'
[2.259s] Invoked command in '/home/rohan/eysip_2024/dead_reckoning_ws/src/navigation' returned '0': DEBUGINFOD_URLS=https://debuginfod.ubuntu.com PYTHONPATH=/home/rohan/eysip_2024/dead_reckoning_ws/build/navigation/prefix_override:/home/rohan/eysip_2024/dead_reckoning_ws/install/navigation/lib/python3.12/site-packages:${PYTHONPATH} /usr/bin/python3 -W ignore:setup.py install is deprecated setup.py egg_info --egg-base ../../build/navigation build --build-base /home/rohan/eysip_2024/dead_reckoning_ws/build/navigation/build install --record /home/rohan/eysip_2024/dead_reckoning_ws/build/navigation/install.log --single-version-externally-managed install_data
