[0.116s] DEBUG:colcon:Command line arguments: ['/usr/bin/colcon', 'build']
[0.116s] DEBUG:colcon:Parsed command line arguments: Namespace(log_base=None, log_level=None, verb_name='build', build_base='build', install_base='install', merge_install=False, symlink_install=False, test_result_base=None, continue_on_error=False, executor='parallel', parallel_workers=12, event_handlers=None, ignore_user_meta=False, metas=['./colcon.meta'], base_paths=['.'], packages_ignore=None, packages_ignore_regex=None, paths=None, packages_up_to=None, packages_up_to_regex=None, packages_above=None, packages_above_and_dependencies=None, packages_above_depth=None, packages_select_by_dep=None, packages_skip_by_dep=None, packages_skip_up_to=None, packages_select_build_failed=False, packages_skip_build_finished=False, packages_select_test_failures=False, packages_skip_test_passed=False, packages_select=None, packages_skip=None, packages_select_regex=None, packages_skip_regex=None, packages_start=None, packages_end=None, allow_overriding=[], cmake_args=None, cmake_target=None, cmake_target_skip_unavailable=False, cmake_clean_cache=False, cmake_clean_first=False, cmake_force_configure=False, ament_cmake_args=None, catkin_cmake_args=None, catkin_skip_building_tests=False, mixin_files=None, mixin=None, verb_parser=<colcon_mixin.mixin.mixin_argument.MixinArgumentDecorator object at 0x7af96a389430>, verb_extension=<colcon_core.verb.build.BuildVerb object at 0x7af96a389010>, main=<bound method BuildVerb.main of <colcon_core.verb.build.BuildVerb object at 0x7af96a389010>>, mixin_verb=('build',))
[0.145s] Level 1:colcon.colcon_core.package_discovery:discover_packages(colcon_meta) check parameters
[0.145s] Level 1:colcon.colcon_core.package_discovery:discover_packages(recursive) check parameters
[0.145s] Level 1:colcon.colcon_core.package_discovery:discover_packages(ignore) check parameters
[0.145s] Level 1:colcon.colcon_core.package_discovery:discover_packages(path) check parameters
[0.145s] Level 1:colcon.colcon_core.package_discovery:discover_packages(colcon_meta) discover
[0.145s] Level 1:colcon.colcon_core.package_discovery:discover_packages(recursive) discover
[0.146s] INFO:colcon.colcon_core.package_discovery:Crawling recursively for packages in '/home/rohan/eysip_2024/dead_reckoning_ws'
[0.146s] Level 1:colcon.colcon_core.package_identification:_identify(.) by extensions ['ignore', 'ignore_ament_install']
[0.146s] Level 1:colcon.colcon_core.package_identification:_identify(.) by extension 'ignore'
[0.146s] Level 1:colcon.colcon_core.package_identification:_identify(.) by extension 'ignore_ament_install'
[0.146s] Level 1:colcon.colcon_core.package_identification:_identify(.) by extensions ['colcon_pkg']
[0.146s] Level 1:colcon.colcon_core.package_identification:_identify(.) by extension 'colcon_pkg'
[0.146s] Level 1:colcon.colcon_core.package_identification:_identify(.) by extensions ['colcon_meta']
[0.146s] Level 1:colcon.colcon_core.package_identification:_identify(.) by extension 'colcon_meta'
[0.146s] Level 1:colcon.colcon_core.package_identification:_identify(.) by extensions ['ros']
[0.146s] Level 1:colcon.colcon_core.package_identification:_identify(.) by extension 'ros'
[0.166s] Level 1:colcon.colcon_core.package_identification:_identify(.) by extensions ['cmake', 'python']
[0.167s] Level 1:colcon.colcon_core.package_identification:_identify(.) by extension 'cmake'
[0.167s] Level 1:colcon.colcon_core.package_identification:_identify(.) by extension 'python'
[0.167s] Level 1:colcon.colcon_core.package_identification:_identify(.) by extensions ['python_setup_py']
[0.167s] Level 1:colcon.colcon_core.package_identification:_identify(.) by extension 'python_setup_py'
[0.167s] Level 1:colcon.colcon_core.package_identification:_identify(build) by extensions ['ignore', 'ignore_ament_install']
[0.167s] Level 1:colcon.colcon_core.package_identification:_identify(build) by extension 'ignore'
[0.167s] Level 1:colcon.colcon_core.package_identification:_identify(build) ignored
[0.167s] Level 1:colcon.colcon_core.package_identification:_identify(install) by extensions ['ignore', 'ignore_ament_install']
[0.167s] Level 1:colcon.colcon_core.package_identification:_identify(install) by extension 'ignore'
[0.167s] Level 1:colcon.colcon_core.package_identification:_identify(install) ignored
[0.167s] Level 1:colcon.colcon_core.package_identification:_identify(log) by extensions ['ignore', 'ignore_ament_install']
[0.168s] Level 1:colcon.colcon_core.package_identification:_identify(log) by extension 'ignore'
[0.168s] Level 1:colcon.colcon_core.package_identification:_identify(log) ignored
[0.168s] Level 1:colcon.colcon_core.package_identification:_identify(src) by extensions ['ignore', 'ignore_ament_install']
[0.168s] Level 1:colcon.colcon_core.package_identification:_identify(src) by extension 'ignore'
[0.168s] Level 1:colcon.colcon_core.package_identification:_identify(src) by extension 'ignore_ament_install'
[0.168s] Level 1:colcon.colcon_core.package_identification:_identify(src) by extensions ['colcon_pkg']
[0.168s] Level 1:colcon.colcon_core.package_identification:_identify(src) by extension 'colcon_pkg'
[0.168s] Level 1:colcon.colcon_core.package_identification:_identify(src) by extensions ['colcon_meta']
[0.168s] Level 1:colcon.colcon_core.package_identification:_identify(src) by extension 'colcon_meta'
[0.168s] Level 1:colcon.colcon_core.package_identification:_identify(src) by extensions ['ros']
[0.168s] Level 1:colcon.colcon_core.package_identification:_identify(src) by extension 'ros'
[0.168s] Level 1:colcon.colcon_core.package_identification:_identify(src) by extensions ['cmake', 'python']
[0.168s] Level 1:colcon.colcon_core.package_identification:_identify(src) by extension 'cmake'
[0.168s] Level 1:colcon.colcon_core.package_identification:_identify(src) by extension 'python'
[0.168s] Level 1:colcon.colcon_core.package_identification:_identify(src) by extensions ['python_setup_py']
[0.168s] Level 1:colcon.colcon_core.package_identification:_identify(src) by extension 'python_setup_py'
[0.168s] Level 1:colcon.colcon_core.package_identification:_identify(src/custom_msgs) by extensions ['ignore', 'ignore_ament_install']
[0.168s] Level 1:colcon.colcon_core.package_identification:_identify(src/custom_msgs) by extension 'ignore'
[0.169s] Level 1:colcon.colcon_core.package_identification:_identify(src/custom_msgs) by extension 'ignore_ament_install'
[0.169s] Level 1:colcon.colcon_core.package_identification:_identify(src/custom_msgs) by extensions ['colcon_pkg']
[0.169s] Level 1:colcon.colcon_core.package_identification:_identify(src/custom_msgs) by extension 'colcon_pkg'
[0.169s] Level 1:colcon.colcon_core.package_identification:_identify(src/custom_msgs) by extensions ['colcon_meta']
[0.169s] Level 1:colcon.colcon_core.package_identification:_identify(src/custom_msgs) by extension 'colcon_meta'
[0.169s] Level 1:colcon.colcon_core.package_identification:_identify(src/custom_msgs) by extensions ['ros']
[0.169s] Level 1:colcon.colcon_core.package_identification:_identify(src/custom_msgs) by extension 'ros'
[0.171s] DEBUG:colcon.colcon_core.package_identification:Package 'src/custom_msgs' with type 'ros.ament_cmake' and name 'custom_msgs'
[0.171s] Level 1:colcon.colcon_core.package_identification:_identify(src/imu_pose_estimation) by extensions ['ignore', 'ignore_ament_install']
[0.171s] Level 1:colcon.colcon_core.package_identification:_identify(src/imu_pose_estimation) by extension 'ignore'
[0.171s] Level 1:colcon.colcon_core.package_identification:_identify(src/imu_pose_estimation) by extension 'ignore_ament_install'
[0.171s] Level 1:colcon.colcon_core.package_identification:_identify(src/imu_pose_estimation) by extensions ['colcon_pkg']
[0.171s] Level 1:colcon.colcon_core.package_identification:_identify(src/imu_pose_estimation) by extension 'colcon_pkg'
[0.171s] Level 1:colcon.colcon_core.package_identification:_identify(src/imu_pose_estimation) by extensions ['colcon_meta']
[0.171s] Level 1:colcon.colcon_core.package_identification:_identify(src/imu_pose_estimation) by extension 'colcon_meta'
[0.171s] Level 1:colcon.colcon_core.package_identification:_identify(src/imu_pose_estimation) by extensions ['ros']
[0.171s] Level 1:colcon.colcon_core.package_identification:_identify(src/imu_pose_estimation) by extension 'ros'
[0.172s] DEBUG:colcon.colcon_core.package_identification:Package 'src/imu_pose_estimation' with type 'ros.ament_python' and name 'imu_pose_estimation'
[0.172s] Level 1:colcon.colcon_core.package_identification:_identify(src/navigation) by extensions ['ignore', 'ignore_ament_install']
[0.172s] Level 1:colcon.colcon_core.package_identification:_identify(src/navigation) by extension 'ignore'
[0.172s] Level 1:colcon.colcon_core.package_identification:_identify(src/navigation) by extension 'ignore_ament_install'
[0.172s] Level 1:colcon.colcon_core.package_identification:_identify(src/navigation) by extensions ['colcon_pkg']
[0.172s] Level 1:colcon.colcon_core.package_identification:_identify(src/navigation) by extension 'colcon_pkg'
[0.172s] Level 1:colcon.colcon_core.package_identification:_identify(src/navigation) by extensions ['colcon_meta']
[0.172s] Level 1:colcon.colcon_core.package_identification:_identify(src/navigation) by extension 'colcon_meta'
[0.172s] Level 1:colcon.colcon_core.package_identification:_identify(src/navigation) by extensions ['ros']
[0.172s] Level 1:colcon.colcon_core.package_identification:_identify(src/navigation) by extension 'ros'
[0.172s] DEBUG:colcon.colcon_core.package_identification:Package 'src/navigation' with type 'ros.ament_python' and name 'navigation'
[0.172s] Level 1:colcon.colcon_core.package_discovery:discover_packages(recursive) using defaults
[0.172s] Level 1:colcon.colcon_core.package_discovery:discover_packages(ignore) discover
[0.172s] Level 1:colcon.colcon_core.package_discovery:discover_packages(ignore) using defaults
[0.173s] Level 1:colcon.colcon_core.package_discovery:discover_packages(path) discover
[0.173s] Level 1:colcon.colcon_core.package_discovery:discover_packages(path) using defaults
[0.188s] Level 1:colcon.colcon_core.package_discovery:discover_packages(prefix_path) check parameters
[0.188s] Level 1:colcon.colcon_core.package_discovery:discover_packages(prefix_path) discover
[0.189s] DEBUG:colcon.colcon_installed_package_information.package_discovery:Found 3 installed packages in /home/rohan/eysip_2024/dead_reckoning_ws/install
[0.190s] DEBUG:colcon.colcon_installed_package_information.package_discovery:Found 287 installed packages in /opt/ros/jazzy
[0.191s] Level 1:colcon.colcon_core.package_discovery:discover_packages(prefix_path) using defaults
[0.230s] Level 5:colcon.colcon_core.verb:set package 'custom_msgs' build argument 'cmake_args' from command line to 'None'
[0.230s] Level 5:colcon.colcon_core.verb:set package 'custom_msgs' build argument 'cmake_target' from command line to 'None'
[0.230s] Level 5:colcon.colcon_core.verb:set package 'custom_msgs' build argument 'cmake_target_skip_unavailable' from command line to 'False'
[0.230s] Level 5:colcon.colcon_core.verb:set package 'custom_msgs' build argument 'cmake_clean_cache' from command line to 'False'
[0.230s] Level 5:colcon.colcon_core.verb:set package 'custom_msgs' build argument 'cmake_clean_first' from command line to 'False'
[0.230s] Level 5:colcon.colcon_core.verb:set package 'custom_msgs' build argument 'cmake_force_configure' from command line to 'False'
[0.230s] Level 5:colcon.colcon_core.verb:set package 'custom_msgs' build argument 'ament_cmake_args' from command line to 'None'
[0.230s] Level 5:colcon.colcon_core.verb:set package 'custom_msgs' build argument 'catkin_cmake_args' from command line to 'None'
[0.230s] Level 5:colcon.colcon_core.verb:set package 'custom_msgs' build argument 'catkin_skip_building_tests' from command line to 'False'
[0.230s] DEBUG:colcon.colcon_core.verb:Building package 'custom_msgs' with the following arguments: {'ament_cmake_args': None, 'build_base': '/home/rohan/eysip_2024/dead_reckoning_ws/build/custom_msgs', 'catkin_cmake_args': None, 'catkin_skip_building_tests': False, 'cmake_args': None, 'cmake_clean_cache': False, 'cmake_clean_first': False, 'cmake_force_configure': False, 'cmake_target': None, 'cmake_target_skip_unavailable': False, 'install_base': '/home/rohan/eysip_2024/dead_reckoning_ws/install/custom_msgs', 'merge_install': False, 'path': '/home/rohan/eysip_2024/dead_reckoning_ws/src/custom_msgs', 'symlink_install': False, 'test_result_base': None}
[0.230s] Level 5:colcon.colcon_core.verb:set package 'imu_pose_estimation' build argument 'cmake_args' from command line to 'None'
[0.230s] Level 5:colcon.colcon_core.verb:set package 'imu_pose_estimation' build argument 'cmake_target' from command line to 'None'
[0.230s] Level 5:colcon.colcon_core.verb:set package 'imu_pose_estimation' build argument 'cmake_target_skip_unavailable' from command line to 'False'
[0.230s] Level 5:colcon.colcon_core.verb:set package 'imu_pose_estimation' build argument 'cmake_clean_cache' from command line to 'False'
[0.230s] Level 5:colcon.colcon_core.verb:set package 'imu_pose_estimation' build argument 'cmake_clean_first' from command line to 'False'
[0.230s] Level 5:colcon.colcon_core.verb:set package 'imu_pose_estimation' build argument 'cmake_force_configure' from command line to 'False'
[0.231s] Level 5:colcon.colcon_core.verb:set package 'imu_pose_estimation' build argument 'ament_cmake_args' from command line to 'None'
[0.231s] Level 5:colcon.colcon_core.verb:set package 'imu_pose_estimation' build argument 'catkin_cmake_args' from command line to 'None'
[0.231s] Level 5:colcon.colcon_core.verb:set package 'imu_pose_estimation' build argument 'catkin_skip_building_tests' from command line to 'False'
[0.231s] DEBUG:colcon.colcon_core.verb:Building package 'imu_pose_estimation' with the following arguments: {'ament_cmake_args': None, 'build_base': '/home/rohan/eysip_2024/dead_reckoning_ws/build/imu_pose_estimation', 'catkin_cmake_args': None, 'catkin_skip_building_tests': False, 'cmake_args': None, 'cmake_clean_cache': False, 'cmake_clean_first': False, 'cmake_force_configure': False, 'cmake_target': None, 'cmake_target_skip_unavailable': False, 'install_base': '/home/rohan/eysip_2024/dead_reckoning_ws/install/imu_pose_estimation', 'merge_install': False, 'path': '/home/rohan/eysip_2024/dead_reckoning_ws/src/imu_pose_estimation', 'symlink_install': False, 'test_result_base': None}
[0.231s] Level 5:colcon.colcon_core.verb:set package 'navigation' build argument 'cmake_args' from command line to 'None'
[0.231s] Level 5:colcon.colcon_core.verb:set package 'navigation' build argument 'cmake_target' from command line to 'None'
[0.231s] Level 5:colcon.colcon_core.verb:set package 'navigation' build argument 'cmake_target_skip_unavailable' from command line to 'False'
[0.231s] Level 5:colcon.colcon_core.verb:set package 'navigation' build argument 'cmake_clean_cache' from command line to 'False'
[0.231s] Level 5:colcon.colcon_core.verb:set package 'navigation' build argument 'cmake_clean_first' from command line to 'False'
[0.231s] Level 5:colcon.colcon_core.verb:set package 'navigation' build argument 'cmake_force_configure' from command line to 'False'
[0.231s] Level 5:colcon.colcon_core.verb:set package 'navigation' build argument 'ament_cmake_args' from command line to 'None'
[0.231s] Level 5:colcon.colcon_core.verb:set package 'navigation' build argument 'catkin_cmake_args' from command line to 'None'
[0.231s] Level 5:colcon.colcon_core.verb:set package 'navigation' build argument 'catkin_skip_building_tests' from command line to 'False'
[0.231s] DEBUG:colcon.colcon_core.verb:Building package 'navigation' with the following arguments: {'ament_cmake_args': None, 'build_base': '/home/rohan/eysip_2024/dead_reckoning_ws/build/navigation', 'catkin_cmake_args': None, 'catkin_skip_building_tests': False, 'cmake_args': None, 'cmake_clean_cache': False, 'cmake_clean_first': False, 'cmake_force_configure': False, 'cmake_target': None, 'cmake_target_skip_unavailable': False, 'install_base': '/home/rohan/eysip_2024/dead_reckoning_ws/install/navigation', 'merge_install': False, 'path': '/home/rohan/eysip_2024/dead_reckoning_ws/src/navigation', 'symlink_install': False, 'test_result_base': None}
[0.231s] INFO:colcon.colcon_core.executor:Executing jobs using 'parallel' executor
[0.232s] DEBUG:colcon.colcon_parallel_executor.executor.parallel:run_until_complete
[0.232s] INFO:colcon.colcon_ros.task.ament_cmake.build:Building ROS package in '/home/rohan/eysip_2024/dead_reckoning_ws/src/custom_msgs' with build type 'ament_cmake'
[0.232s] INFO:colcon.colcon_cmake.task.cmake.build:Building CMake package in '/home/rohan/eysip_2024/dead_reckoning_ws/src/custom_msgs'
[0.234s] INFO:colcon.colcon_core.plugin_system:Skipping extension 'colcon_core.shell.bat': Not used on non-Windows systems
[0.234s] INFO:colcon.colcon_core.shell:Skip shell extension 'powershell' for command environment: Not usable outside of PowerShell
[0.234s] DEBUG:colcon.colcon_core.shell:Skip shell extension 'dsv' for command environment
[0.238s] INFO:colcon.colcon_ros.task.ament_python.build:Building ROS package in '/home/rohan/eysip_2024/dead_reckoning_ws/src/imu_pose_estimation' with build type 'ament_python'
[0.238s] Level 1:colcon.colcon_core.shell:create_environment_hook('imu_pose_estimation', 'ament_prefix_path')
[0.238s] INFO:colcon.colcon_core.shell:Creating environment hook '/home/rohan/eysip_2024/dead_reckoning_ws/install/imu_pose_estimation/share/imu_pose_estimation/hook/ament_prefix_path.ps1'
[0.239s] INFO:colcon.colcon_core.shell:Creating environment descriptor '/home/rohan/eysip_2024/dead_reckoning_ws/install/imu_pose_estimation/share/imu_pose_estimation/hook/ament_prefix_path.dsv'
[0.240s] INFO:colcon.colcon_core.shell:Creating environment hook '/home/rohan/eysip_2024/dead_reckoning_ws/install/imu_pose_estimation/share/imu_pose_estimation/hook/ament_prefix_path.sh'
[0.240s] INFO:colcon.colcon_core.shell:Skip shell extension 'powershell' for command environment: Not usable outside of PowerShell
[0.240s] DEBUG:colcon.colcon_core.shell:Skip shell extension 'dsv' for command environment
[0.243s] INFO:colcon.colcon_ros.task.ament_python.build:Building ROS package in '/home/rohan/eysip_2024/dead_reckoning_ws/src/navigation' with build type 'ament_python'
[0.243s] Level 1:colcon.colcon_core.shell:create_environment_hook('navigation', 'ament_prefix_path')
[0.243s] INFO:colcon.colcon_core.shell:Creating environment hook '/home/rohan/eysip_2024/dead_reckoning_ws/install/navigation/share/navigation/hook/ament_prefix_path.ps1'
[0.244s] INFO:colcon.colcon_core.shell:Creating environment descriptor '/home/rohan/eysip_2024/dead_reckoning_ws/install/navigation/share/navigation/hook/ament_prefix_path.dsv'
[0.244s] INFO:colcon.colcon_core.shell:Creating environment hook '/home/rohan/eysip_2024/dead_reckoning_ws/install/navigation/share/navigation/hook/ament_prefix_path.sh'
[0.245s] INFO:colcon.colcon_core.shell:Skip shell extension 'powershell' for command environment: Not usable outside of PowerShell
[0.245s] DEBUG:colcon.colcon_core.shell:Skip shell extension 'dsv' for command environment
[0.252s] DEBUG:colcon.colcon_core.event_handler.log_command:Invoking command in '/home/rohan/eysip_2024/dead_reckoning_ws/build/custom_msgs': CMAKE_PREFIX_PATH=${CMAKE_PREFIX_PATH}:/home/rohan/eysip_2024/dead_reckoning_ws/install/navigation:/home/rohan/eysip_2024/dead_reckoning_ws/install/imu_pose_estimation:/opt/ros/jazzy DEBUGINFOD_URLS=https://debuginfod.ubuntu.com /usr/bin/cmake --build /home/rohan/eysip_2024/dead_reckoning_ws/build/custom_msgs -- -j12 -l12
[0.579s] INFO:colcon.colcon_core.task.python.build:Building Python package in '/home/rohan/eysip_2024/dead_reckoning_ws/src/imu_pose_estimation'
[0.579s] INFO:colcon.colcon_core.shell:Skip shell extension 'powershell' for command environment: Not usable outside of PowerShell
[0.579s] DEBUG:colcon.colcon_core.shell:Skip shell extension 'dsv' for command environment
[0.858s] INFO:colcon.colcon_core.task.python.build:Building Python package in '/home/rohan/eysip_2024/dead_reckoning_ws/src/navigation'
[0.859s] INFO:colcon.colcon_core.shell:Skip shell extension 'powershell' for command environment: Not usable outside of PowerShell
[0.859s] DEBUG:colcon.colcon_core.shell:Skip shell extension 'dsv' for command environment
[0.865s] DEBUG:colcon.colcon_core.event_handler.log_command:Invoked command in '/home/rohan/eysip_2024/dead_reckoning_ws/build/custom_msgs' returned '0': CMAKE_PREFIX_PATH=${CMAKE_PREFIX_PATH}:/home/rohan/eysip_2024/dead_reckoning_ws/install/navigation:/home/rohan/eysip_2024/dead_reckoning_ws/install/imu_pose_estimation:/opt/ros/jazzy DEBUGINFOD_URLS=https://debuginfod.ubuntu.com /usr/bin/cmake --build /home/rohan/eysip_2024/dead_reckoning_ws/build/custom_msgs -- -j12 -l12
[0.924s] DEBUG:colcon.colcon_core.event_handler.log_command:Invoking command in '/home/rohan/eysip_2024/dead_reckoning_ws/build/custom_msgs': CMAKE_PREFIX_PATH=${CMAKE_PREFIX_PATH}:/home/rohan/eysip_2024/dead_reckoning_ws/install/navigation:/home/rohan/eysip_2024/dead_reckoning_ws/install/imu_pose_estimation:/opt/ros/jazzy DEBUGINFOD_URLS=https://debuginfod.ubuntu.com /usr/bin/cmake --install /home/rohan/eysip_2024/dead_reckoning_ws/build/custom_msgs
[1.019s] Level 1:colcon.colcon_core.environment:create_environment_scripts_only(custom_msgs)
[1.020s] DEBUG:colcon.colcon_core.event_handler.log_command:Invoked command in '/home/rohan/eysip_2024/dead_reckoning_ws/build/custom_msgs' returned '0': CMAKE_PREFIX_PATH=${CMAKE_PREFIX_PATH}:/home/rohan/eysip_2024/dead_reckoning_ws/install/navigation:/home/rohan/eysip_2024/dead_reckoning_ws/install/imu_pose_estimation:/opt/ros/jazzy DEBUGINFOD_URLS=https://debuginfod.ubuntu.com /usr/bin/cmake --install /home/rohan/eysip_2024/dead_reckoning_ws/build/custom_msgs
[1.025s] Level 1:colcon.colcon_core.environment:checking '/home/rohan/eysip_2024/dead_reckoning_ws/install/custom_msgs' for CMake module files
[1.026s] Level 1:colcon.colcon_core.environment:checking '/home/rohan/eysip_2024/dead_reckoning_ws/install/custom_msgs' for CMake config files
[1.027s] Level 1:colcon.colcon_core.shell:create_environment_hook('custom_msgs', 'cmake_prefix_path')
[1.028s] INFO:colcon.colcon_core.shell:Creating environment hook '/home/rohan/eysip_2024/dead_reckoning_ws/install/custom_msgs/share/custom_msgs/hook/cmake_prefix_path.ps1'
[1.028s] INFO:colcon.colcon_core.shell:Creating environment descriptor '/home/rohan/eysip_2024/dead_reckoning_ws/install/custom_msgs/share/custom_msgs/hook/cmake_prefix_path.dsv'
[1.029s] INFO:colcon.colcon_core.shell:Creating environment hook '/home/rohan/eysip_2024/dead_reckoning_ws/install/custom_msgs/share/custom_msgs/hook/cmake_prefix_path.sh'
[1.030s] Level 1:colcon.colcon_core.environment:checking '/home/rohan/eysip_2024/dead_reckoning_ws/install/custom_msgs/lib'
[1.030s] Level 1:colcon.colcon_core.shell:create_environment_hook('custom_msgs', 'ld_library_path_lib')
[1.030s] INFO:colcon.colcon_core.shell:Creating environment hook '/home/rohan/eysip_2024/dead_reckoning_ws/install/custom_msgs/share/custom_msgs/hook/ld_library_path_lib.ps1'
[1.031s] INFO:colcon.colcon_core.shell:Creating environment descriptor '/home/rohan/eysip_2024/dead_reckoning_ws/install/custom_msgs/share/custom_msgs/hook/ld_library_path_lib.dsv'
[1.031s] INFO:colcon.colcon_core.shell:Creating environment hook '/home/rohan/eysip_2024/dead_reckoning_ws/install/custom_msgs/share/custom_msgs/hook/ld_library_path_lib.sh'
[1.032s] Level 1:colcon.colcon_core.environment:checking '/home/rohan/eysip_2024/dead_reckoning_ws/install/custom_msgs/bin'
[1.032s] Level 1:colcon.colcon_core.environment:checking '/home/rohan/eysip_2024/dead_reckoning_ws/install/custom_msgs/lib/pkgconfig/custom_msgs.pc'
[1.033s] Level 1:colcon.colcon_core.environment:checking '/home/rohan/eysip_2024/dead_reckoning_ws/install/custom_msgs/lib/python3.12/site-packages'
[1.033s] Level 1:colcon.colcon_core.shell:create_environment_hook('custom_msgs', 'pythonpath')
[1.033s] INFO:colcon.colcon_core.shell:Creating environment hook '/home/rohan/eysip_2024/dead_reckoning_ws/install/custom_msgs/share/custom_msgs/hook/pythonpath.ps1'
[1.034s] INFO:colcon.colcon_core.shell:Creating environment descriptor '/home/rohan/eysip_2024/dead_reckoning_ws/install/custom_msgs/share/custom_msgs/hook/pythonpath.dsv'
[1.035s] INFO:colcon.colcon_core.shell:Creating environment hook '/home/rohan/eysip_2024/dead_reckoning_ws/install/custom_msgs/share/custom_msgs/hook/pythonpath.sh'
[1.036s] Level 1:colcon.colcon_core.environment:checking '/home/rohan/eysip_2024/dead_reckoning_ws/install/custom_msgs/bin'
[1.036s] INFO:colcon.colcon_core.shell:Creating package script '/home/rohan/eysip_2024/dead_reckoning_ws/install/custom_msgs/share/custom_msgs/package.ps1'
[1.037s] INFO:colcon.colcon_core.shell:Creating package descriptor '/home/rohan/eysip_2024/dead_reckoning_ws/install/custom_msgs/share/custom_msgs/package.dsv'
[1.038s] INFO:colcon.colcon_core.shell:Creating package script '/home/rohan/eysip_2024/dead_reckoning_ws/install/custom_msgs/share/custom_msgs/package.sh'
[1.039s] INFO:colcon.colcon_core.shell:Creating package script '/home/rohan/eysip_2024/dead_reckoning_ws/install/custom_msgs/share/custom_msgs/package.bash'
[1.040s] INFO:colcon.colcon_core.shell:Creating package script '/home/rohan/eysip_2024/dead_reckoning_ws/install/custom_msgs/share/custom_msgs/package.zsh'
[1.041s] Level 1:colcon.colcon_core.environment:create_file_with_runtime_dependencies(/home/rohan/eysip_2024/dead_reckoning_ws/install/custom_msgs/share/colcon-core/packages/custom_msgs)
[1.099s] Level 1:colcon.colcon_core.environment:create_environment_scripts_only(custom_msgs)
[1.099s] Level 1:colcon.colcon_core.environment:checking '/home/rohan/eysip_2024/dead_reckoning_ws/install/custom_msgs' for CMake module files
[1.100s] Level 1:colcon.colcon_core.environment:checking '/home/rohan/eysip_2024/dead_reckoning_ws/install/custom_msgs' for CMake config files
[1.100s] Level 1:colcon.colcon_core.shell:create_environment_hook('custom_msgs', 'cmake_prefix_path')
[1.100s] INFO:colcon.colcon_core.shell:Creating environment hook '/home/rohan/eysip_2024/dead_reckoning_ws/install/custom_msgs/share/custom_msgs/hook/cmake_prefix_path.ps1'
[1.101s] INFO:colcon.colcon_core.shell:Creating environment descriptor '/home/rohan/eysip_2024/dead_reckoning_ws/install/custom_msgs/share/custom_msgs/hook/cmake_prefix_path.dsv'
[1.101s] INFO:colcon.colcon_core.shell:Creating environment hook '/home/rohan/eysip_2024/dead_reckoning_ws/install/custom_msgs/share/custom_msgs/hook/cmake_prefix_path.sh'
[1.101s] Level 1:colcon.colcon_core.environment:checking '/home/rohan/eysip_2024/dead_reckoning_ws/install/custom_msgs/lib'
[1.102s] Level 1:colcon.colcon_core.shell:create_environment_hook('custom_msgs', 'ld_library_path_lib')
[1.102s] INFO:colcon.colcon_core.shell:Creating environment hook '/home/rohan/eysip_2024/dead_reckoning_ws/install/custom_msgs/share/custom_msgs/hook/ld_library_path_lib.ps1'
[1.102s] INFO:colcon.colcon_core.shell:Creating environment descriptor '/home/rohan/eysip_2024/dead_reckoning_ws/install/custom_msgs/share/custom_msgs/hook/ld_library_path_lib.dsv'
[1.102s] INFO:colcon.colcon_core.shell:Creating environment hook '/home/rohan/eysip_2024/dead_reckoning_ws/install/custom_msgs/share/custom_msgs/hook/ld_library_path_lib.sh'
[1.103s] Level 1:colcon.colcon_core.environment:checking '/home/rohan/eysip_2024/dead_reckoning_ws/install/custom_msgs/bin'
[1.103s] Level 1:colcon.colcon_core.environment:checking '/home/rohan/eysip_2024/dead_reckoning_ws/install/custom_msgs/lib/pkgconfig/custom_msgs.pc'
[1.103s] Level 1:colcon.colcon_core.environment:checking '/home/rohan/eysip_2024/dead_reckoning_ws/install/custom_msgs/lib/python3.12/site-packages'
[1.104s] Level 1:colcon.colcon_core.shell:create_environment_hook('custom_msgs', 'pythonpath')
[1.104s] INFO:colcon.colcon_core.shell:Creating environment hook '/home/rohan/eysip_2024/dead_reckoning_ws/install/custom_msgs/share/custom_msgs/hook/pythonpath.ps1'
[1.105s] INFO:colcon.colcon_core.shell:Creating environment descriptor '/home/rohan/eysip_2024/dead_reckoning_ws/install/custom_msgs/share/custom_msgs/hook/pythonpath.dsv'
[1.105s] INFO:colcon.colcon_core.shell:Creating environment hook '/home/rohan/eysip_2024/dead_reckoning_ws/install/custom_msgs/share/custom_msgs/hook/pythonpath.sh'
[1.106s] Level 1:colcon.colcon_core.environment:checking '/home/rohan/eysip_2024/dead_reckoning_ws/install/custom_msgs/bin'
[1.106s] INFO:colcon.colcon_core.shell:Creating package script '/home/rohan/eysip_2024/dead_reckoning_ws/install/custom_msgs/share/custom_msgs/package.ps1'
[1.106s] INFO:colcon.colcon_core.shell:Creating package descriptor '/home/rohan/eysip_2024/dead_reckoning_ws/install/custom_msgs/share/custom_msgs/package.dsv'
[1.107s] INFO:colcon.colcon_core.shell:Creating package script '/home/rohan/eysip_2024/dead_reckoning_ws/install/custom_msgs/share/custom_msgs/package.sh'
[1.107s] INFO:colcon.colcon_core.shell:Creating package script '/home/rohan/eysip_2024/dead_reckoning_ws/install/custom_msgs/share/custom_msgs/package.bash'
[1.108s] INFO:colcon.colcon_core.shell:Creating package script '/home/rohan/eysip_2024/dead_reckoning_ws/install/custom_msgs/share/custom_msgs/package.zsh'
[1.108s] Level 1:colcon.colcon_core.environment:create_file_with_runtime_dependencies(/home/rohan/eysip_2024/dead_reckoning_ws/install/custom_msgs/share/colcon-core/packages/custom_msgs)
[1.482s] DEBUG:colcon.colcon_core.event_handler.log_command:Invoking command in '/home/rohan/eysip_2024/dead_reckoning_ws/src/imu_pose_estimation': DEBUGINFOD_URLS=https://debuginfod.ubuntu.com PYTHONPATH=/home/rohan/eysip_2024/dead_reckoning_ws/build/imu_pose_estimation/prefix_override:/home/rohan/eysip_2024/dead_reckoning_ws/install/imu_pose_estimation/lib/python3.12/site-packages:${PYTHONPATH} /usr/bin/python3 -W ignore:setup.py install is deprecated setup.py egg_info --egg-base ../../build/imu_pose_estimation build --build-base /home/rohan/eysip_2024/dead_reckoning_ws/build/imu_pose_estimation/build install --record /home/rohan/eysip_2024/dead_reckoning_ws/build/imu_pose_estimation/install.log --single-version-externally-managed install_data
[1.500s] DEBUG:colcon.colcon_core.event_handler.log_command:Invoking command in '/home/rohan/eysip_2024/dead_reckoning_ws/src/navigation': DEBUGINFOD_URLS=https://debuginfod.ubuntu.com PYTHONPATH=/home/rohan/eysip_2024/dead_reckoning_ws/build/navigation/prefix_override:/home/rohan/eysip_2024/dead_reckoning_ws/install/navigation/lib/python3.12/site-packages:${PYTHONPATH} /usr/bin/python3 -W ignore:setup.py install is deprecated setup.py egg_info --egg-base ../../build/navigation build --build-base /home/rohan/eysip_2024/dead_reckoning_ws/build/navigation/build install --record /home/rohan/eysip_2024/dead_reckoning_ws/build/navigation/install.log --single-version-externally-managed install_data
[2.019s] Level 1:colcon.colcon_core.environment:checking '/home/rohan/eysip_2024/dead_reckoning_ws/install/imu_pose_estimation' for CMake module files
[2.020s] DEBUG:colcon.colcon_core.event_handler.log_command:Invoked command in '/home/rohan/eysip_2024/dead_reckoning_ws/src/imu_pose_estimation' returned '0': DEBUGINFOD_URLS=https://debuginfod.ubuntu.com PYTHONPATH=/home/rohan/eysip_2024/dead_reckoning_ws/build/imu_pose_estimation/prefix_override:/home/rohan/eysip_2024/dead_reckoning_ws/install/imu_pose_estimation/lib/python3.12/site-packages:${PYTHONPATH} /usr/bin/python3 -W ignore:setup.py install is deprecated setup.py egg_info --egg-base ../../build/imu_pose_estimation build --build-base /home/rohan/eysip_2024/dead_reckoning_ws/build/imu_pose_estimation/build install --record /home/rohan/eysip_2024/dead_reckoning_ws/build/imu_pose_estimation/install.log --single-version-externally-managed install_data
[2.020s] Level 1:colcon.colcon_core.environment:checking '/home/rohan/eysip_2024/dead_reckoning_ws/install/imu_pose_estimation' for CMake config files
[2.021s] Level 1:colcon.colcon_core.environment:checking '/home/rohan/eysip_2024/dead_reckoning_ws/install/imu_pose_estimation/lib'
[2.021s] Level 1:colcon.colcon_core.environment:checking '/home/rohan/eysip_2024/dead_reckoning_ws/install/imu_pose_estimation/bin'
[2.021s] Level 1:colcon.colcon_core.environment:checking '/home/rohan/eysip_2024/dead_reckoning_ws/install/imu_pose_estimation/lib/pkgconfig/imu_pose_estimation.pc'
[2.021s] Level 1:colcon.colcon_core.environment:checking '/home/rohan/eysip_2024/dead_reckoning_ws/install/imu_pose_estimation/lib/python3.12/site-packages'
[2.021s] Level 1:colcon.colcon_core.shell:create_environment_hook('imu_pose_estimation', 'pythonpath')
[2.021s] INFO:colcon.colcon_core.shell:Creating environment hook '/home/rohan/eysip_2024/dead_reckoning_ws/install/imu_pose_estimation/share/imu_pose_estimation/hook/pythonpath.ps1'
[2.022s] INFO:colcon.colcon_core.shell:Creating environment descriptor '/home/rohan/eysip_2024/dead_reckoning_ws/install/imu_pose_estimation/share/imu_pose_estimation/hook/pythonpath.dsv'
[2.022s] INFO:colcon.colcon_core.shell:Creating environment hook '/home/rohan/eysip_2024/dead_reckoning_ws/install/imu_pose_estimation/share/imu_pose_estimation/hook/pythonpath.sh'
[2.023s] Level 1:colcon.colcon_core.environment:checking '/home/rohan/eysip_2024/dead_reckoning_ws/install/imu_pose_estimation/bin'
[2.023s] Level 1:colcon.colcon_core.environment:create_environment_scripts_only(imu_pose_estimation)
[2.023s] INFO:colcon.colcon_core.shell:Creating package script '/home/rohan/eysip_2024/dead_reckoning_ws/install/imu_pose_estimation/share/imu_pose_estimation/package.ps1'
[2.023s] INFO:colcon.colcon_core.shell:Creating package descriptor '/home/rohan/eysip_2024/dead_reckoning_ws/install/imu_pose_estimation/share/imu_pose_estimation/package.dsv'
[2.024s] INFO:colcon.colcon_core.shell:Creating package script '/home/rohan/eysip_2024/dead_reckoning_ws/install/imu_pose_estimation/share/imu_pose_estimation/package.sh'
[2.024s] INFO:colcon.colcon_core.shell:Creating package script '/home/rohan/eysip_2024/dead_reckoning_ws/install/imu_pose_estimation/share/imu_pose_estimation/package.bash'
[2.024s] INFO:colcon.colcon_core.shell:Creating package script '/home/rohan/eysip_2024/dead_reckoning_ws/install/imu_pose_estimation/share/imu_pose_estimation/package.zsh'
[2.024s] Level 1:colcon.colcon_core.environment:create_file_with_runtime_dependencies(/home/rohan/eysip_2024/dead_reckoning_ws/install/imu_pose_estimation/share/colcon-core/packages/imu_pose_estimation)
[2.031s] Level 1:colcon.colcon_core.environment:checking '/home/rohan/eysip_2024/dead_reckoning_ws/install/navigation' for CMake module files
[2.032s] DEBUG:colcon.colcon_core.event_handler.log_command:Invoked command in '/home/rohan/eysip_2024/dead_reckoning_ws/src/navigation' returned '0': DEBUGINFOD_URLS=https://debuginfod.ubuntu.com PYTHONPATH=/home/rohan/eysip_2024/dead_reckoning_ws/build/navigation/prefix_override:/home/rohan/eysip_2024/dead_reckoning_ws/install/navigation/lib/python3.12/site-packages:${PYTHONPATH} /usr/bin/python3 -W ignore:setup.py install is deprecated setup.py egg_info --egg-base ../../build/navigation build --build-base /home/rohan/eysip_2024/dead_reckoning_ws/build/navigation/build install --record /home/rohan/eysip_2024/dead_reckoning_ws/build/navigation/install.log --single-version-externally-managed install_data
[2.032s] Level 1:colcon.colcon_core.environment:checking '/home/rohan/eysip_2024/dead_reckoning_ws/install/navigation' for CMake config files
[2.033s] Level 1:colcon.colcon_core.environment:checking '/home/rohan/eysip_2024/dead_reckoning_ws/install/navigation/lib'
[2.033s] Level 1:colcon.colcon_core.environment:checking '/home/rohan/eysip_2024/dead_reckoning_ws/install/navigation/bin'
[2.033s] Level 1:colcon.colcon_core.environment:checking '/home/rohan/eysip_2024/dead_reckoning_ws/install/navigation/lib/pkgconfig/navigation.pc'
[2.033s] Level 1:colcon.colcon_core.environment:checking '/home/rohan/eysip_2024/dead_reckoning_ws/install/navigation/lib/python3.12/site-packages'
[2.033s] Level 1:colcon.colcon_core.shell:create_environment_hook('navigation', 'pythonpath')
[2.033s] INFO:colcon.colcon_core.shell:Creating environment hook '/home/rohan/eysip_2024/dead_reckoning_ws/install/navigation/share/navigation/hook/pythonpath.ps1'
[2.034s] INFO:colcon.colcon_core.shell:Creating environment descriptor '/home/rohan/eysip_2024/dead_reckoning_ws/install/navigation/share/navigation/hook/pythonpath.dsv'
[2.034s] INFO:colcon.colcon_core.shell:Creating environment hook '/home/rohan/eysip_2024/dead_reckoning_ws/install/navigation/share/navigation/hook/pythonpath.sh'
[2.034s] Level 1:colcon.colcon_core.environment:checking '/home/rohan/eysip_2024/dead_reckoning_ws/install/navigation/bin'
[2.034s] Level 1:colcon.colcon_core.environment:create_environment_scripts_only(navigation)
[2.035s] INFO:colcon.colcon_core.shell:Creating package script '/home/rohan/eysip_2024/dead_reckoning_ws/install/navigation/share/navigation/package.ps1'
[2.035s] INFO:colcon.colcon_core.shell:Creating package descriptor '/home/rohan/eysip_2024/dead_reckoning_ws/install/navigation/share/navigation/package.dsv'
[2.036s] INFO:colcon.colcon_core.shell:Creating package script '/home/rohan/eysip_2024/dead_reckoning_ws/install/navigation/share/navigation/package.sh'
[2.036s] INFO:colcon.colcon_core.shell:Creating package script '/home/rohan/eysip_2024/dead_reckoning_ws/install/navigation/share/navigation/package.bash'
[2.036s] INFO:colcon.colcon_core.shell:Creating package script '/home/rohan/eysip_2024/dead_reckoning_ws/install/navigation/share/navigation/package.zsh'
[2.036s] Level 1:colcon.colcon_core.environment:create_file_with_runtime_dependencies(/home/rohan/eysip_2024/dead_reckoning_ws/install/navigation/share/colcon-core/packages/navigation)
[2.037s] DEBUG:colcon.colcon_parallel_executor.executor.parallel:closing loop
[2.037s] DEBUG:colcon.colcon_parallel_executor.executor.parallel:loop closed
[2.037s] DEBUG:colcon.colcon_parallel_executor.executor.parallel:run_until_complete finished with '0'
[2.037s] DEBUG:colcon.colcon_core.event_reactor:joining thread
[2.042s] INFO:colcon.colcon_core.plugin_system:Skipping extension 'colcon_notification.desktop_notification.terminal_notifier': Not used on non-Darwin systems
[2.042s] INFO:colcon.colcon_core.plugin_system:Skipping extension 'colcon_notification.desktop_notification.win32': Not used on non-Windows systems
[2.042s] INFO:colcon.colcon_notification.desktop_notification:Sending desktop notification using 'notify2'
[2.053s] DEBUG:colcon.colcon_core.event_reactor:joined thread
[2.054s] INFO:colcon.colcon_core.shell:Creating prefix script '/home/rohan/eysip_2024/dead_reckoning_ws/install/local_setup.ps1'
[2.054s] INFO:colcon.colcon_core.shell:Creating prefix util module '/home/rohan/eysip_2024/dead_reckoning_ws/install/_local_setup_util_ps1.py'
[2.055s] INFO:colcon.colcon_core.shell:Creating prefix chain script '/home/rohan/eysip_2024/dead_reckoning_ws/install/setup.ps1'
[2.056s] INFO:colcon.colcon_core.shell:Creating prefix script '/home/rohan/eysip_2024/dead_reckoning_ws/install/local_setup.sh'
[2.057s] INFO:colcon.colcon_core.shell:Creating prefix util module '/home/rohan/eysip_2024/dead_reckoning_ws/install/_local_setup_util_sh.py'
[2.057s] INFO:colcon.colcon_core.shell:Creating prefix chain script '/home/rohan/eysip_2024/dead_reckoning_ws/install/setup.sh'
[2.058s] INFO:colcon.colcon_core.shell:Creating prefix script '/home/rohan/eysip_2024/dead_reckoning_ws/install/local_setup.bash'
[2.059s] INFO:colcon.colcon_core.shell:Creating prefix chain script '/home/rohan/eysip_2024/dead_reckoning_ws/install/setup.bash'
[2.060s] INFO:colcon.colcon_core.shell:Creating prefix script '/home/rohan/eysip_2024/dead_reckoning_ws/install/local_setup.zsh'
[2.060s] INFO:colcon.colcon_core.shell:Creating prefix chain script '/home/rohan/eysip_2024/dead_reckoning_ws/install/setup.zsh'
