[0.014s] Invoking command in '/home/rohan/eysip_2024/dead_reckoning_ws/build/custom_msgs': CMAKE_PREFIX_PATH=${CMAKE_PREFIX_PATH}:/opt/ros/jazzy DEBUGINFOD_URLS=https://debuginfod.ubuntu.com /usr/bin/cmake /home/rohan/eysip_2024/dead_reckoning_ws/src/custom_msgs -DCMAKE_INSTALL_PREFIX=/home/rohan/eysip_2024/dead_reckoning_ws/install/custom_msgs
[0.188s] -- The C compiler identification is GNU 13.2.0
[0.338s] -- The CXX compiler identification is GNU 13.2.0
[0.359s] -- Detecting C compiler ABI info
[0.464s] -- Detecting C compiler ABI info - done
[0.476s] -- Check for working C compiler: /usr/bin/cc - skipped
[0.477s] -- Detecting C compile features
[0.477s] -- Detecting C compile features - done
[0.491s] -- Detecting CXX compiler ABI info
[0.609s] -- Detecting CXX compiler ABI info - done
[0.618s] -- Check for working CXX compiler: /usr/bin/c++ - skipped
[0.619s] -- Detecting CXX compile features
[0.619s] -- Detecting CXX compile features - done
[0.624s] -- Found ament_cmake: 2.5.0 (/opt/ros/jazzy/share/ament_cmake/cmake)
[0.763s] -- Found Python3: /usr/bin/python3 (found version "3.12.3") found components: Interpreter 
[0.874s] -- Found rosidl_default_generators: 1.6.0 (/opt/ros/jazzy/share/rosidl_default_generators/cmake)
[0.880s] -- Using all available rosidl_typesupport_c: rosidl_typesupport_fastrtps_c;rosidl_typesupport_introspection_c
[0.940s] -- Using all available rosidl_typesupport_cpp: rosidl_typesupport_fastrtps_cpp;rosidl_typesupport_introspection_cpp
[0.990s] -- Found rosidl_adapter: 4.6.2 (/opt/ros/jazzy/share/rosidl_adapter/cmake)
[1.182s] [31mCMake Error at /opt/ros/jazzy/share/rosidl_cmake/cmake/rosidl_generate_interfaces.cmake:192 (message):
[1.183s]   rosidl_generate_interfaces() the passed dependency 'std_msgs' has not been
[1.183s]   found before using find_package()
[1.183s] Call Stack (most recent call first):
[1.183s]   CMakeLists.txt:7 (rosidl_generate_interfaces)
[1.183s] 
[1.183s] [0m
[1.183s] -- Configuring incomplete, errors occurred!
[1.192s] Invoked command in '/home/rohan/eysip_2024/dead_reckoning_ws/build/custom_msgs' returned '1': CMAKE_PREFIX_PATH=${CMAKE_PREFIX_PATH}:/opt/ros/jazzy DEBUGINFOD_URLS=https://debuginfod.ubuntu.com /usr/bin/cmake /home/rohan/eysip_2024/dead_reckoning_ws/src/custom_msgs -DCMAKE_INSTALL_PREFIX=/home/rohan/eysip_2024/dead_reckoning_ws/install/custom_msgs
