/home/rohan/eysip_2024/dead_reckoning_ws/install/navigation/lib/python3.12/site-packages/navigation/pure_pursuit.py
/home/rohan/eysip_2024/dead_reckoning_ws/install/navigation/lib/python3.12/site-packages/navigation/vicon_data_compare.py
/home/rohan/eysip_2024/dead_reckoning_ws/install/navigation/lib/python3.12/site-packages/navigation/GoalNode.py
/home/rohan/eysip_2024/dead_reckoning_ws/install/navigation/lib/python3.12/site-packages/navigation/pure_pursuit1.py
/home/rohan/eysip_2024/dead_reckoning_ws/install/navigation/lib/python3.12/site-packages/navigation/__init__.py
/home/rohan/eysip_2024/dead_reckoning_ws/install/navigation/lib/python3.12/site-packages/navigation/go_to_goal.py
/home/rohan/eysip_2024/dead_reckoning_ws/install/navigation/lib/python3.12/site-packages/navigation/__pycache__/pure_pursuit.cpython-312.pyc
/home/rohan/eysip_2024/dead_reckoning_ws/install/navigation/lib/python3.12/site-packages/navigation/__pycache__/vicon_data_compare.cpython-312.pyc
/home/rohan/eysip_2024/dead_reckoning_ws/install/navigation/lib/python3.12/site-packages/navigation/__pycache__/GoalNode.cpython-312.pyc
/home/rohan/eysip_2024/dead_reckoning_ws/install/navigation/lib/python3.12/site-packages/navigation/__pycache__/pure_pursuit1.cpython-312.pyc
/home/rohan/eysip_2024/dead_reckoning_ws/install/navigation/lib/python3.12/site-packages/navigation/__pycache__/__init__.cpython-312.pyc
/home/rohan/eysip_2024/dead_reckoning_ws/install/navigation/lib/python3.12/site-packages/navigation/__pycache__/go_to_goal.cpython-312.pyc
/home/rohan/eysip_2024/dead_reckoning_ws/install/navigation/share/ament_index/resource_index/packages/navigation
/home/rohan/eysip_2024/dead_reckoning_ws/install/navigation/share/navigation/package.xml
/home/rohan/eysip_2024/dead_reckoning_ws/install/navigation/lib/python3.12/site-packages/navigation-0.0.0-py3.12.egg-info/entry_points.txt
/home/rohan/eysip_2024/dead_reckoning_ws/install/navigation/lib/python3.12/site-packages/navigation-0.0.0-py3.12.egg-info/top_level.txt
/home/rohan/eysip_2024/dead_reckoning_ws/install/navigation/lib/python3.12/site-packages/navigation-0.0.0-py3.12.egg-info/PKG-INFO
/home/rohan/eysip_2024/dead_reckoning_ws/install/navigation/lib/python3.12/site-packages/navigation-0.0.0-py3.12.egg-info/dependency_links.txt
/home/rohan/eysip_2024/dead_reckoning_ws/install/navigation/lib/python3.12/site-packages/navigation-0.0.0-py3.12.egg-info/zip-safe
/home/rohan/eysip_2024/dead_reckoning_ws/install/navigation/lib/python3.12/site-packages/navigation-0.0.0-py3.12.egg-info/SOURCES.txt
/home/rohan/eysip_2024/dead_reckoning_ws/install/navigation/lib/python3.12/site-packages/navigation-0.0.0-py3.12.egg-info/requires.txt
/home/rohan/eysip_2024/dead_reckoning_ws/install/navigation/lib/navigation/goalNode
/home/rohan/eysip_2024/dead_reckoning_ws/install/navigation/lib/navigation/gotoGoal
/home/rohan/eysip_2024/dead_reckoning_ws/install/navigation/lib/navigation/pure_pursuit
/home/rohan/eysip_2024/dead_reckoning_ws/install/navigation/lib/navigation/vicon
