[0.700s] Invoking command in '/home/rohan/eysip_2024/teleop_ws/src/teleop_bot': DEBUGINFOD_URLS=https://debuginfod.ubuntu.com PYTHONPATH=/home/rohan/eysip_2024/teleop_ws/build/teleop_bot/prefix_override:/home/rohan/eysip_2024/teleop_ws/install/teleop_bot/lib/python3.12/site-packages:${PYTHONPATH} /usr/bin/python3 -W ignore:setup.py install is deprecated setup.py egg_info --egg-base ../../build/teleop_bot build --build-base /home/rohan/eysip_2024/teleop_ws/build/teleop_bot/build install --record /home/rohan/eysip_2024/teleop_ws/build/teleop_bot/install.log --single-version-externally-managed install_data
[0.933s] running egg_info
[0.952s] writing ../../build/teleop_bot/teleop_bot.egg-info/PKG-INFO
[0.952s] writing dependency_links to ../../build/teleop_bot/teleop_bot.egg-info/dependency_links.txt
[0.952s] writing entry points to ../../build/teleop_bot/teleop_bot.egg-info/entry_points.txt
[0.952s] writing requirements to ../../build/teleop_bot/teleop_bot.egg-info/requires.txt
[0.952s] writing top-level names to ../../build/teleop_bot/teleop_bot.egg-info/top_level.txt
[0.989s] reading manifest file '../../build/teleop_bot/teleop_bot.egg-info/SOURCES.txt'
[0.989s] writing manifest file '../../build/teleop_bot/teleop_bot.egg-info/SOURCES.txt'
[0.989s] running build
[0.989s] running build_py
[0.990s] running install
[0.995s] running install_lib
[1.014s] running install_data
[1.014s] running install_egg_info
[1.033s] removing '/home/rohan/eysip_2024/teleop_ws/install/teleop_bot/lib/python3.12/site-packages/teleop_bot-0.0.0-py3.12.egg-info' (and everything under it)
[1.034s] Copying ../../build/teleop_bot/teleop_bot.egg-info to /home/rohan/eysip_2024/teleop_ws/install/teleop_bot/lib/python3.12/site-packages/teleop_bot-0.0.0-py3.12.egg-info
[1.034s] running install_scripts
[1.153s] Installing mros_test script to /home/rohan/eysip_2024/teleop_ws/install/teleop_bot/lib/teleop_bot
[1.153s] Installing pub script to /home/rohan/eysip_2024/teleop_ws/install/teleop_bot/lib/teleop_bot
[1.153s] Installing sub script to /home/rohan/eysip_2024/teleop_ws/install/teleop_bot/lib/teleop_bot
[1.154s] writing list of installed files to '/home/rohan/eysip_2024/teleop_ws/build/teleop_bot/install.log'
[1.173s] Invoked command in '/home/rohan/eysip_2024/teleop_ws/src/teleop_bot' returned '0': DEBUGINFOD_URLS=https://debuginfod.ubuntu.com PYTHONPATH=/home/rohan/eysip_2024/teleop_ws/build/teleop_bot/prefix_override:/home/rohan/eysip_2024/teleop_ws/install/teleop_bot/lib/python3.12/site-packages:${PYTHONPATH} /usr/bin/python3 -W ignore:setup.py install is deprecated setup.py egg_info --egg-base ../../build/teleop_bot build --build-base /home/rohan/eysip_2024/teleop_ws/build/teleop_bot/build install --record /home/rohan/eysip_2024/teleop_ws/build/teleop_bot/install.log --single-version-externally-managed install_data
