[1.245s] Invoking command in '/home/rohan/eysip_2024/dead_reckoning_ws/src/navigation': DEBUGINFOD_URLS=https://debuginfod.ubuntu.com PYTHONPATH=/home/rohan/eysip_2024/dead_reckoning_ws/build/navigation/prefix_override:/home/rohan/eysip_2024/dead_reckoning_ws/install/navigation/lib/python3.12/site-packages:${PYTHONPATH} /usr/bin/python3 -W ignore:setup.py install is deprecated setup.py egg_info --egg-base ../../build/navigation build --build-base /home/rohan/eysip_2024/dead_reckoning_ws/build/navigation/build install --record /home/rohan/eysip_2024/dead_reckoning_ws/build/navigation/install.log --single-version-externally-managed install_data
[1.494s] running egg_info
[1.537s] writing ../../build/navigation/navigation.egg-info/PKG-INFO
[1.538s] writing dependency_links to ../../build/navigation/navigation.egg-info/dependency_links.txt
[1.538s] writing entry points to ../../build/navigation/navigation.egg-info/entry_points.txt
[1.538s] writing requirements to ../../build/navigation/navigation.egg-info/requires.txt
[1.538s] writing top-level names to ../../build/navigation/navigation.egg-info/top_level.txt
[1.582s] reading manifest file '../../build/navigation/navigation.egg-info/SOURCES.txt'
[1.583s] writing manifest file '../../build/navigation/navigation.egg-info/SOURCES.txt'
[1.583s] running build
[1.583s] running build_py
[1.583s] copying navigation/GoalNode.py -> /home/rohan/eysip_2024/dead_reckoning_ws/build/navigation/build/lib/navigation
[1.583s] running install
[1.589s] running install_lib
[1.608s] copying /home/rohan/eysip_2024/dead_reckoning_ws/build/navigation/build/lib/navigation/GoalNode.py -> /home/rohan/eysip_2024/dead_reckoning_ws/install/navigation/lib/python3.12/site-packages/navigation
[1.609s] byte-compiling /home/rohan/eysip_2024/dead_reckoning_ws/install/navigation/lib/python3.12/site-packages/navigation/GoalNode.py to GoalNode.cpython-312.pyc
[1.610s] running install_data
[1.610s] running install_egg_info
[1.630s] removing '/home/rohan/eysip_2024/dead_reckoning_ws/install/navigation/lib/python3.12/site-packages/navigation-0.0.0-py3.12.egg-info' (and everything under it)
[1.630s] Copying ../../build/navigation/navigation.egg-info to /home/rohan/eysip_2024/dead_reckoning_ws/install/navigation/lib/python3.12/site-packages/navigation-0.0.0-py3.12.egg-info
[1.631s] running install_scripts
[1.758s] Installing goalNode script to /home/rohan/eysip_2024/dead_reckoning_ws/install/navigation/lib/navigation
[1.758s] Installing gotoGoal script to /home/rohan/eysip_2024/dead_reckoning_ws/install/navigation/lib/navigation
[1.759s] writing list of installed files to '/home/rohan/eysip_2024/dead_reckoning_ws/build/navigation/install.log'
[1.784s] Invoked command in '/home/rohan/eysip_2024/dead_reckoning_ws/src/navigation' returned '0': DEBUGINFOD_URLS=https://debuginfod.ubuntu.com PYTHONPATH=/home/rohan/eysip_2024/dead_reckoning_ws/build/navigation/prefix_override:/home/rohan/eysip_2024/dead_reckoning_ws/install/navigation/lib/python3.12/site-packages:${PYTHONPATH} /usr/bin/python3 -W ignore:setup.py install is deprecated setup.py egg_info --egg-base ../../build/navigation build --build-base /home/rohan/eysip_2024/dead_reckoning_ws/build/navigation/build install --record /home/rohan/eysip_2024/dead_reckoning_ws/build/navigation/install.log --single-version-externally-managed install_data
