[0.020s] Invoking command in '/home/rohan/eysip_2024/dead_reckoning_ws/build/custom_msgs': CMAKE_PREFIX_PATH=${CMAKE_PREFIX_PATH}:/home/rohan/eysip_2024/dead_reckoning_ws/install/navigation:/home/rohan/eysip_2024/dead_reckoning_ws/install/imu_pose_estimation:/opt/ros/jazzy DEBUGINFOD_URLS=https://debuginfod.ubuntu.com /usr/bin/cmake --build /home/rohan/eysip_2024/dead_reckoning_ws/build/custom_msgs -- -j12 -l12
[0.246s] [  2%] Built target custom_msgs__rosidl_generator_type_description
[0.246s] [  2%] Built target ament_cmake_python_copy_custom_msgs
[0.246s] [  5%] Built target custom_msgs__cpp
[0.246s] [ 20%] Built target custom_msgs__rosidl_generator_c
[0.246s] [ 29%] Built target custom_msgs__rosidl_typesupport_c
[0.247s] [ 38%] Built target custom_msgs__rosidl_typesupport_introspection_c
[0.247s] [ 47%] Built target custom_msgs__rosidl_typesupport_fastrtps_cpp
[0.247s] [ 55%] Built target custom_msgs__rosidl_typesupport_introspection_cpp
[0.247s] [ 64%] Built target custom_msgs__rosidl_typesupport_cpp
[0.247s] [ 73%] Built target custom_msgs__rosidl_typesupport_fastrtps_c
[0.247s] [ 73%] Built target custom_msgs
[0.247s] [ 76%] Built target custom_msgs__py
[0.248s] [ 82%] Built target custom_msgs__rosidl_generator_py
[0.248s] [100%] Built target custom_msgs_s__rosidl_typesupport_c
[0.248s] [100%] Built target custom_msgs_s__rosidl_typesupport_fastrtps_c
[0.248s] [100%] Built target custom_msgs_s__rosidl_typesupport_introspection_c
[0.304s] running egg_info
[0.324s] writing custom_msgs.egg-info/PKG-INFO
[0.324s] writing dependency_links to custom_msgs.egg-info/dependency_links.txt
[0.324s] writing top-level names to custom_msgs.egg-info/top_level.txt
[0.387s] reading manifest file 'custom_msgs.egg-info/SOURCES.txt'
[0.388s] writing manifest file 'custom_msgs.egg-info/SOURCES.txt'
[0.421s] [100%] Built target ament_cmake_python_build_custom_msgs_egg
[0.455s] Invoked command in '/home/rohan/eysip_2024/dead_reckoning_ws/build/custom_msgs' returned '0': CMAKE_PREFIX_PATH=${CMAKE_PREFIX_PATH}:/home/rohan/eysip_2024/dead_reckoning_ws/install/navigation:/home/rohan/eysip_2024/dead_reckoning_ws/install/imu_pose_estimation:/opt/ros/jazzy DEBUGINFOD_URLS=https://debuginfod.ubuntu.com /usr/bin/cmake --build /home/rohan/eysip_2024/dead_reckoning_ws/build/custom_msgs -- -j12 -l12
[0.549s] Invoking command in '/home/rohan/eysip_2024/dead_reckoning_ws/build/custom_msgs': CMAKE_PREFIX_PATH=${CMAKE_PREFIX_PATH}:/home/rohan/eysip_2024/dead_reckoning_ws/install/navigation:/home/rohan/eysip_2024/dead_reckoning_ws/install/imu_pose_estimation:/opt/ros/jazzy DEBUGINFOD_URLS=https://debuginfod.ubuntu.com /usr/bin/cmake --install /home/rohan/eysip_2024/dead_reckoning_ws/build/custom_msgs
[0.560s] -- Install configuration: ""
[0.560s] -- Up-to-date: /home/rohan/eysip_2024/dead_reckoning_ws/install/custom_msgs/share/ament_index/resource_index/rosidl_interfaces/custom_msgs
[0.560s] -- Up-to-date: /home/rohan/eysip_2024/dead_reckoning_ws/install/custom_msgs/share/custom_msgs/msg/Goal.json
[0.561s] -- Up-to-date: /home/rohan/eysip_2024/dead_reckoning_ws/install/custom_msgs/include/custom_msgs/custom_msgs
[0.561s] -- Up-to-date: /home/rohan/eysip_2024/dead_reckoning_ws/install/custom_msgs/include/custom_msgs/custom_msgs/msg
[0.561s] -- Up-to-date: /home/rohan/eysip_2024/dead_reckoning_ws/install/custom_msgs/include/custom_msgs/custom_msgs/msg/detail
[0.561s] -- Up-to-date: /home/rohan/eysip_2024/dead_reckoning_ws/install/custom_msgs/include/custom_msgs/custom_msgs/msg/detail/goal__description.c
[0.561s] -- Up-to-date: /home/rohan/eysip_2024/dead_reckoning_ws/install/custom_msgs/include/custom_msgs/custom_msgs/msg/detail/goal__functions.h
[0.562s] -- Up-to-date: /home/rohan/eysip_2024/dead_reckoning_ws/install/custom_msgs/include/custom_msgs/custom_msgs/msg/detail/goal__struct.h
[0.562s] -- Up-to-date: /home/rohan/eysip_2024/dead_reckoning_ws/install/custom_msgs/include/custom_msgs/custom_msgs/msg/detail/goal__functions.c
[0.562s] -- Up-to-date: /home/rohan/eysip_2024/dead_reckoning_ws/install/custom_msgs/include/custom_msgs/custom_msgs/msg/detail/goal__type_support.c
[0.563s] -- Up-to-date: /home/rohan/eysip_2024/dead_reckoning_ws/install/custom_msgs/include/custom_msgs/custom_msgs/msg/detail/goal__type_support.h
[0.563s] -- Up-to-date: /home/rohan/eysip_2024/dead_reckoning_ws/install/custom_msgs/include/custom_msgs/custom_msgs/msg/rosidl_generator_c__visibility_control.h
[0.563s] -- Up-to-date: /home/rohan/eysip_2024/dead_reckoning_ws/install/custom_msgs/include/custom_msgs/custom_msgs/msg/goal.h
[0.563s] -- Up-to-date: /home/rohan/eysip_2024/dead_reckoning_ws/install/custom_msgs/share/custom_msgs/environment/library_path.sh
[0.564s] -- Up-to-date: /home/rohan/eysip_2024/dead_reckoning_ws/install/custom_msgs/share/custom_msgs/environment/library_path.dsv
[0.564s] -- Up-to-date: /home/rohan/eysip_2024/dead_reckoning_ws/install/custom_msgs/lib/libcustom_msgs__rosidl_generator_c.so
[0.564s] -- Up-to-date: /home/rohan/eysip_2024/dead_reckoning_ws/install/custom_msgs/include/custom_msgs/custom_msgs
[0.564s] -- Up-to-date: /home/rohan/eysip_2024/dead_reckoning_ws/install/custom_msgs/include/custom_msgs/custom_msgs/msg
[0.564s] -- Up-to-date: /home/rohan/eysip_2024/dead_reckoning_ws/install/custom_msgs/include/custom_msgs/custom_msgs/msg/rosidl_typesupport_fastrtps_c__visibility_control.h
[0.565s] -- Up-to-date: /home/rohan/eysip_2024/dead_reckoning_ws/install/custom_msgs/include/custom_msgs/custom_msgs/msg/detail
[0.565s] -- Up-to-date: /home/rohan/eysip_2024/dead_reckoning_ws/install/custom_msgs/include/custom_msgs/custom_msgs/msg/detail/goal__rosidl_typesupport_fastrtps_c.h
[0.565s] -- Up-to-date: /home/rohan/eysip_2024/dead_reckoning_ws/install/custom_msgs/lib/libcustom_msgs__rosidl_typesupport_fastrtps_c.so
[0.565s] -- Up-to-date: /home/rohan/eysip_2024/dead_reckoning_ws/install/custom_msgs/include/custom_msgs/custom_msgs
[0.565s] -- Up-to-date: /home/rohan/eysip_2024/dead_reckoning_ws/install/custom_msgs/include/custom_msgs/custom_msgs/msg
[0.565s] -- Up-to-date: /home/rohan/eysip_2024/dead_reckoning_ws/install/custom_msgs/include/custom_msgs/custom_msgs/msg/rosidl_typesupport_introspection_c__visibility_control.h
[0.565s] -- Up-to-date: /home/rohan/eysip_2024/dead_reckoning_ws/install/custom_msgs/include/custom_msgs/custom_msgs/msg/detail
[0.565s] -- Up-to-date: /home/rohan/eysip_2024/dead_reckoning_ws/install/custom_msgs/include/custom_msgs/custom_msgs/msg/detail/goal__rosidl_typesupport_introspection_c.h
[0.566s] -- Up-to-date: /home/rohan/eysip_2024/dead_reckoning_ws/install/custom_msgs/include/custom_msgs/custom_msgs/msg/detail/goal__type_support.c
[0.566s] -- Up-to-date: /home/rohan/eysip_2024/dead_reckoning_ws/install/custom_msgs/lib/libcustom_msgs__rosidl_typesupport_introspection_c.so
[0.566s] -- Up-to-date: /home/rohan/eysip_2024/dead_reckoning_ws/install/custom_msgs/lib/libcustom_msgs__rosidl_typesupport_c.so
[0.566s] -- Up-to-date: /home/rohan/eysip_2024/dead_reckoning_ws/install/custom_msgs/include/custom_msgs/custom_msgs
[0.566s] -- Up-to-date: /home/rohan/eysip_2024/dead_reckoning_ws/install/custom_msgs/include/custom_msgs/custom_msgs/msg
[0.566s] -- Up-to-date: /home/rohan/eysip_2024/dead_reckoning_ws/install/custom_msgs/include/custom_msgs/custom_msgs/msg/goal.hpp
[0.566s] -- Up-to-date: /home/rohan/eysip_2024/dead_reckoning_ws/install/custom_msgs/include/custom_msgs/custom_msgs/msg/rosidl_generator_cpp__visibility_control.hpp
[0.567s] -- Up-to-date: /home/rohan/eysip_2024/dead_reckoning_ws/install/custom_msgs/include/custom_msgs/custom_msgs/msg/detail
[0.567s] -- Up-to-date: /home/rohan/eysip_2024/dead_reckoning_ws/install/custom_msgs/include/custom_msgs/custom_msgs/msg/detail/goal__struct.hpp
[0.567s] -- Up-to-date: /home/rohan/eysip_2024/dead_reckoning_ws/install/custom_msgs/include/custom_msgs/custom_msgs/msg/detail/goal__traits.hpp
[0.568s] -- Up-to-date: /home/rohan/eysip_2024/dead_reckoning_ws/install/custom_msgs/include/custom_msgs/custom_msgs/msg/detail/goal__type_support.hpp
[0.568s] -- Up-to-date: /home/rohan/eysip_2024/dead_reckoning_ws/install/custom_msgs/include/custom_msgs/custom_msgs/msg/detail/goal__builder.hpp
[0.568s] -- Up-to-date: /home/rohan/eysip_2024/dead_reckoning_ws/install/custom_msgs/include/custom_msgs/custom_msgs
[0.568s] -- Up-to-date: /home/rohan/eysip_2024/dead_reckoning_ws/install/custom_msgs/include/custom_msgs/custom_msgs/msg
[0.568s] -- Up-to-date: /home/rohan/eysip_2024/dead_reckoning_ws/install/custom_msgs/include/custom_msgs/custom_msgs/msg/detail
[0.568s] -- Up-to-date: /home/rohan/eysip_2024/dead_reckoning_ws/install/custom_msgs/include/custom_msgs/custom_msgs/msg/detail/dds_fastrtps
[0.568s] -- Up-to-date: /home/rohan/eysip_2024/dead_reckoning_ws/install/custom_msgs/include/custom_msgs/custom_msgs/msg/detail/goal__rosidl_typesupport_fastrtps_cpp.hpp
[0.569s] -- Up-to-date: /home/rohan/eysip_2024/dead_reckoning_ws/install/custom_msgs/include/custom_msgs/custom_msgs/msg/rosidl_typesupport_fastrtps_cpp__visibility_control.h
[0.569s] -- Up-to-date: /home/rohan/eysip_2024/dead_reckoning_ws/install/custom_msgs/lib/libcustom_msgs__rosidl_typesupport_fastrtps_cpp.so
[0.569s] -- Up-to-date: /home/rohan/eysip_2024/dead_reckoning_ws/install/custom_msgs/include/custom_msgs/custom_msgs
[0.569s] -- Up-to-date: /home/rohan/eysip_2024/dead_reckoning_ws/install/custom_msgs/include/custom_msgs/custom_msgs/msg
[0.569s] -- Up-to-date: /home/rohan/eysip_2024/dead_reckoning_ws/install/custom_msgs/include/custom_msgs/custom_msgs/msg/detail
[0.569s] -- Up-to-date: /home/rohan/eysip_2024/dead_reckoning_ws/install/custom_msgs/include/custom_msgs/custom_msgs/msg/detail/goal__rosidl_typesupport_introspection_cpp.hpp
[0.570s] -- Up-to-date: /home/rohan/eysip_2024/dead_reckoning_ws/install/custom_msgs/include/custom_msgs/custom_msgs/msg/detail/goal__type_support.cpp
[0.570s] -- Up-to-date: /home/rohan/eysip_2024/dead_reckoning_ws/install/custom_msgs/lib/libcustom_msgs__rosidl_typesupport_introspection_cpp.so
[0.570s] -- Up-to-date: /home/rohan/eysip_2024/dead_reckoning_ws/install/custom_msgs/lib/libcustom_msgs__rosidl_typesupport_cpp.so
[0.570s] -- Up-to-date: /home/rohan/eysip_2024/dead_reckoning_ws/install/custom_msgs/share/custom_msgs/environment/pythonpath.sh
[0.570s] -- Up-to-date: /home/rohan/eysip_2024/dead_reckoning_ws/install/custom_msgs/share/custom_msgs/environment/pythonpath.dsv
[0.570s] -- Up-to-date: /home/rohan/eysip_2024/dead_reckoning_ws/install/custom_msgs/lib/python3.12/site-packages/custom_msgs-0.0.0-py3.12.egg-info
[0.570s] -- Installing: /home/rohan/eysip_2024/dead_reckoning_ws/install/custom_msgs/lib/python3.12/site-packages/custom_msgs-0.0.0-py3.12.egg-info/top_level.txt
[0.571s] -- Installing: /home/rohan/eysip_2024/dead_reckoning_ws/install/custom_msgs/lib/python3.12/site-packages/custom_msgs-0.0.0-py3.12.egg-info/PKG-INFO
[0.571s] -- Installing: /home/rohan/eysip_2024/dead_reckoning_ws/install/custom_msgs/lib/python3.12/site-packages/custom_msgs-0.0.0-py3.12.egg-info/dependency_links.txt
[0.571s] -- Installing: /home/rohan/eysip_2024/dead_reckoning_ws/install/custom_msgs/lib/python3.12/site-packages/custom_msgs-0.0.0-py3.12.egg-info/SOURCES.txt
[0.571s] -- Up-to-date: /home/rohan/eysip_2024/dead_reckoning_ws/install/custom_msgs/lib/python3.12/site-packages/custom_msgs
[0.571s] -- Up-to-date: /home/rohan/eysip_2024/dead_reckoning_ws/install/custom_msgs/lib/python3.12/site-packages/custom_msgs/custom_msgs_s__rosidl_typesupport_introspection_c.so
[0.571s] -- Up-to-date: /home/rohan/eysip_2024/dead_reckoning_ws/install/custom_msgs/lib/python3.12/site-packages/custom_msgs/_custom_msgs_s.ep.rosidl_typesupport_introspection_c.c
[0.572s] -- Up-to-date: /home/rohan/eysip_2024/dead_reckoning_ws/install/custom_msgs/lib/python3.12/site-packages/custom_msgs/msg
[0.572s] -- Up-to-date: /home/rohan/eysip_2024/dead_reckoning_ws/install/custom_msgs/lib/python3.12/site-packages/custom_msgs/msg/_goal.py
[0.572s] -- Up-to-date: /home/rohan/eysip_2024/dead_reckoning_ws/install/custom_msgs/lib/python3.12/site-packages/custom_msgs/msg/_goal_s.c
[0.572s] -- Up-to-date: /home/rohan/eysip_2024/dead_reckoning_ws/install/custom_msgs/lib/python3.12/site-packages/custom_msgs/msg/__init__.py
[0.572s] -- Up-to-date: /home/rohan/eysip_2024/dead_reckoning_ws/install/custom_msgs/lib/python3.12/site-packages/custom_msgs/__init__.py
[0.572s] -- Up-to-date: /home/rohan/eysip_2024/dead_reckoning_ws/install/custom_msgs/lib/python3.12/site-packages/custom_msgs/custom_msgs_s__rosidl_typesupport_c.so
[0.573s] -- Up-to-date: /home/rohan/eysip_2024/dead_reckoning_ws/install/custom_msgs/lib/python3.12/site-packages/custom_msgs/_custom_msgs_s.ep.rosidl_typesupport_c.c
[0.573s] -- Up-to-date: /home/rohan/eysip_2024/dead_reckoning_ws/install/custom_msgs/lib/python3.12/site-packages/custom_msgs/custom_msgs_s__rosidl_typesupport_fastrtps_c.so
[0.573s] -- Up-to-date: /home/rohan/eysip_2024/dead_reckoning_ws/install/custom_msgs/lib/python3.12/site-packages/custom_msgs/_custom_msgs_s.ep.rosidl_typesupport_fastrtps_c.c
[0.614s] Listing '/home/rohan/eysip_2024/dead_reckoning_ws/install/custom_msgs/lib/python3.12/site-packages/custom_msgs'...
[0.614s] Listing '/home/rohan/eysip_2024/dead_reckoning_ws/install/custom_msgs/lib/python3.12/site-packages/custom_msgs/msg'...
[0.619s] -- Up-to-date: /home/rohan/eysip_2024/dead_reckoning_ws/install/custom_msgs/lib/python3.12/site-packages/custom_msgs/custom_msgs_s__rosidl_typesupport_fastrtps_c.so
[0.619s] -- Up-to-date: /home/rohan/eysip_2024/dead_reckoning_ws/install/custom_msgs/lib/python3.12/site-packages/custom_msgs/custom_msgs_s__rosidl_typesupport_introspection_c.so
[0.619s] -- Up-to-date: /home/rohan/eysip_2024/dead_reckoning_ws/install/custom_msgs/lib/python3.12/site-packages/custom_msgs/custom_msgs_s__rosidl_typesupport_c.so
[0.620s] -- Up-to-date: /home/rohan/eysip_2024/dead_reckoning_ws/install/custom_msgs/lib/libcustom_msgs__rosidl_generator_py.so
[0.620s] -- Up-to-date: /home/rohan/eysip_2024/dead_reckoning_ws/install/custom_msgs/share/custom_msgs/msg/Goal.idl
[0.620s] -- Up-to-date: /home/rohan/eysip_2024/dead_reckoning_ws/install/custom_msgs/share/custom_msgs/msg/Goal.msg
[0.620s] -- Up-to-date: /home/rohan/eysip_2024/dead_reckoning_ws/install/custom_msgs/share/ament_index/resource_index/package_run_dependencies/custom_msgs
[0.620s] -- Up-to-date: /home/rohan/eysip_2024/dead_reckoning_ws/install/custom_msgs/share/ament_index/resource_index/parent_prefix_path/custom_msgs
[0.620s] -- Up-to-date: /home/rohan/eysip_2024/dead_reckoning_ws/install/custom_msgs/share/custom_msgs/environment/ament_prefix_path.sh
[0.621s] -- Up-to-date: /home/rohan/eysip_2024/dead_reckoning_ws/install/custom_msgs/share/custom_msgs/environment/ament_prefix_path.dsv
[0.621s] -- Up-to-date: /home/rohan/eysip_2024/dead_reckoning_ws/install/custom_msgs/share/custom_msgs/environment/path.sh
[0.621s] -- Up-to-date: /home/rohan/eysip_2024/dead_reckoning_ws/install/custom_msgs/share/custom_msgs/environment/path.dsv
[0.621s] -- Up-to-date: /home/rohan/eysip_2024/dead_reckoning_ws/install/custom_msgs/share/custom_msgs/local_setup.bash
[0.621s] -- Up-to-date: /home/rohan/eysip_2024/dead_reckoning_ws/install/custom_msgs/share/custom_msgs/local_setup.sh
[0.621s] -- Up-to-date: /home/rohan/eysip_2024/dead_reckoning_ws/install/custom_msgs/share/custom_msgs/local_setup.zsh
[0.622s] -- Up-to-date: /home/rohan/eysip_2024/dead_reckoning_ws/install/custom_msgs/share/custom_msgs/local_setup.dsv
[0.622s] -- Installing: /home/rohan/eysip_2024/dead_reckoning_ws/install/custom_msgs/share/custom_msgs/package.dsv
[0.622s] -- Up-to-date: /home/rohan/eysip_2024/dead_reckoning_ws/install/custom_msgs/share/ament_index/resource_index/packages/custom_msgs
[0.622s] -- Up-to-date: /home/rohan/eysip_2024/dead_reckoning_ws/install/custom_msgs/share/custom_msgs/cmake/export_custom_msgs__rosidl_generator_cExport.cmake
[0.622s] -- Up-to-date: /home/rohan/eysip_2024/dead_reckoning_ws/install/custom_msgs/share/custom_msgs/cmake/export_custom_msgs__rosidl_generator_cExport-noconfig.cmake
[0.622s] -- Up-to-date: /home/rohan/eysip_2024/dead_reckoning_ws/install/custom_msgs/share/custom_msgs/cmake/export_custom_msgs__rosidl_typesupport_fastrtps_cExport.cmake
[0.623s] -- Up-to-date: /home/rohan/eysip_2024/dead_reckoning_ws/install/custom_msgs/share/custom_msgs/cmake/export_custom_msgs__rosidl_typesupport_fastrtps_cExport-noconfig.cmake
[0.623s] -- Up-to-date: /home/rohan/eysip_2024/dead_reckoning_ws/install/custom_msgs/share/custom_msgs/cmake/custom_msgs__rosidl_typesupport_introspection_cExport.cmake
[0.623s] -- Up-to-date: /home/rohan/eysip_2024/dead_reckoning_ws/install/custom_msgs/share/custom_msgs/cmake/custom_msgs__rosidl_typesupport_introspection_cExport-noconfig.cmake
[0.623s] -- Up-to-date: /home/rohan/eysip_2024/dead_reckoning_ws/install/custom_msgs/share/custom_msgs/cmake/custom_msgs__rosidl_typesupport_cExport.cmake
[0.623s] -- Up-to-date: /home/rohan/eysip_2024/dead_reckoning_ws/install/custom_msgs/share/custom_msgs/cmake/custom_msgs__rosidl_typesupport_cExport-noconfig.cmake
[0.623s] -- Up-to-date: /home/rohan/eysip_2024/dead_reckoning_ws/install/custom_msgs/share/custom_msgs/cmake/export_custom_msgs__rosidl_generator_cppExport.cmake
[0.623s] -- Up-to-date: /home/rohan/eysip_2024/dead_reckoning_ws/install/custom_msgs/share/custom_msgs/cmake/export_custom_msgs__rosidl_typesupport_fastrtps_cppExport.cmake
[0.624s] -- Up-to-date: /home/rohan/eysip_2024/dead_reckoning_ws/install/custom_msgs/share/custom_msgs/cmake/export_custom_msgs__rosidl_typesupport_fastrtps_cppExport-noconfig.cmake
[0.624s] -- Up-to-date: /home/rohan/eysip_2024/dead_reckoning_ws/install/custom_msgs/share/custom_msgs/cmake/custom_msgs__rosidl_typesupport_introspection_cppExport.cmake
[0.624s] -- Up-to-date: /home/rohan/eysip_2024/dead_reckoning_ws/install/custom_msgs/share/custom_msgs/cmake/custom_msgs__rosidl_typesupport_introspection_cppExport-noconfig.cmake
[0.625s] -- Up-to-date: /home/rohan/eysip_2024/dead_reckoning_ws/install/custom_msgs/share/custom_msgs/cmake/custom_msgs__rosidl_typesupport_cppExport.cmake
[0.625s] -- Up-to-date: /home/rohan/eysip_2024/dead_reckoning_ws/install/custom_msgs/share/custom_msgs/cmake/custom_msgs__rosidl_typesupport_cppExport-noconfig.cmake
[0.625s] -- Up-to-date: /home/rohan/eysip_2024/dead_reckoning_ws/install/custom_msgs/share/custom_msgs/cmake/export_custom_msgs__rosidl_generator_pyExport.cmake
[0.625s] -- Up-to-date: /home/rohan/eysip_2024/dead_reckoning_ws/install/custom_msgs/share/custom_msgs/cmake/export_custom_msgs__rosidl_generator_pyExport-noconfig.cmake
[0.626s] -- Up-to-date: /home/rohan/eysip_2024/dead_reckoning_ws/install/custom_msgs/share/custom_msgs/cmake/rosidl_cmake-extras.cmake
[0.626s] -- Up-to-date: /home/rohan/eysip_2024/dead_reckoning_ws/install/custom_msgs/share/custom_msgs/cmake/ament_cmake_export_include_directories-extras.cmake
[0.626s] -- Up-to-date: /home/rohan/eysip_2024/dead_reckoning_ws/install/custom_msgs/share/custom_msgs/cmake/ament_cmake_export_libraries-extras.cmake
[0.626s] -- Up-to-date: /home/rohan/eysip_2024/dead_reckoning_ws/install/custom_msgs/share/custom_msgs/cmake/ament_cmake_export_targets-extras.cmake
[0.627s] -- Up-to-date: /home/rohan/eysip_2024/dead_reckoning_ws/install/custom_msgs/share/custom_msgs/cmake/rosidl_cmake_export_typesupport_targets-extras.cmake
[0.627s] -- Up-to-date: /home/rohan/eysip_2024/dead_reckoning_ws/install/custom_msgs/share/custom_msgs/cmake/ament_cmake_export_dependencies-extras.cmake
[0.627s] -- Up-to-date: /home/rohan/eysip_2024/dead_reckoning_ws/install/custom_msgs/share/custom_msgs/cmake/rosidl_cmake_export_typesupport_libraries-extras.cmake
[0.627s] -- Up-to-date: /home/rohan/eysip_2024/dead_reckoning_ws/install/custom_msgs/share/custom_msgs/cmake/custom_msgsConfig.cmake
[0.627s] -- Up-to-date: /home/rohan/eysip_2024/dead_reckoning_ws/install/custom_msgs/share/custom_msgs/cmake/custom_msgsConfig-version.cmake
[0.628s] -- Up-to-date: /home/rohan/eysip_2024/dead_reckoning_ws/install/custom_msgs/share/custom_msgs/package.xml
[0.628s] Invoked command in '/home/rohan/eysip_2024/dead_reckoning_ws/build/custom_msgs' returned '0': CMAKE_PREFIX_PATH=${CMAKE_PREFIX_PATH}:/home/rohan/eysip_2024/dead_reckoning_ws/install/navigation:/home/rohan/eysip_2024/dead_reckoning_ws/install/imu_pose_estimation:/opt/ros/jazzy DEBUGINFOD_URLS=https://debuginfod.ubuntu.com /usr/bin/cmake --install /home/rohan/eysip_2024/dead_reckoning_ws/build/custom_msgs
