running egg_info
creating ../../build/teleop_bot/teleop_bot.egg-info
writing ../../build/teleop_bot/teleop_bot.egg-info/PKG-INFO
writing dependency_links to ../../build/teleop_bot/teleop_bot.egg-info/dependency_links.txt
writing entry points to ../../build/teleop_bot/teleop_bot.egg-info/entry_points.txt
writing requirements to ../../build/teleop_bot/teleop_bot.egg-info/requires.txt
writing top-level names to ../../build/teleop_bot/teleop_bot.egg-info/top_level.txt
writing manifest file '../../build/teleop_bot/teleop_bot.egg-info/SOURCES.txt'
reading manifest file '../../build/teleop_bot/teleop_bot.egg-info/SOURCES.txt'
writing manifest file '../../build/teleop_bot/teleop_bot.egg-info/SOURCES.txt'
running build
running build_py
creating /home/rohan/eysip_2024/teleop_ws/build/teleop_bot/build
creating /home/rohan/eysip_2024/teleop_ws/build/teleop_bot/build/lib
creating /home/rohan/eysip_2024/teleop_ws/build/teleop_bot/build/lib/teleop_bot
copying teleop_bot/publisher.py -> /home/rohan/eysip_2024/teleop_ws/build/teleop_bot/build/lib/teleop_bot
copying teleop_bot/sub.py -> /home/rohan/eysip_2024/teleop_ws/build/teleop_bot/build/lib/teleop_bot
copying teleop_bot/pub.py -> /home/rohan/eysip_2024/teleop_ws/build/teleop_bot/build/lib/teleop_bot
copying teleop_bot/__init__.py -> /home/rohan/eysip_2024/teleop_ws/build/teleop_bot/build/lib/teleop_bot
running install
running install_lib
creating /home/rohan/eysip_2024/teleop_ws/install/teleop_bot/lib/python3.12/site-packages/teleop_bot
copying /home/rohan/eysip_2024/teleop_ws/build/teleop_bot/build/lib/teleop_bot/publisher.py -> /home/rohan/eysip_2024/teleop_ws/install/teleop_bot/lib/python3.12/site-packages/teleop_bot
copying /home/rohan/eysip_2024/teleop_ws/build/teleop_bot/build/lib/teleop_bot/sub.py -> /home/rohan/eysip_2024/teleop_ws/install/teleop_bot/lib/python3.12/site-packages/teleop_bot
copying /home/rohan/eysip_2024/teleop_ws/build/teleop_bot/build/lib/teleop_bot/pub.py -> /home/rohan/eysip_2024/teleop_ws/install/teleop_bot/lib/python3.12/site-packages/teleop_bot
copying /home/rohan/eysip_2024/teleop_ws/build/teleop_bot/build/lib/teleop_bot/__init__.py -> /home/rohan/eysip_2024/teleop_ws/install/teleop_bot/lib/python3.12/site-packages/teleop_bot
byte-compiling /home/rohan/eysip_2024/teleop_ws/install/teleop_bot/lib/python3.12/site-packages/teleop_bot/publisher.py to publisher.cpython-312.pyc
byte-compiling /home/rohan/eysip_2024/teleop_ws/install/teleop_bot/lib/python3.12/site-packages/teleop_bot/sub.py to sub.cpython-312.pyc
byte-compiling /home/rohan/eysip_2024/teleop_ws/install/teleop_bot/lib/python3.12/site-packages/teleop_bot/pub.py to pub.cpython-312.pyc
byte-compiling /home/rohan/eysip_2024/teleop_ws/install/teleop_bot/lib/python3.12/site-packages/teleop_bot/__init__.py to __init__.cpython-312.pyc
running install_data
creating /home/rohan/eysip_2024/teleop_ws/install/teleop_bot/share/ament_index
creating /home/rohan/eysip_2024/teleop_ws/install/teleop_bot/share/ament_index/resource_index
creating /home/rohan/eysip_2024/teleop_ws/install/teleop_bot/share/ament_index/resource_index/packages
copying resource/teleop_bot -> /home/rohan/eysip_2024/teleop_ws/install/teleop_bot/share/ament_index/resource_index/packages
copying package.xml -> /home/rohan/eysip_2024/teleop_ws/install/teleop_bot/share/teleop_bot
running install_egg_info
Copying ../../build/teleop_bot/teleop_bot.egg-info to /home/rohan/eysip_2024/teleop_ws/install/teleop_bot/lib/python3.12/site-packages/teleop_bot-0.0.0-py3.12.egg-info
running install_scripts
Installing mros_test script to /home/rohan/eysip_2024/teleop_ws/install/teleop_bot/lib/teleop_bot
Installing pub script to /home/rohan/eysip_2024/teleop_ws/install/teleop_bot/lib/teleop_bot
Installing sub script to /home/rohan/eysip_2024/teleop_ws/install/teleop_bot/lib/teleop_bot
writing list of installed files to '/home/rohan/eysip_2024/teleop_ws/build/teleop_bot/install.log'
