[0.888s] Invoking command in '/home/rohan/eysip_2024/teleop_ws/src/teleop_bot': DEBUGINFOD_URLS=https://debuginfod.ubuntu.com PYTHONPATH=/home/rohan/eysip_2024/teleop_ws/build/teleop_bot/prefix_override:/home/rohan/eysip_2024/teleop_ws/install/teleop_bot/lib/python3.12/site-packages:${PYTHONPATH} /usr/bin/python3 -W ignore:setup.py install is deprecated setup.py egg_info --egg-base ../../build/teleop_bot build --build-base /home/rohan/eysip_2024/teleop_ws/build/teleop_bot/build install --record /home/rohan/eysip_2024/teleop_ws/build/teleop_bot/install.log --single-version-externally-managed install_data
[1.129s] running egg_info
[1.129s] creating ../../build/teleop_bot/teleop_bot.egg-info
[1.146s] writing ../../build/teleop_bot/teleop_bot.egg-info/PKG-INFO
[1.146s] writing dependency_links to ../../build/teleop_bot/teleop_bot.egg-info/dependency_links.txt
[1.147s] writing entry points to ../../build/teleop_bot/teleop_bot.egg-info/entry_points.txt
[1.147s] writing requirements to ../../build/teleop_bot/teleop_bot.egg-info/requires.txt
[1.147s] writing top-level names to ../../build/teleop_bot/teleop_bot.egg-info/top_level.txt
[1.147s] writing manifest file '../../build/teleop_bot/teleop_bot.egg-info/SOURCES.txt'
[1.183s] reading manifest file '../../build/teleop_bot/teleop_bot.egg-info/SOURCES.txt'
[1.184s] writing manifest file '../../build/teleop_bot/teleop_bot.egg-info/SOURCES.txt'
[1.184s] running build
[1.184s] running build_py
[1.184s] creating /home/rohan/eysip_2024/teleop_ws/build/teleop_bot/build
[1.184s] creating /home/rohan/eysip_2024/teleop_ws/build/teleop_bot/build/lib
[1.185s] creating /home/rohan/eysip_2024/teleop_ws/build/teleop_bot/build/lib/teleop_bot
[1.185s] copying teleop_bot/publisher.py -> /home/rohan/eysip_2024/teleop_ws/build/teleop_bot/build/lib/teleop_bot
[1.185s] copying teleop_bot/sub.py -> /home/rohan/eysip_2024/teleop_ws/build/teleop_bot/build/lib/teleop_bot
[1.185s] copying teleop_bot/pub.py -> /home/rohan/eysip_2024/teleop_ws/build/teleop_bot/build/lib/teleop_bot
[1.185s] copying teleop_bot/__init__.py -> /home/rohan/eysip_2024/teleop_ws/build/teleop_bot/build/lib/teleop_bot
[1.185s] running install
[1.190s] running install_lib
[1.212s] creating /home/rohan/eysip_2024/teleop_ws/install/teleop_bot/lib/python3.12/site-packages/teleop_bot
[1.212s] copying /home/rohan/eysip_2024/teleop_ws/build/teleop_bot/build/lib/teleop_bot/publisher.py -> /home/rohan/eysip_2024/teleop_ws/install/teleop_bot/lib/python3.12/site-packages/teleop_bot
[1.213s] copying /home/rohan/eysip_2024/teleop_ws/build/teleop_bot/build/lib/teleop_bot/sub.py -> /home/rohan/eysip_2024/teleop_ws/install/teleop_bot/lib/python3.12/site-packages/teleop_bot
[1.213s] copying /home/rohan/eysip_2024/teleop_ws/build/teleop_bot/build/lib/teleop_bot/pub.py -> /home/rohan/eysip_2024/teleop_ws/install/teleop_bot/lib/python3.12/site-packages/teleop_bot
[1.213s] copying /home/rohan/eysip_2024/teleop_ws/build/teleop_bot/build/lib/teleop_bot/__init__.py -> /home/rohan/eysip_2024/teleop_ws/install/teleop_bot/lib/python3.12/site-packages/teleop_bot
[1.213s] byte-compiling /home/rohan/eysip_2024/teleop_ws/install/teleop_bot/lib/python3.12/site-packages/teleop_bot/publisher.py to publisher.cpython-312.pyc
[1.214s] byte-compiling /home/rohan/eysip_2024/teleop_ws/install/teleop_bot/lib/python3.12/site-packages/teleop_bot/sub.py to sub.cpython-312.pyc
[1.214s] byte-compiling /home/rohan/eysip_2024/teleop_ws/install/teleop_bot/lib/python3.12/site-packages/teleop_bot/pub.py to pub.cpython-312.pyc
[1.215s] byte-compiling /home/rohan/eysip_2024/teleop_ws/install/teleop_bot/lib/python3.12/site-packages/teleop_bot/__init__.py to __init__.cpython-312.pyc
[1.215s] running install_data
[1.215s] creating /home/rohan/eysip_2024/teleop_ws/install/teleop_bot/share/ament_index
[1.216s] creating /home/rohan/eysip_2024/teleop_ws/install/teleop_bot/share/ament_index/resource_index
[1.216s] creating /home/rohan/eysip_2024/teleop_ws/install/teleop_bot/share/ament_index/resource_index/packages
[1.216s] copying resource/teleop_bot -> /home/rohan/eysip_2024/teleop_ws/install/teleop_bot/share/ament_index/resource_index/packages
[1.216s] copying package.xml -> /home/rohan/eysip_2024/teleop_ws/install/teleop_bot/share/teleop_bot
[1.216s] running install_egg_info
[1.236s] Copying ../../build/teleop_bot/teleop_bot.egg-info to /home/rohan/eysip_2024/teleop_ws/install/teleop_bot/lib/python3.12/site-packages/teleop_bot-0.0.0-py3.12.egg-info
[1.237s] running install_scripts
[1.358s] Installing mros_test script to /home/rohan/eysip_2024/teleop_ws/install/teleop_bot/lib/teleop_bot
[1.359s] Installing pub script to /home/rohan/eysip_2024/teleop_ws/install/teleop_bot/lib/teleop_bot
[1.359s] Installing sub script to /home/rohan/eysip_2024/teleop_ws/install/teleop_bot/lib/teleop_bot
[1.359s] writing list of installed files to '/home/rohan/eysip_2024/teleop_ws/build/teleop_bot/install.log'
[1.379s] Invoked command in '/home/rohan/eysip_2024/teleop_ws/src/teleop_bot' returned '0': DEBUGINFOD_URLS=https://debuginfod.ubuntu.com PYTHONPATH=/home/rohan/eysip_2024/teleop_ws/build/teleop_bot/prefix_override:/home/rohan/eysip_2024/teleop_ws/install/teleop_bot/lib/python3.12/site-packages:${PYTHONPATH} /usr/bin/python3 -W ignore:setup.py install is deprecated setup.py egg_info --egg-base ../../build/teleop_bot build --build-base /home/rohan/eysip_2024/teleop_ws/build/teleop_bot/build install --record /home/rohan/eysip_2024/teleop_ws/build/teleop_bot/install.log --single-version-externally-managed install_data
